ServerLog: Start: OpenDAS Server starts with configuration file: config/das_server.conf
MessageController: Sujet = getWsConfig_workstationID
MessageController: Message recu : ServerRequest [attachement=1, fromUrl=DAS_CLIENT, sendUrl=DAS_SERVER, title=getWsConfig_workstationID, sendedDate=Fri Oct 11 17:15:27 CEST 2013, previousRequest=null]
MessageController: config : WsConfig [configMaterial=[DASConfigMaterial [code=rj2bis, name=Simu4Bis, port=tcp://172.26.44.118:5431, workstation=DASWorkstation [code = 1, name = das test 1, force_pdf = false, config_ids = {IndirectList: not instantiated}], material=DASModelMaterial [, code=4, name=Balance1, modelMaterial=DASModelMaterial [, typeMaterial=DASTypeMaterial [id=33, name=Balances]]], configTypeMaterial=DASConfigTypeMaterial [code=6, name=6, issimple=false, iscumulative=false, speed=null, parity=null, stop_bit=null, databit=null, dialog=[]]], DASConfigMaterial [code=PKB, name=Keyboard1, port=null, workstation=DASWorkstation [code = 1, name = das test 1, force_pdf = false, config_ids = {IndirectList: not instantiated}], material=DASModelMaterial [, code=Keyboard1, name=Keyboard1, modelMaterial=DASModelMaterial [, typeMaterial=DASTypeMaterial [id=49, name=Physical keyboard]]], configTypeMaterial=DASConfigTypeMaterial [code=7, name=7, issimple=true, iscumulative=true, speed=16, parity=0, stop_bit=1, databit=8, dialog=[]]], DASConfigMaterial [code=das6, name=2, port=/dev/ttyUSB0, workstation=DASWorkstation [code = 1, name = das test 1, force_pdf = false, config_ids = {IndirectList: not instantiated}], material=DASModelMaterial [, code=4, name=Balance1, modelMaterial=DASModelMaterial [, typeMaterial=DASTypeMaterial [id=33, name=Balances]]], configTypeMaterial=DASConfigTypeMaterial [code=comr, name=SimucomR, issimple=false, iscumulative=false, speed=9600, parity=0, stop_bit=1, databit=8, dialog=[]]], DASConfigMaterial [code=ScannerDC, name=ScannerDC, port=/dev/ttyUSB0, workstation=DASWorkstation [code = 1, name = das test 1, force_pdf = false, config_ids = {IndirectList: not instantiated}], material=DASModelMaterial [, code=ScannerDC, name=ScannerDC, modelMaterial=DASModelMaterial [, typeMaterial=DASTypeMaterial [id=34, name=Lecteurs id-barres]]], configTypeMaterial=DASConfigTypeMaterial [code=1usb, name=1usb, issimple=false, iscumulative=false, speed=9600, parity=0, stop_bit=1, databit=8, dialog=[]]], DASConfigMaterial [code=das2, name=das2, port=5474, workstation=DASWorkstation [code = 1, name = das test 1, force_pdf = false, config_ids = {IndirectList: not instantiated}], material=DASModelMaterial [, code=3, name=Scanner3, modelMaterial=DASModelMaterial [, typeMaterial=DASTypeMaterial [id=34, name=Lecteurs id-barres]]], configTypeMaterial=DASConfigTypeMaterial [code=2, name=2, issimple=false, iscumulative=false, speed=0, parity=0, stop_bit=0, databit=0, dialog=[]]], DASConfigMaterial [code=rj2, name=Simu2, port=tcp://172.26.44.119:5431, workstation=DASWorkstation [code = 1, name = das test 1, force_pdf = false, config_ids = {IndirectList: not instantiated}], material=DASModelMaterial [, code=4, name=Balance1, modelMaterial=DASModelMaterial [, typeMaterial=DASTypeMaterial [id=33, name=Balances]]], configTypeMaterial=DASConfigTypeMaterial [code=2, name=2, issimple=false, iscumulative=false, speed=0, parity=0, stop_bit=0, databit=0, dialog=[]]], DASConfigMaterial [code=rj1, name=Simu01, port=5430, workstation=DASWorkstation [code = 1, name = das test 1, force_pdf = false, config_ids = {IndirectList: not instantiated}], material=DASModelMaterial [, code=4, name=Balance1, modelMaterial=DASModelMaterial [, typeMaterial=DASTypeMaterial [id=33, name=Balances]]], configTypeMaterial=DASConfigTypeMaterial [code=1, name=0, issimple=true, iscumulative=false, speed=0, parity=0, stop_bit=0, databit=0, dialog=[DASDialog [name =D1,header_code=null, sendReceiveData=I2_A_IND690-Count IZ05 (\d*) Kg, priority=1, waitingSecond=0, send=0, startCharPosition=null, stopCharPosition=null]]]], DASConfigMaterial [code=rj3, name=Simu3, port=tcp://172.26.44.118:5433, workstation=DASWorkstation [code = 1, name = das test 1, force_pdf = false, config_ids = {IndirectList: not instantiated}], material=DASModelMaterial [, code=4, name=Balance1, modelMaterial=DASModelMaterial [, typeMaterial=DASTypeMaterial [id=33, name=Balances]]], configTypeMaterial=DASConfigTypeMaterial [code=5, name=5, issimple=false, iscumulative=false, speed=9600, parity=0, stop_bit=1, databit=8, dialog=[]]], DASConfigMaterial [code=rj4, name=Simu4, port=tcp://172.26.44.118:5434, workstation=DASWorkstation [code = 1, name = das test 1, force_pdf = false, config_ids = {IndirectList: not instantiated}], material=DASModelMaterial [, code=4, name=Balance1, modelMaterial=DASModelMaterial [, typeMaterial=DASTypeMaterial [id=33, name=Balances]]], configTypeMaterial=DASConfigTypeMaterial [code=5, name=5, issimple=false, iscumulative=false, speed=9600, parity=0, stop_bit=1, databit=8, dialog=[]]]]]
MessageController: Sujet = getWorkstationWithId
MessageController: Message recu : ServerRequest [attachement=1, fromUrl=DAS_CLIENT, sendUrl=DAS_SERVER, title=getWorkstationWithId, sendedDate=Fri Oct 11 17:15:28 CEST 2013, previousRequest=null]
MessageController: Sujet = getFctConfigsWithWsId
MessageController: Message recu : ServerRequest [attachement=1, fromUrl=DAS_CLIENT, sendUrl=DAS_SERVER, title=getFctConfigsWithWsId, sendedDate=Fri Oct 11 17:15:28 CEST 2013, previousRequest=null]
MessageController: Sujet = getGraphConfigsWithWsId
MessageController: Message recu : ServerRequest [attachement=1, fromUrl=DAS_CLIENT, sendUrl=DAS_SERVER, title=getGraphConfigsWithWsId, sendedDate=Fri Oct 11 17:15:28 CEST 2013, previousRequest=null]
MessageController: Sujet = getGraphConfigsWithWsId
MessageController: Message recu : ServerRequest [attachement=1, fromUrl=DAS_CLIENT, sendUrl=DAS_SERVER, title=getGraphConfigsWithWsId, sendedDate=Fri Oct 11 17:15:28 CEST 2013, previousRequest=null]
MessageController: Sujet = getListTemplateReport
MessageController: Message recu : ServerRequest [attachement=null, fromUrl=DAS_CLIENT, sendUrl=DAS_SERVER, title=getListTemplateReport, sendedDate=Fri Oct 11 17:15:29 CEST 2013, previousRequest=null]
MessageController: Sujet = getListTemplateSupervision
MessageController: Message recu : ServerRequest [attachement=null, fromUrl=DAS_CLIENT, sendUrl=DAS_SERVER, title=getListTemplateSupervision, sendedDate=Fri Oct 11 17:15:29 CEST 2013, previousRequest=null]
MessageController: Sujet = getListEan128
MessageController: Message recu : ServerRequest [attachement=null, fromUrl=DAS_CLIENT, sendUrl=DAS_SERVER, title=getListEan128, sendedDate=Fri Oct 11 17:15:29 CEST 2013, previousRequest=null]
MessageController: Sujet = getFctConfigsWithWsId
MessageController: Message recu : ServerRequest [attachement=1, fromUrl=DAS_CLIENT, sendUrl=DAS_SERVER, title=getFctConfigsWithWsId, sendedDate=Fri Oct 11 17:15:30 CEST 2013, previousRequest=null]
MessageController: Sujet = getDataModelWithId
MessageController: Message recu : ServerRequest [attachement=persoin, fromUrl=DAS_CLIENT, sendUrl=DAS_SERVER, title=getDataModelWithId, sendedDate=Fri Oct 11 17:15:51 CEST 2013, previousRequest=null]
MessageController: Sujet = getDataModelWithId
MessageController: Message recu : ServerRequest [attachement=groups, fromUrl=DAS_CLIENT, sendUrl=DAS_SERVER, title=getDataModelWithId, sendedDate=Fri Oct 11 17:16:45 CEST 2013, previousRequest=null]
MessageController: Sujet = getListTemplateReport
MessageController: Message recu : ServerRequest [attachement=null, fromUrl=DAS_CLIENT, sendUrl=DAS_SERVER, title=getListTemplateReport, sendedDate=Fri Oct 11 17:16:45 CEST 2013, previousRequest=null]
MessageController: Sujet = getListTemplateSupervision
MessageController: Message recu : ServerRequest [attachement=null, fromUrl=DAS_CLIENT, sendUrl=DAS_SERVER, title=getListTemplateSupervision, sendedDate=Fri Oct 11 17:16:45 CEST 2013, previousRequest=null]
MessageController: Sujet = getListEan128
MessageController: Message recu : ServerRequest [attachement=null, fromUrl=DAS_CLIENT, sendUrl=DAS_SERVER, title=getListEan128, sendedDate=Fri Oct 11 17:16:45 CEST 2013, previousRequest=null]
MessageController: Sujet = getFctConfigsWithWsId
MessageController: Message recu : ServerRequest [attachement=1, fromUrl=DAS_CLIENT, sendUrl=DAS_SERVER, title=getFctConfigsWithWsId, sendedDate=Fri Oct 11 17:16:45 CEST 2013, previousRequest=null]
MessageController: Sujet = getListTemplateReport
MessageController: Message recu : ServerRequest [attachement=null, fromUrl=DAS_CLIENT, sendUrl=DAS_SERVER, title=getListTemplateReport, sendedDate=Fri Oct 11 17:16:46 CEST 2013, previousRequest=null]
MessageController: Sujet = getListTemplateSupervision
MessageController: Message recu : ServerRequest [attachement=null, fromUrl=DAS_CLIENT, sendUrl=DAS_SERVER, title=getListTemplateSupervision, sendedDate=Fri Oct 11 17:16:46 CEST 2013, previousRequest=null]
MessageController: Sujet = getListEan128
MessageController: Message recu : ServerRequest [attachement=null, fromUrl=DAS_CLIENT, sendUrl=DAS_SERVER, title=getListEan128, sendedDate=Fri Oct 11 17:16:46 CEST 2013, previousRequest=null]
MessageController: Sujet = getFctConfigsWithWsId
MessageController: Message recu : ServerRequest [attachement=1, fromUrl=DAS_CLIENT, sendUrl=DAS_SERVER, title=getFctConfigsWithWsId, sendedDate=Fri Oct 11 17:16:46 CEST 2013, previousRequest=null]
MessageController: Sujet = getWsConfig_workstationID
MessageController: Message recu : ServerRequest [attachement=1, fromUrl=DAS_CLIENT, sendUrl=DAS_SERVER, title=getWsConfig_workstationID, sendedDate=Fri Oct 11 17:18:31 CEST 2013, previousRequest=null]
MessageController: config : WsConfig [configMaterial=[DASConfigMaterial [code=rj2bis, name=Simu4Bis, port=tcp://172.26.44.118:5431, workstation=DASWorkstation [code = 1, name = das test 1, force_pdf = false, config_ids = {IndirectList: not instantiated}], material=DASModelMaterial [, code=4, name=Balance1, modelMaterial=DASModelMaterial [, typeMaterial=DASTypeMaterial [id=33, name=Balances]]], configTypeMaterial=DASConfigTypeMaterial [code=6, name=6, issimple=false, iscumulative=false, speed=null, parity=null, stop_bit=null, databit=null, dialog=[]]], DASConfigMaterial [code=PKB, name=Keyboard1, port=null, workstation=DASWorkstation [code = 1, name = das test 1, force_pdf = false, config_ids = {IndirectList: not instantiated}], material=DASModelMaterial [, code=Keyboard1, name=Keyboard1, modelMaterial=DASModelMaterial [, typeMaterial=DASTypeMaterial [id=49, name=Physical keyboard]]], configTypeMaterial=DASConfigTypeMaterial [code=7, name=7, issimple=true, iscumulative=true, speed=16, parity=0, stop_bit=1, databit=8, dialog=[]]], DASConfigMaterial [code=das6, name=2, port=/dev/ttyUSB0, workstation=DASWorkstation [code = 1, name = das test 1, force_pdf = false, config_ids = {IndirectList: not instantiated}], material=DASModelMaterial [, code=4, name=Balance1, modelMaterial=DASModelMaterial [, typeMaterial=DASTypeMaterial [id=33, name=Balances]]], configTypeMaterial=DASConfigTypeMaterial [code=comr, name=SimucomR, issimple=false, iscumulative=false, speed=9600, parity=0, stop_bit=1, databit=8, dialog=[]]], DASConfigMaterial [code=ScannerDC, name=ScannerDC, port=/dev/ttyUSB0, workstation=DASWorkstation [code = 1, name = das test 1, force_pdf = false, config_ids = {IndirectList: not instantiated}], material=DASModelMaterial [, code=ScannerDC, name=ScannerDC, modelMaterial=DASModelMaterial [, typeMaterial=DASTypeMaterial [id=34, name=Lecteurs id-barres]]], configTypeMaterial=DASConfigTypeMaterial [code=1usb, name=1usb, issimple=false, iscumulative=false, speed=9600, parity=0, stop_bit=1, databit=8, dialog=[]]], DASConfigMaterial [code=das2, name=das2, port=5474, workstation=DASWorkstation [code = 1, name = das test 1, force_pdf = false, config_ids = {IndirectList: not instantiated}], material=DASModelMaterial [, code=3, name=Scanner3, modelMaterial=DASModelMaterial [, typeMaterial=DASTypeMaterial [id=34, name=Lecteurs id-barres]]], configTypeMaterial=DASConfigTypeMaterial [code=2, name=2, issimple=false, iscumulative=false, speed=0, parity=0, stop_bit=0, databit=0, dialog=[]]], DASConfigMaterial [code=rj2, name=Simu2, port=tcp://172.26.44.119:5431, workstation=DASWorkstation [code = 1, name = das test 1, force_pdf = false, config_ids = {IndirectList: not instantiated}], material=DASModelMaterial [, code=4, name=Balance1, modelMaterial=DASModelMaterial [, typeMaterial=DASTypeMaterial [id=33, name=Balances]]], configTypeMaterial=DASConfigTypeMaterial [code=2, name=2, issimple=false, iscumulative=false, speed=0, parity=0, stop_bit=0, databit=0, dialog=[]]], DASConfigMaterial [code=rj1, name=Simu01, port=5430, workstation=DASWorkstation [code = 1, name = das test 1, force_pdf = false, config_ids = {IndirectList: not instantiated}], material=DASModelMaterial [, code=4, name=Balance1, modelMaterial=DASModelMaterial [, typeMaterial=DASTypeMaterial [id=33, name=Balances]]], configTypeMaterial=DASConfigTypeMaterial [code=1, name=0, issimple=true, iscumulative=false, speed=0, parity=0, stop_bit=0, databit=0, dialog=[DASDialog [name =D1,header_code=null, sendReceiveData=I2_A_IND690-Count IZ05 (\d*) Kg, priority=1, waitingSecond=0, send=0, startCharPosition=null, stopCharPosition=null]]]], DASConfigMaterial [code=rj3, name=Simu3, port=tcp://172.26.44.118:5433, workstation=DASWorkstation [code = 1, name = das test 1, force_pdf = false, config_ids = {IndirectList: not instantiated}], material=DASModelMaterial [, code=4, name=Balance1, modelMaterial=DASModelMaterial [, typeMaterial=DASTypeMaterial [id=33, name=Balances]]], configTypeMaterial=DASConfigTypeMaterial [code=5, name=5, issimple=false, iscumulative=false, speed=9600, parity=0, stop_bit=1, databit=8, dialog=[]]], DASConfigMaterial [code=rj4, name=Simu4, port=tcp://172.26.44.118:5434, workstation=DASWorkstation [code = 1, name = das test 1, force_pdf = false, config_ids = {IndirectList: not instantiated}], material=DASModelMaterial [, code=4, name=Balance1, modelMaterial=DASModelMaterial [, typeMaterial=DASTypeMaterial [id=33, name=Balances]]], configTypeMaterial=DASConfigTypeMaterial [code=5, name=5, issimple=false, iscumulative=false, speed=9600, parity=0, stop_bit=1, databit=8, dialog=[]]]]]
MessageController: Sujet = getWorkstationWithId
MessageController: Message recu : ServerRequest [attachement=1, fromUrl=DAS_CLIENT, sendUrl=DAS_SERVER, title=getWorkstationWithId, sendedDate=Fri Oct 11 17:18:31 CEST 2013, previousRequest=null]
MessageController: Sujet = getFctConfigsWithWsId
MessageController: Message recu : ServerRequest [attachement=1, fromUrl=DAS_CLIENT, sendUrl=DAS_SERVER, title=getFctConfigsWithWsId, sendedDate=Fri Oct 11 17:18:31 CEST 2013, previousRequest=null]
MessageController: Sujet = getGraphConfigsWithWsId
MessageController: Message recu : ServerRequest [attachement=1, fromUrl=DAS_CLIENT, sendUrl=DAS_SERVER, title=getGraphConfigsWithWsId, sendedDate=Fri Oct 11 17:18:31 CEST 2013, previousRequest=null]
MessageController: Sujet = getGraphConfigsWithWsId
MessageController: Message recu : ServerRequest [attachement=1, fromUrl=DAS_CLIENT, sendUrl=DAS_SERVER, title=getGraphConfigsWithWsId, sendedDate=Fri Oct 11 17:18:32 CEST 2013, previousRequest=null]
MessageController: Sujet = getListTemplateReport
MessageController: Message recu : ServerRequest [attachement=null, fromUrl=DAS_CLIENT, sendUrl=DAS_SERVER, title=getListTemplateReport, sendedDate=Fri Oct 11 17:18:33 CEST 2013, previousRequest=null]
MessageController: Sujet = getListTemplateSupervision
MessageController: Message recu : ServerRequest [attachement=null, fromUrl=DAS_CLIENT, sendUrl=DAS_SERVER, title=getListTemplateSupervision, sendedDate=Fri Oct 11 17:18:33 CEST 2013, previousRequest=null]
MessageController: Sujet = getListEan128
MessageController: Message recu : ServerRequest [attachement=null, fromUrl=DAS_CLIENT, sendUrl=DAS_SERVER, title=getListEan128, sendedDate=Fri Oct 11 17:18:33 CEST 2013, previousRequest=null]
MessageController: Sujet = getFctConfigsWithWsId
MessageController: Message recu : ServerRequest [attachement=1, fromUrl=DAS_CLIENT, sendUrl=DAS_SERVER, title=getFctConfigsWithWsId, sendedDate=Fri Oct 11 17:18:33 CEST 2013, previousRequest=null]
MessageController: Sujet = getDataModelWithId
MessageController: Message recu : ServerRequest [attachement=persoin, fromUrl=DAS_CLIENT, sendUrl=DAS_SERVER, title=getDataModelWithId, sendedDate=Fri Oct 11 17:19:00 CEST 2013, previousRequest=null]
MessageController: Sujet = getDataModelWithId
MessageController: Message recu : ServerRequest [attachement=groups, fromUrl=DAS_CLIENT, sendUrl=DAS_SERVER, title=getDataModelWithId, sendedDate=Fri Oct 11 17:19:03 CEST 2013, previousRequest=null]
MessageController: Sujet = getListTemplateReport
MessageController: Message recu : ServerRequest [attachement=null, fromUrl=DAS_CLIENT, sendUrl=DAS_SERVER, title=getListTemplateReport, sendedDate=Fri Oct 11 17:19:03 CEST 2013, previousRequest=null]
MessageController: Sujet = getListTemplateSupervision
MessageController: Message recu : ServerRequest [attachement=null, fromUrl=DAS_CLIENT, sendUrl=DAS_SERVER, title=getListTemplateSupervision, sendedDate=Fri Oct 11 17:19:03 CEST 2013, previousRequest=null]
MessageController: Sujet = getListEan128
MessageController: Message recu : ServerRequest [attachement=null, fromUrl=DAS_CLIENT, sendUrl=DAS_SERVER, title=getListEan128, sendedDate=Fri Oct 11 17:19:03 CEST 2013, previousRequest=null]
MessageController: Sujet = getFctConfigsWithWsId
MessageController: Message recu : ServerRequest [attachement=1, fromUrl=DAS_CLIENT, sendUrl=DAS_SERVER, title=getFctConfigsWithWsId, sendedDate=Fri Oct 11 17:19:03 CEST 2013, previousRequest=null]
MessageController: Sujet = getListTemplateReport
MessageController: Message recu : ServerRequest [attachement=null, fromUrl=DAS_CLIENT, sendUrl=DAS_SERVER, title=getListTemplateReport, sendedDate=Fri Oct 11 17:19:04 CEST 2013, previousRequest=null]
MessageController: Sujet = getListTemplateSupervision
MessageController: Message recu : ServerRequest [attachement=null, fromUrl=DAS_CLIENT, sendUrl=DAS_SERVER, title=getListTemplateSupervision, sendedDate=Fri Oct 11 17:19:04 CEST 2013, previousRequest=null]
MessageController: Sujet = getListEan128
MessageController: Message recu : ServerRequest [attachement=null, fromUrl=DAS_CLIENT, sendUrl=DAS_SERVER, title=getListEan128, sendedDate=Fri Oct 11 17:19:04 CEST 2013, previousRequest=null]
MessageController: Sujet = getFctConfigsWithWsId
MessageController: Message recu : ServerRequest [attachement=1, fromUrl=DAS_CLIENT, sendUrl=DAS_SERVER, title=getFctConfigsWithWsId, sendedDate=Fri Oct 11 17:19:04 CEST 2013, previousRequest=null]
MessageController: Sujet = getWsConfig_workstationID
MessageController: Message recu : ServerRequest [attachement=1, fromUrl=DAS_CLIENT, sendUrl=DAS_SERVER, title=getWsConfig_workstationID, sendedDate=Fri Oct 11 17:21:48 CEST 2013, previousRequest=null]
MessageController: config : WsConfig [configMaterial=[DASConfigMaterial [code=rj2bis, name=Simu4Bis, port=tcp://172.26.44.118:5431, workstation=DASWorkstation [code = 1, name = das test 1, force_pdf = false, config_ids = {IndirectList: not instantiated}], material=DASModelMaterial [, code=4, name=Balance1, modelMaterial=DASModelMaterial [, typeMaterial=DASTypeMaterial [id=33, name=Balances]]], configTypeMaterial=DASConfigTypeMaterial [code=6, name=6, issimple=false, iscumulative=false, speed=null, parity=null, stop_bit=null, databit=null, dialog=[]]], DASConfigMaterial [code=PKB, name=Keyboard1, port=null, workstation=DASWorkstation [code = 1, name = das test 1, force_pdf = false, config_ids = {IndirectList: not instantiated}], material=DASModelMaterial [, code=Keyboard1, name=Keyboard1, modelMaterial=DASModelMaterial [, typeMaterial=DASTypeMaterial [id=49, name=Physical keyboard]]], configTypeMaterial=DASConfigTypeMaterial [code=7, name=7, issimple=true, iscumulative=true, speed=16, parity=0, stop_bit=1, databit=8, dialog=[]]], DASConfigMaterial [code=das6, name=2, port=/dev/ttyUSB0, workstation=DASWorkstation [code = 1, name = das test 1, force_pdf = false, config_ids = {IndirectList: not instantiated}], material=DASModelMaterial [, code=4, name=Balance1, modelMaterial=DASModelMaterial [, typeMaterial=DASTypeMaterial [id=33, name=Balances]]], configTypeMaterial=DASConfigTypeMaterial [code=comr, name=SimucomR, issimple=false, iscumulative=false, speed=9600, parity=0, stop_bit=1, databit=8, dialog=[]]], DASConfigMaterial [code=ScannerDC, name=ScannerDC, port=/dev/ttyUSB0, workstation=DASWorkstation [code = 1, name = das test 1, force_pdf = false, config_ids = {IndirectList: not instantiated}], material=DASModelMaterial [, code=ScannerDC, name=ScannerDC, modelMaterial=DASModelMaterial [, typeMaterial=DASTypeMaterial [id=34, name=Lecteurs id-barres]]], configTypeMaterial=DASConfigTypeMaterial [code=1usb, name=1usb, issimple=false, iscumulative=false, speed=9600, parity=0, stop_bit=1, databit=8, dialog=[]]], DASConfigMaterial [code=das2, name=das2, port=5474, workstation=DASWorkstation [code = 1, name = das test 1, force_pdf = false, config_ids = {IndirectList: not instantiated}], material=DASModelMaterial [, code=3, name=Scanner3, modelMaterial=DASModelMaterial [, typeMaterial=DASTypeMaterial [id=34, name=Lecteurs id-barres]]], configTypeMaterial=DASConfigTypeMaterial [code=2, name=2, issimple=false, iscumulative=false, speed=0, parity=0, stop_bit=0, databit=0, dialog=[]]], DASConfigMaterial [code=rj2, name=Simu2, port=tcp://172.26.44.119:5431, workstation=DASWorkstation [code = 1, name = das test 1, force_pdf = false, config_ids = {IndirectList: not instantiated}], material=DASModelMaterial [, code=4, name=Balance1, modelMaterial=DASModelMaterial [, typeMaterial=DASTypeMaterial [id=33, name=Balances]]], configTypeMaterial=DASConfigTypeMaterial [code=2, name=2, issimple=false, iscumulative=false, speed=0, parity=0, stop_bit=0, databit=0, dialog=[]]], DASConfigMaterial [code=rj1, name=Simu01, port=5430, workstation=DASWorkstation [code = 1, name = das test 1, force_pdf = false, config_ids = {IndirectList: not instantiated}], material=DASModelMaterial [, code=4, name=Balance1, modelMaterial=DASModelMaterial [, typeMaterial=DASTypeMaterial [id=33, name=Balances]]], configTypeMaterial=DASConfigTypeMaterial [code=1, name=0, issimple=true, iscumulative=false, speed=0, parity=0, stop_bit=0, databit=0, dialog=[DASDialog [name =D1,header_code=null, sendReceiveData=I2_A_IND690-Count IZ05 (\d*) Kg, priority=1, waitingSecond=0, send=0, startCharPosition=null, stopCharPosition=null]]]], DASConfigMaterial [code=rj3, name=Simu3, port=tcp://172.26.44.118:5433, workstation=DASWorkstation [code = 1, name = das test 1, force_pdf = false, config_ids = {IndirectList: not instantiated}], material=DASModelMaterial [, code=4, name=Balance1, modelMaterial=DASModelMaterial [, typeMaterial=DASTypeMaterial [id=33, name=Balances]]], configTypeMaterial=DASConfigTypeMaterial [code=5, name=5, issimple=false, iscumulative=false, speed=9600, parity=0, stop_bit=1, databit=8, dialog=[]]], DASConfigMaterial [code=rj4, name=Simu4, port=tcp://172.26.44.118:5434, workstation=DASWorkstation [code = 1, name = das test 1, force_pdf = false, config_ids = {IndirectList: not instantiated}], material=DASModelMaterial [, code=4, name=Balance1, modelMaterial=DASModelMaterial [, typeMaterial=DASTypeMaterial [id=33, name=Balances]]], configTypeMaterial=DASConfigTypeMaterial [code=5, name=5, issimple=false, iscumulative=false, speed=9600, parity=0, stop_bit=1, databit=8, dialog=[]]]]]
MessageController: Sujet = getWorkstationWithId
MessageController: Message recu : ServerRequest [attachement=1, fromUrl=DAS_CLIENT, sendUrl=DAS_SERVER, title=getWorkstationWithId, sendedDate=Fri Oct 11 17:21:48 CEST 2013, previousRequest=null]
MessageController: Sujet = getFctConfigsWithWsId
MessageController: Message recu : ServerRequest [attachement=1, fromUrl=DAS_CLIENT, sendUrl=DAS_SERVER, title=getFctConfigsWithWsId, sendedDate=Fri Oct 11 17:21:48 CEST 2013, previousRequest=null]
MessageController: Sujet = getGraphConfigsWithWsId
MessageController: Message recu : ServerRequest [attachement=1, fromUrl=DAS_CLIENT, sendUrl=DAS_SERVER, title=getGraphConfigsWithWsId, sendedDate=Fri Oct 11 17:21:48 CEST 2013, previousRequest=null]
MessageController: Sujet = getGraphConfigsWithWsId
MessageController: Message recu : ServerRequest [attachement=1, fromUrl=DAS_CLIENT, sendUrl=DAS_SERVER, title=getGraphConfigsWithWsId, sendedDate=Fri Oct 11 17:21:49 CEST 2013, previousRequest=null]
MessageController: Sujet = getListTemplateReport
MessageController: Message recu : ServerRequest [attachement=null, fromUrl=DAS_CLIENT, sendUrl=DAS_SERVER, title=getListTemplateReport, sendedDate=Fri Oct 11 17:21:50 CEST 2013, previousRequest=null]
MessageController: Sujet = getListTemplateSupervision
MessageController: Message recu : ServerRequest [attachement=null, fromUrl=DAS_CLIENT, sendUrl=DAS_SERVER, title=getListTemplateSupervision, sendedDate=Fri Oct 11 17:21:50 CEST 2013, previousRequest=null]
MessageController: Sujet = getListEan128
MessageController: Message recu : ServerRequest [attachement=null, fromUrl=DAS_CLIENT, sendUrl=DAS_SERVER, title=getListEan128, sendedDate=Fri Oct 11 17:21:50 CEST 2013, previousRequest=null]
MessageController: Sujet = getFctConfigsWithWsId
MessageController: Message recu : ServerRequest [attachement=1, fromUrl=DAS_CLIENT, sendUrl=DAS_SERVER, title=getFctConfigsWithWsId, sendedDate=Fri Oct 11 17:21:50 CEST 2013, previousRequest=null]
MessageController: Sujet = getWsConfig_workstationID
MessageController: Message recu : ServerRequest [attachement=1, fromUrl=DAS_CLIENT, sendUrl=DAS_SERVER, title=getWsConfig_workstationID, sendedDate=Fri Oct 11 17:23:03 CEST 2013, previousRequest=null]
MessageController: config : WsConfig [configMaterial=[DASConfigMaterial [code=rj2bis, name=Simu4Bis, port=tcp://172.26.44.118:5431, workstation=DASWorkstation [code = 1, name = das test 1, force_pdf = false, config_ids = {IndirectList: not instantiated}], material=DASModelMaterial [, code=4, name=Balance1, modelMaterial=DASModelMaterial [, typeMaterial=DASTypeMaterial [id=33, name=Balances]]], configTypeMaterial=DASConfigTypeMaterial [code=6, name=6, issimple=false, iscumulative=false, speed=null, parity=null, stop_bit=null, databit=null, dialog=[]]], DASConfigMaterial [code=PKB, name=Keyboard1, port=null, workstation=DASWorkstation [code = 1, name = das test 1, force_pdf = false, config_ids = {IndirectList: not instantiated}], material=DASModelMaterial [, code=Keyboard1, name=Keyboard1, modelMaterial=DASModelMaterial [, typeMaterial=DASTypeMaterial [id=49, name=Physical keyboard]]], configTypeMaterial=DASConfigTypeMaterial [code=7, name=7, issimple=true, iscumulative=true, speed=16, parity=0, stop_bit=1, databit=8, dialog=[]]], DASConfigMaterial [code=das6, name=2, port=/dev/ttyUSB0, workstation=DASWorkstation [code = 1, name = das test 1, force_pdf = false, config_ids = {IndirectList: not instantiated}], material=DASModelMaterial [, code=4, name=Balance1, modelMaterial=DASModelMaterial [, typeMaterial=DASTypeMaterial [id=33, name=Balances]]], configTypeMaterial=DASConfigTypeMaterial [code=comr, name=SimucomR, issimple=false, iscumulative=false, speed=9600, parity=0, stop_bit=1, databit=8, dialog=[]]], DASConfigMaterial [code=ScannerDC, name=ScannerDC, port=/dev/ttyUSB0, workstation=DASWorkstation [code = 1, name = das test 1, force_pdf = false, config_ids = {IndirectList: not instantiated}], material=DASModelMaterial [, code=ScannerDC, name=ScannerDC, modelMaterial=DASModelMaterial [, typeMaterial=DASTypeMaterial [id=34, name=Lecteurs id-barres]]], configTypeMaterial=DASConfigTypeMaterial [code=1usb, name=1usb, issimple=false, iscumulative=false, speed=9600, parity=0, stop_bit=1, databit=8, dialog=[]]], DASConfigMaterial [code=das2, name=das2, port=5474, workstation=DASWorkstation [code = 1, name = das test 1, force_pdf = false, config_ids = {IndirectList: not instantiated}], material=DASModelMaterial [, code=3, name=Scanner3, modelMaterial=DASModelMaterial [, typeMaterial=DASTypeMaterial [id=34, name=Lecteurs id-barres]]], configTypeMaterial=DASConfigTypeMaterial [code=2, name=2, issimple=false, iscumulative=false, speed=0, parity=0, stop_bit=0, databit=0, dialog=[]]], DASConfigMaterial [code=rj2, name=Simu2, port=tcp://172.26.44.119:5431, workstation=DASWorkstation [code = 1, name = das test 1, force_pdf = false, config_ids = {IndirectList: not instantiated}], material=DASModelMaterial [, code=4, name=Balance1, modelMaterial=DASModelMaterial [, typeMaterial=DASTypeMaterial [id=33, name=Balances]]], configTypeMaterial=DASConfigTypeMaterial [code=2, name=2, issimple=false, iscumulative=false, speed=0, parity=0, stop_bit=0, databit=0, dialog=[]]], DASConfigMaterial [code=rj1, name=Simu01, port=5430, workstation=DASWorkstation [code = 1, name = das test 1, force_pdf = false, config_ids = {IndirectList: not instantiated}], material=DASModelMaterial [, code=4, name=Balance1, modelMaterial=DASModelMaterial [, typeMaterial=DASTypeMaterial [id=33, name=Balances]]], configTypeMaterial=DASConfigTypeMaterial [code=1, name=0, issimple=true, iscumulative=false, speed=0, parity=0, stop_bit=0, databit=0, dialog=[DASDialog [name =D1,header_code=null, sendReceiveData=I2_A_IND690-Count IZ05 (\d*) Kg, priority=1, waitingSecond=0, send=0, startCharPosition=null, stopCharPosition=null]]]], DASConfigMaterial [code=rj3, name=Simu3, port=tcp://172.26.44.118:5433, workstation=DASWorkstation [code = 1, name = das test 1, force_pdf = false, config_ids = {IndirectList: not instantiated}], material=DASModelMaterial [, code=4, name=Balance1, modelMaterial=DASModelMaterial [, typeMaterial=DASTypeMaterial [id=33, name=Balances]]], configTypeMaterial=DASConfigTypeMaterial [code=5, name=5, issimple=false, iscumulative=false, speed=9600, parity=0, stop_bit=1, databit=8, dialog=[]]], DASConfigMaterial [code=rj4, name=Simu4, port=tcp://172.26.44.118:5434, workstation=DASWorkstation [code = 1, name = das test 1, force_pdf = false, config_ids = {IndirectList: not instantiated}], material=DASModelMaterial [, code=4, name=Balance1, modelMaterial=DASModelMaterial [, typeMaterial=DASTypeMaterial [id=33, name=Balances]]], configTypeMaterial=DASConfigTypeMaterial [code=5, name=5, issimple=false, iscumulative=false, speed=9600, parity=0, stop_bit=1, databit=8, dialog=[]]]]]
MessageController: Sujet = getWorkstationWithId
MessageController: Message recu : ServerRequest [attachement=1, fromUrl=DAS_CLIENT, sendUrl=DAS_SERVER, title=getWorkstationWithId, sendedDate=Fri Oct 11 17:23:03 CEST 2013, previousRequest=null]
MessageController: Sujet = getFctConfigsWithWsId
MessageController: Message recu : ServerRequest [attachement=1, fromUrl=DAS_CLIENT, sendUrl=DAS_SERVER, title=getFctConfigsWithWsId, sendedDate=Fri Oct 11 17:23:03 CEST 2013, previousRequest=null]
MessageController: Sujet = getGraphConfigsWithWsId
MessageController: Message recu : ServerRequest [attachement=1, fromUrl=DAS_CLIENT, sendUrl=DAS_SERVER, title=getGraphConfigsWithWsId, sendedDate=Fri Oct 11 17:23:03 CEST 2013, previousRequest=null]
MessageController: Sujet = getGraphConfigsWithWsId
MessageController: Message recu : ServerRequest [attachement=1, fromUrl=DAS_CLIENT, sendUrl=DAS_SERVER, title=getGraphConfigsWithWsId, sendedDate=Fri Oct 11 17:23:04 CEST 2013, previousRequest=null]
MessageController: Sujet = getListTemplateReport
MessageController: Message recu : ServerRequest [attachement=null, fromUrl=DAS_CLIENT, sendUrl=DAS_SERVER, title=getListTemplateReport, sendedDate=Fri Oct 11 17:23:05 CEST 2013, previousRequest=null]
MessageController: Sujet = getListTemplateSupervision
MessageController: Message recu : ServerRequest [attachement=null, fromUrl=DAS_CLIENT, sendUrl=DAS_SERVER, title=getListTemplateSupervision, sendedDate=Fri Oct 11 17:23:05 CEST 2013, previousRequest=null]
MessageController: Sujet = getListEan128
MessageController: Message recu : ServerRequest [attachement=null, fromUrl=DAS_CLIENT, sendUrl=DAS_SERVER, title=getListEan128, sendedDate=Fri Oct 11 17:23:05 CEST 2013, previousRequest=null]
MessageController: Sujet = getFctConfigsWithWsId
MessageController: Message recu : ServerRequest [attachement=1, fromUrl=DAS_CLIENT, sendUrl=DAS_SERVER, title=getFctConfigsWithWsId, sendedDate=Fri Oct 11 17:23:05 CEST 2013, previousRequest=null]
MessageController: Sujet = getDataModelWithId
MessageController: Message recu : ServerRequest [attachement=persoin, fromUrl=DAS_CLIENT, sendUrl=DAS_SERVER, title=getDataModelWithId, sendedDate=Fri Oct 11 17:23:19 CEST 2013, previousRequest=null]
MessageController: Sujet = getDataModelWithId
MessageController: Message recu : ServerRequest [attachement=groups, fromUrl=DAS_CLIENT, sendUrl=DAS_SERVER, title=getDataModelWithId, sendedDate=Fri Oct 11 17:23:29 CEST 2013, previousRequest=null]
MessageController: Sujet = getListTemplateReport
MessageController: Message recu : ServerRequest [attachement=null, fromUrl=DAS_CLIENT, sendUrl=DAS_SERVER, title=getListTemplateReport, sendedDate=Fri Oct 11 17:23:29 CEST 2013, previousRequest=null]
MessageController: Sujet = getListTemplateSupervision
MessageController: Message recu : ServerRequest [attachement=null, fromUrl=DAS_CLIENT, sendUrl=DAS_SERVER, title=getListTemplateSupervision, sendedDate=Fri Oct 11 17:23:29 CEST 2013, previousRequest=null]
MessageController: Sujet = getListEan128
MessageController: Message recu : ServerRequest [attachement=null, fromUrl=DAS_CLIENT, sendUrl=DAS_SERVER, title=getListEan128, sendedDate=Fri Oct 11 17:23:29 CEST 2013, previousRequest=null]
MessageController: Sujet = getFctConfigsWithWsId
MessageController: Message recu : ServerRequest [attachement=1, fromUrl=DAS_CLIENT, sendUrl=DAS_SERVER, title=getFctConfigsWithWsId, sendedDate=Fri Oct 11 17:23:29 CEST 2013, previousRequest=null]
MessageController: Sujet = getListTemplateReport
MessageController: Message recu : ServerRequest [attachement=null, fromUrl=DAS_CLIENT, sendUrl=DAS_SERVER, title=getListTemplateReport, sendedDate=Fri Oct 11 17:23:30 CEST 2013, previousRequest=null]
MessageController: Sujet = getListTemplateSupervision
MessageController: Message recu : ServerRequest [attachement=null, fromUrl=DAS_CLIENT, sendUrl=DAS_SERVER, title=getListTemplateSupervision, sendedDate=Fri Oct 11 17:23:30 CEST 2013, previousRequest=null]
MessageController: Sujet = getListEan128
MessageController: Message recu : ServerRequest [attachement=null, fromUrl=DAS_CLIENT, sendUrl=DAS_SERVER, title=getListEan128, sendedDate=Fri Oct 11 17:23:30 CEST 2013, previousRequest=null]
MessageController: Sujet = getFctConfigsWithWsId
MessageController: Message recu : ServerRequest [attachement=1, fromUrl=DAS_CLIENT, sendUrl=DAS_SERVER, title=getFctConfigsWithWsId, sendedDate=Fri Oct 11 17:23:30 CEST 2013, previousRequest=null]
MessageController: Sujet = getWsConfig_workstationID
MessageController: Message recu : ServerRequest [attachement=1, fromUrl=DAS_CLIENT, sendUrl=DAS_SERVER, title=getWsConfig_workstationID, sendedDate=Fri Oct 11 17:31:53 CEST 2013, previousRequest=null]
MessageController: config : WsConfig [configMaterial=[DASConfigMaterial [code=rj2bis, name=Simu4Bis, port=tcp://172.26.44.118:5431, workstation=DASWorkstation [code = 1, name = das test 1, force_pdf = false, config_ids = {IndirectList: not instantiated}], material=DASModelMaterial [, code=4, name=Balance1, modelMaterial=DASModelMaterial [, typeMaterial=DASTypeMaterial [id=33, name=Balances]]], configTypeMaterial=DASConfigTypeMaterial [code=6, name=6, issimple=false, iscumulative=false, speed=null, parity=null, stop_bit=null, databit=null, dialog=[]]], DASConfigMaterial [code=PKB, name=Keyboard1, port=null, workstation=DASWorkstation [code = 1, name = das test 1, force_pdf = false, config_ids = {IndirectList: not instantiated}], material=DASModelMaterial [, code=Keyboard1, name=Keyboard1, modelMaterial=DASModelMaterial [, typeMaterial=DASTypeMaterial [id=49, name=Physical keyboard]]], configTypeMaterial=DASConfigTypeMaterial [code=7, name=7, issimple=true, iscumulative=true, speed=16, parity=0, stop_bit=1, databit=8, dialog=[]]], DASConfigMaterial [code=das6, name=2, port=/dev/ttyUSB0, workstation=DASWorkstation [code = 1, name = das test 1, force_pdf = false, config_ids = {IndirectList: not instantiated}], material=DASModelMaterial [, code=4, name=Balance1, modelMaterial=DASModelMaterial [, typeMaterial=DASTypeMaterial [id=33, name=Balances]]], configTypeMaterial=DASConfigTypeMaterial [code=comr, name=SimucomR, issimple=false, iscumulative=false, speed=9600, parity=0, stop_bit=1, databit=8, dialog=[]]], DASConfigMaterial [code=ScannerDC, name=ScannerDC, port=/dev/ttyUSB0, workstation=DASWorkstation [code = 1, name = das test 1, force_pdf = false, config_ids = {IndirectList: not instantiated}], material=DASModelMaterial [, code=ScannerDC, name=ScannerDC, modelMaterial=DASModelMaterial [, typeMaterial=DASTypeMaterial [id=34, name=Lecteurs id-barres]]], configTypeMaterial=DASConfigTypeMaterial [code=1usb, name=1usb, issimple=false, iscumulative=false, speed=9600, parity=0, stop_bit=1, databit=8, dialog=[]]], DASConfigMaterial [code=das2, name=das2, port=5474, workstation=DASWorkstation [code = 1, name = das test 1, force_pdf = false, config_ids = {IndirectList: not instantiated}], material=DASModelMaterial [, code=3, name=Scanner3, modelMaterial=DASModelMaterial [, typeMaterial=DASTypeMaterial [id=34, name=Lecteurs id-barres]]], configTypeMaterial=DASConfigTypeMaterial [code=2, name=2, issimple=false, iscumulative=false, speed=0, parity=0, stop_bit=0, databit=0, dialog=[]]], DASConfigMaterial [code=rj2, name=Simu2, port=tcp://172.26.44.119:5431, workstation=DASWorkstation [code = 1, name = das test 1, force_pdf = false, config_ids = {IndirectList: not instantiated}], material=DASModelMaterial [, code=4, name=Balance1, modelMaterial=DASModelMaterial [, typeMaterial=DASTypeMaterial [id=33, name=Balances]]], configTypeMaterial=DASConfigTypeMaterial [code=2, name=2, issimple=false, iscumulative=false, speed=0, parity=0, stop_bit=0, databit=0, dialog=[]]], DASConfigMaterial [code=rj1, name=Simu01, port=5430, workstation=DASWorkstation [code = 1, name = das test 1, force_pdf = false, config_ids = {IndirectList: not instantiated}], material=DASModelMaterial [, code=4, name=Balance1, modelMaterial=DASModelMaterial [, typeMaterial=DASTypeMaterial [id=33, name=Balances]]], configTypeMaterial=DASConfigTypeMaterial [code=1, name=0, issimple=true, iscumulative=false, speed=0, parity=0, stop_bit=0, databit=0, dialog=[DASDialog [name =D1,header_code=null, sendReceiveData=I2_A_IND690-Count IZ05 (\d*) Kg, priority=1, waitingSecond=0, send=0, startCharPosition=null, stopCharPosition=null]]]], DASConfigMaterial [code=rj3, name=Simu3, port=tcp://172.26.44.118:5433, workstation=DASWorkstation [code = 1, name = das test 1, force_pdf = false, config_ids = {IndirectList: not instantiated}], material=DASModelMaterial [, code=4, name=Balance1, modelMaterial=DASModelMaterial [, typeMaterial=DASTypeMaterial [id=33, name=Balances]]], configTypeMaterial=DASConfigTypeMaterial [code=5, name=5, issimple=false, iscumulative=false, speed=9600, parity=0, stop_bit=1, databit=8, dialog=[]]], DASConfigMaterial [code=rj4, name=Simu4, port=tcp://172.26.44.118:5434, workstation=DASWorkstation [code = 1, name = das test 1, force_pdf = false, config_ids = {IndirectList: not instantiated}], material=DASModelMaterial [, code=4, name=Balance1, modelMaterial=DASModelMaterial [, typeMaterial=DASTypeMaterial [id=33, name=Balances]]], configTypeMaterial=DASConfigTypeMaterial [code=5, name=5, issimple=false, iscumulative=false, speed=9600, parity=0, stop_bit=1, databit=8, dialog=[]]]]]
MessageController: Sujet = getWorkstationWithId
MessageController: Message recu : ServerRequest [attachement=1, fromUrl=DAS_CLIENT, sendUrl=DAS_SERVER, title=getWorkstationWithId, sendedDate=Fri Oct 11 17:31:54 CEST 2013, previousRequest=null]
MessageController: Sujet = getFctConfigsWithWsId
MessageController: Message recu : ServerRequest [attachement=1, fromUrl=DAS_CLIENT, sendUrl=DAS_SERVER, title=getFctConfigsWithWsId, sendedDate=Fri Oct 11 17:31:54 CEST 2013, previousRequest=null]
MessageController: Sujet = getGraphConfigsWithWsId
MessageController: Message recu : ServerRequest [attachement=1, fromUrl=DAS_CLIENT, sendUrl=DAS_SERVER, title=getGraphConfigsWithWsId, sendedDate=Fri Oct 11 17:31:54 CEST 2013, previousRequest=null]
MessageController: Sujet = getGraphConfigsWithWsId
MessageController: Message recu : ServerRequest [attachement=1, fromUrl=DAS_CLIENT, sendUrl=DAS_SERVER, title=getGraphConfigsWithWsId, sendedDate=Fri Oct 11 17:31:54 CEST 2013, previousRequest=null]
MessageController: Sujet = getListTemplateReport
MessageController: Message recu : ServerRequest [attachement=null, fromUrl=DAS_CLIENT, sendUrl=DAS_SERVER, title=getListTemplateReport, sendedDate=Fri Oct 11 17:31:55 CEST 2013, previousRequest=null]
MessageController: Sujet = getListTemplateSupervision
MessageController: Message recu : ServerRequest [attachement=null, fromUrl=DAS_CLIENT, sendUrl=DAS_SERVER, title=getListTemplateSupervision, sendedDate=Fri Oct 11 17:31:55 CEST 2013, previousRequest=null]
MessageController: Sujet = getListEan128
MessageController: Message recu : ServerRequest [attachement=null, fromUrl=DAS_CLIENT, sendUrl=DAS_SERVER, title=getListEan128, sendedDate=Fri Oct 11 17:31:56 CEST 2013, previousRequest=null]
MessageController: Sujet = getFctConfigsWithWsId
MessageController: Message recu : ServerRequest [attachement=1, fromUrl=DAS_CLIENT, sendUrl=DAS_SERVER, title=getFctConfigsWithWsId, sendedDate=Fri Oct 11 17:31:56 CEST 2013, previousRequest=null]
MessageController: Sujet = getDataModelWithId
MessageController: Message recu : ServerRequest [attachement=persoin, fromUrl=DAS_CLIENT, sendUrl=DAS_SERVER, title=getDataModelWithId, sendedDate=Fri Oct 11 17:32:02 CEST 2013, previousRequest=null]
MessageController: Sujet = getDataModelWithId
MessageController: Message recu : ServerRequest [attachement=groups, fromUrl=DAS_CLIENT, sendUrl=DAS_SERVER, title=getDataModelWithId, sendedDate=Fri Oct 11 17:32:05 CEST 2013, previousRequest=null]
MessageController: Sujet = getWsConfig_workstationID
MessageController: Message recu : ServerRequest [attachement=1, fromUrl=DAS_CLIENT, sendUrl=DAS_SERVER, title=getWsConfig_workstationID, sendedDate=Mon Oct 14 09:22:59 CEST 2013, previousRequest=null]
MessageController: config : WsConfig [configMaterial=[DASConfigMaterial [code=rj2bis, name=Simu4Bis, port=tcp://172.26.44.118:5431, workstation=DASWorkstation [code = 1, name = das test 1, force_pdf = false, config_ids = {IndirectList: not instantiated}], material=DASModelMaterial [, code=4, name=Balance1, modelMaterial=DASModelMaterial [, typeMaterial=DASTypeMaterial [id=33, name=Balances]]], configTypeMaterial=DASConfigTypeMaterial [code=6, name=6, issimple=false, iscumulative=false, speed=null, parity=null, stop_bit=null, databit=null, dialog=[]]], DASConfigMaterial [code=PKB, name=Keyboard1, port=null, workstation=DASWorkstation [code = 1, name = das test 1, force_pdf = false, config_ids = {IndirectList: not instantiated}], material=DASModelMaterial [, code=Keyboard1, name=Keyboard1, modelMaterial=DASModelMaterial [, typeMaterial=DASTypeMaterial [id=49, name=Physical keyboard]]], configTypeMaterial=DASConfigTypeMaterial [code=7, name=7, issimple=true, iscumulative=true, speed=16, parity=0, stop_bit=1, databit=8, dialog=[]]], DASConfigMaterial [code=das6, name=2, port=/dev/ttyUSB0, workstation=DASWorkstation [code = 1, name = das test 1, force_pdf = false, config_ids = {IndirectList: not instantiated}], material=DASModelMaterial [, code=4, name=Balance1, modelMaterial=DASModelMaterial [, typeMaterial=DASTypeMaterial [id=33, name=Balances]]], configTypeMaterial=DASConfigTypeMaterial [code=comr, name=SimucomR, issimple=false, iscumulative=false, speed=9600, parity=0, stop_bit=1, databit=8, dialog=[]]], DASConfigMaterial [code=ScannerDC, name=ScannerDC, port=/dev/ttyUSB0, workstation=DASWorkstation [code = 1, name = das test 1, force_pdf = false, config_ids = {IndirectList: not instantiated}], material=DASModelMaterial [, code=ScannerDC, name=ScannerDC, modelMaterial=DASModelMaterial [, typeMaterial=DASTypeMaterial [id=34, name=Lecteurs id-barres]]], configTypeMaterial=DASConfigTypeMaterial [code=1usb, name=1usb, issimple=false, iscumulative=false, speed=9600, parity=0, stop_bit=1, databit=8, dialog=[]]], DASConfigMaterial [code=das2, name=das2, port=5474, workstation=DASWorkstation [code = 1, name = das test 1, force_pdf = false, config_ids = {IndirectList: not instantiated}], material=DASModelMaterial [, code=3, name=Scanner3, modelMaterial=DASModelMaterial [, typeMaterial=DASTypeMaterial [id=34, name=Lecteurs id-barres]]], configTypeMaterial=DASConfigTypeMaterial [code=2, name=2, issimple=false, iscumulative=false, speed=0, parity=0, stop_bit=0, databit=0, dialog=[]]], DASConfigMaterial [code=rj2, name=Simu2, port=tcp://172.26.44.119:5431, workstation=DASWorkstation [code = 1, name = das test 1, force_pdf = false, config_ids = {IndirectList: not instantiated}], material=DASModelMaterial [, code=4, name=Balance1, modelMaterial=DASModelMaterial [, typeMaterial=DASTypeMaterial [id=33, name=Balances]]], configTypeMaterial=DASConfigTypeMaterial [code=2, name=2, issimple=false, iscumulative=false, speed=0, parity=0, stop_bit=0, databit=0, dialog=[]]], DASConfigMaterial [code=rj1, name=Simu01, port=5430, workstation=DASWorkstation [code = 1, name = das test 1, force_pdf = false, config_ids = {IndirectList: not instantiated}], material=DASModelMaterial [, code=4, name=Balance1, modelMaterial=DASModelMaterial [, typeMaterial=DASTypeMaterial [id=33, name=Balances]]], configTypeMaterial=DASConfigTypeMaterial [code=1, name=0, issimple=true, iscumulative=false, speed=0, parity=0, stop_bit=0, databit=0, dialog=[DASDialog [name =D1,header_code=null, sendReceiveData=I2_A_IND690-Count IZ05 (\d*) Kg, priority=1, waitingSecond=0, send=0, startCharPosition=null, stopCharPosition=null]]]], DASConfigMaterial [code=rj3, name=Simu3, port=tcp://172.26.44.118:5433, workstation=DASWorkstation [code = 1, name = das test 1, force_pdf = false, config_ids = {IndirectList: not instantiated}], material=DASModelMaterial [, code=4, name=Balance1, modelMaterial=DASModelMaterial [, typeMaterial=DASTypeMaterial [id=33, name=Balances]]], configTypeMaterial=DASConfigTypeMaterial [code=5, name=5, issimple=false, iscumulative=false, speed=9600, parity=0, stop_bit=1, databit=8, dialog=[]]], DASConfigMaterial [code=rj4, name=Simu4, port=tcp://172.26.44.118:5434, workstation=DASWorkstation [code = 1, name = das test 1, force_pdf = false, config_ids = {IndirectList: not instantiated}], material=DASModelMaterial [, code=4, name=Balance1, modelMaterial=DASModelMaterial [, typeMaterial=DASTypeMaterial [id=33, name=Balances]]], configTypeMaterial=DASConfigTypeMaterial [code=5, name=5, issimple=false, iscumulative=false, speed=9600, parity=0, stop_bit=1, databit=8, dialog=[]]]]]
MessageController: Sujet = getWorkstationWithId
MessageController: Message recu : ServerRequest [attachement=1, fromUrl=DAS_CLIENT, sendUrl=DAS_SERVER, title=getWorkstationWithId, sendedDate=Mon Oct 14 09:22:59 CEST 2013, previousRequest=null]
MessageController: Sujet = getFctConfigsWithWsId
MessageController: Message recu : ServerRequest [attachement=1, fromUrl=DAS_CLIENT, sendUrl=DAS_SERVER, title=getFctConfigsWithWsId, sendedDate=Mon Oct 14 09:22:59 CEST 2013, previousRequest=null]
MessageController: Sujet = getGraphConfigsWithWsId
MessageController: Message recu : ServerRequest [attachement=1, fromUrl=DAS_CLIENT, sendUrl=DAS_SERVER, title=getGraphConfigsWithWsId, sendedDate=Mon Oct 14 09:23:00 CEST 2013, previousRequest=null]
MessageController: Sujet = getGraphConfigsWithWsId
MessageController: Message recu : ServerRequest [attachement=1, fromUrl=DAS_CLIENT, sendUrl=DAS_SERVER, title=getGraphConfigsWithWsId, sendedDate=Mon Oct 14 09:23:00 CEST 2013, previousRequest=null]
MessageController: Sujet = getListTemplateReport
MessageController: Message recu : ServerRequest [attachement=null, fromUrl=DAS_CLIENT, sendUrl=DAS_SERVER, title=getListTemplateReport, sendedDate=Mon Oct 14 09:23:01 CEST 2013, previousRequest=null]
MessageController: Sujet = getListTemplateSupervision
MessageController: Message recu : ServerRequest [attachement=null, fromUrl=DAS_CLIENT, sendUrl=DAS_SERVER, title=getListTemplateSupervision, sendedDate=Mon Oct 14 09:23:01 CEST 2013, previousRequest=null]
MessageController: Sujet = getListEan128
MessageController: Message recu : ServerRequest [attachement=null, fromUrl=DAS_CLIENT, sendUrl=DAS_SERVER, title=getListEan128, sendedDate=Mon Oct 14 09:23:01 CEST 2013, previousRequest=null]
MessageController: Sujet = getFctConfigsWithWsId
MessageController: Message recu : ServerRequest [attachement=1, fromUrl=DAS_CLIENT, sendUrl=DAS_SERVER, title=getFctConfigsWithWsId, sendedDate=Mon Oct 14 09:23:01 CEST 2013, previousRequest=null]
MessageController: Sujet = getDataModelWithId
MessageController: Message recu : ServerRequest [attachement=persoin, fromUrl=DAS_CLIENT, sendUrl=DAS_SERVER, title=getDataModelWithId, sendedDate=Mon Oct 14 09:23:19 CEST 2013, previousRequest=null]
