DASConnexion: APPEL GET INSTANCE :: DASCONNEXION
MessageReceiver: Sujet = 'getChaineParser' or Sujet = 'insertLot' or Sujet = 'insertMvt' or Sujet = 'getWorkstationWithId' or Sujet = 'getGraphConfigsWithWsId' or Sujet = 'getBalancesWithWs' or Sujet = 'getLotWithSSCC' or Sujet = 'getProductsWithComingFrom' or Sujet = 'getProductWithId' or Sujet = 'getWsGenericsWithId' or Sujet = 'getWsGenericsWithIdOrWithout' or Sujet = 'getWsArticlesWithId' or Sujet = 'getDependsWithParentsAndDM' or Sujet = 'getDataModelWithId' or Sujet = 'getSubjectList' or Sujet = 'getFctConfigsWithWsId' or Sujet = 'getAcquisitionMethodWithId' or Sujet = 'getWsSsccWithId' or Sujet = 'getListDataModel' or Sujet = 'getListEan128' or Sujet = 'getListTemplateReport' or Sujet = 'getListTemplateSupervision' or Sujet = 'getWsConfig_workstationID'
DASConnexion: APPEL GET INSTANCE :: DASCONNEXION
MessageReceiver: LISTENER SETTED
MessageReceiver: Connecting receiver to URL: tcp://127.0.0.1:61616
MessageReceiver: Consuming queue : DAS_SERVER
MessageSender: Connecting sender to URL: tcp://127.0.0.1:61616
MessageSender: Using persistent messages and queue
Start: OpenDAS Server starts with configuration file: config/das_server.conf
MessageController: Passage by onMessage
MessageController :: Passage par route Message :ActiveMQObjectMessage {commandId = 5, responseRequired = false, messageId = ID:opendas-vm-36944-1404741291493-0:2:1:1:1, originalDestination = null, originalTransactionId = null, producerId = ID:opendas-vm-36944-1404741291493-0:2:1:1, destination = queue://DAS_SERVER, transactionId = null, expiration = 1404741292108, timestamp = 1404741291808, arrival = 0, brokerInTime = 1404741291809, brokerOutTime = 1404741291812, correlationId = null, replyTo = null, persistent = false, type = null, priority = 4, groupID = null, groupSequence = 0, targetConsumerId = null, compressed = false, userID = null, content = org.apache.activemq.util.ByteSequence@32060c, marshalledProperties = org.apache.activemq.util.ByteSequence@2b323e, dataStructure = null, redeliveryCounter = 0, size = 0, properties = {Station=WS1_pointage, Sujet=getWsConfig_workstationID}, readOnlyProperties = true, readOnlyBody = true, droppable = false}
MessageController: Subject = getWsConfig_workstationID
MessageController :: Passage par route ObjectMessage :ActiveMQObjectMessage {commandId = 5, responseRequired = false, messageId = ID:opendas-vm-36944-1404741291493-0:2:1:1:1, originalDestination = null, originalTransactionId = null, producerId = ID:opendas-vm-36944-1404741291493-0:2:1:1, destination = queue://DAS_SERVER, transactionId = null, expiration = 1404741292108, timestamp = 1404741291808, arrival = 0, brokerInTime = 1404741291809, brokerOutTime = 1404741291812, correlationId = null, replyTo = null, persistent = false, type = null, priority = 4, groupID = null, groupSequence = 0, targetConsumerId = null, compressed = false, userID = null, content = org.apache.activemq.util.ByteSequence@32060c, marshalledProperties = org.apache.activemq.util.ByteSequence@2b323e, dataStructure = null, redeliveryCounter = 0, size = 0, properties = {Station=WS1_pointage, Sujet=getWsConfig_workstationID}, readOnlyProperties = true, readOnlyBody = true, droppable = false}
MessageController: Message received : ServerRequest [attachement=1, fromUrl=DAS_CLIENT, sendUrl=DAS_SERVER, title=getWsConfig_workstationID, sendedDate=Mon Jul 07 15:54:51 CEST 2014, previousRequest=null]
MessageController: TITLE ====>getWsConfig_workstationID
MessageSender: Message send having for subject: WS1_pointage
MessageSender: Sending message: ServerRequest [attachement=WsConfig [configMaterial=[DASConfigMaterial [code=PKB, name=Keyboard1, port=null, workstation...
MessageController: config : WsConfig [configMaterial=[DASConfigMaterial [code=PKB, name=Keyboard1, port=null, workstation=DASWorkstation [code = 1, name = das test 1, force_pdf = false, config_ids = {IndirectList: not instantiated}], material=DASModelMaterial [, code=Keyboard1, name=Keyboard1, modelMaterial=DASModelMaterial [, typeMaterial=DASTypeMaterial [id=49, name=Physical keyboard]]], configTypeMaterial=DASConfigTypeMaterial [code=7, name=7, issimple=true, iscumulative=true, speed=16, parity=0, stop_bit=1, databit=8, dialog=[]]], DASConfigMaterial [code=das6, name=2, port=/dev/ttyUSB0, workstation=DASWorkstation [code = 1, name = das test 1, force_pdf = false, config_ids = {IndirectList: not instantiated}], material=DASModelMaterial [, code=4, name=Balance1, modelMaterial=DASModelMaterial [, typeMaterial=DASTypeMaterial [id=33, name=Balances]]], configTypeMaterial=DASConfigTypeMaterial [code=comr, name=SimucomR, issimple=false, iscumulative=false, speed=9600, parity=0, stop_bit=1, databit=8, dialog=[]]], DASConfigMaterial [code=rj3, name=Simu3, port=tcp://127.0.0.1:5433, workstation=DASWorkstation [code = 1, name = das test 1, force_pdf = false, config_ids = {IndirectList: not instantiated}], material=DASModelMaterial [, code=4, name=Balance1, modelMaterial=DASModelMaterial [, typeMaterial=DASTypeMaterial [id=33, name=Balances]]], configTypeMaterial=DASConfigTypeMaterial [code=5, name=5, issimple=false, iscumulative=false, speed=9600, parity=0, stop_bit=1, databit=8, dialog=[]]], DASConfigMaterial [code=rj2, name=Simu2, port=tcp://127.0.0.1:5431, workstation=DASWorkstation [code = 1, name = das test 1, force_pdf = false, config_ids = {IndirectList: not instantiated}], material=DASModelMaterial [, code=4, name=Balance1, modelMaterial=DASModelMaterial [, typeMaterial=DASTypeMaterial [id=33, name=Balances]]], configTypeMaterial=DASConfigTypeMaterial [code=2, name=2, issimple=false, iscumulative=false, speed=0, parity=0, stop_bit=0, databit=0, dialog=[]]], DASConfigMaterial [code=rj2bis, name=Simu4Bis, port=tcp://127.0.0.1:5431, workstation=DASWorkstation [code = 1, name = das test 1, force_pdf = false, config_ids = {IndirectList: not instantiated}], material=DASModelMaterial [, code=4, name=Balance1, modelMaterial=DASModelMaterial [, typeMaterial=DASTypeMaterial [id=33, name=Balances]]], configTypeMaterial=DASConfigTypeMaterial [code=6, name=6, issimple=false, iscumulative=false, speed=null, parity=null, stop_bit=null, databit=null, dialog=[]]], DASConfigMaterial [code=ScannerDC, name=ScannerDC, port=/dev/ttyUSB0, workstation=DASWorkstation [code = 1, name = das test 1, force_pdf = false, config_ids = {IndirectList: not instantiated}], material=DASModelMaterial [, code=ScannerDC, name=ScannerDC, modelMaterial=DASModelMaterial [, typeMaterial=DASTypeMaterial [id=34, name=Lecteurs id-barres]]], configTypeMaterial=DASConfigTypeMaterial [code=1usb, name=1usb, issimple=false, iscumulative=false, speed=9600, parity=0, stop_bit=1, databit=8, dialog=[]]], DASConfigMaterial [code=das2, name=das2, port=5474, workstation=DASWorkstation [code = 1, name = das test 1, force_pdf = false, config_ids = {IndirectList: not instantiated}], material=DASModelMaterial [, code=3, name=Scanner3, modelMaterial=DASModelMaterial [, typeMaterial=DASTypeMaterial [id=34, name=Lecteurs id-barres]]], configTypeMaterial=DASConfigTypeMaterial [code=2, name=2, issimple=false, iscumulative=false, speed=0, parity=0, stop_bit=0, databit=0, dialog=[]]], DASConfigMaterial [code=rj1, name=Simu01, port=5430, workstation=DASWorkstation [code = 1, name = das test 1, force_pdf = false, config_ids = {IndirectList: not instantiated}], material=DASModelMaterial [, code=4, name=Balance1, modelMaterial=DASModelMaterial [, typeMaterial=DASTypeMaterial [id=33, name=Balances]]], configTypeMaterial=DASConfigTypeMaterial [code=1, name=0, issimple=true, iscumulative=false, speed=0, parity=0, stop_bit=0, databit=0, dialog=[DASDialog [name =D1,header_code=null, sendReceiveData=I2_A_IND690-Count IZ05 (\d*) Kg, priority=1, waitingSecond=0, send=0, startCharPosition=null, stopCharPosition=null]]]], DASConfigMaterial [code=rj4, name=Simu4, port=tcp://172.26.44.118:5434, workstation=DASWorkstation [code = 1, name = das test 1, force_pdf = false, config_ids = {IndirectList: not instantiated}], material=DASModelMaterial [, code=4, name=Balance1, modelMaterial=DASModelMaterial [, typeMaterial=DASTypeMaterial [id=33, name=Balances]]], configTypeMaterial=DASConfigTypeMaterial [code=5, name=5, issimple=false, iscumulative=false, speed=9600, parity=0, stop_bit=1, databit=8, dialog=[]]]]]
MessageController: Passage by onMessage
MessageController :: Passage par route Message :ActiveMQObjectMessage {commandId = 8, responseRequired = false, messageId = ID:opendas-vm-36944-1404741291493-0:2:2:1:1, originalDestination = null, originalTransactionId = null, producerId = ID:opendas-vm-36944-1404741291493-0:2:2:1, destination = queue://DAS_SERVER, transactionId = null, expiration = 1404741292670, timestamp = 1404741292370, arrival = 0, brokerInTime = 1404741292370, brokerOutTime = 1404741292370, correlationId = null, replyTo = null, persistent = false, type = null, priority = 4, groupID = null, groupSequence = 0, targetConsumerId = null, compressed = false, userID = null, content = org.apache.activemq.util.ByteSequence@313170, marshalledProperties = org.apache.activemq.util.ByteSequence@1a4c5b4, dataStructure = null, redeliveryCounter = 0, size = 0, properties = {Station=WS1_pointage, Sujet=getWorkstationWithId}, readOnlyProperties = true, readOnlyBody = true, droppable = false}
MessageController: Subject = getWorkstationWithId
MessageController :: Passage par route ObjectMessage :ActiveMQObjectMessage {commandId = 8, responseRequired = false, messageId = ID:opendas-vm-36944-1404741291493-0:2:2:1:1, originalDestination = null, originalTransactionId = null, producerId = ID:opendas-vm-36944-1404741291493-0:2:2:1, destination = queue://DAS_SERVER, transactionId = null, expiration = 1404741292670, timestamp = 1404741292370, arrival = 0, brokerInTime = 1404741292370, brokerOutTime = 1404741292370, correlationId = null, replyTo = null, persistent = false, type = null, priority = 4, groupID = null, groupSequence = 0, targetConsumerId = null, compressed = false, userID = null, content = org.apache.activemq.util.ByteSequence@313170, marshalledProperties = org.apache.activemq.util.ByteSequence@1a4c5b4, dataStructure = null, redeliveryCounter = 0, size = 0, properties = {Station=WS1_pointage, Sujet=getWorkstationWithId}, readOnlyProperties = true, readOnlyBody = true, droppable = false}
MessageController: Message received : ServerRequest [attachement=1, fromUrl=DAS_CLIENT, sendUrl=DAS_SERVER, title=getWorkstationWithId, sendedDate=Mon Jul 07 15:54:52 CEST 2014, previousRequest=null]
MessageController: TITLE ====>getWorkstationWithId
MessageSender: Message send having for subject: WS1_pointage
MessageSender: Sending message: ServerRequest [attachement=DASWorkstation [code = 1, name = das test 1, force_pdf = false, config_ids = {IndirectList: n...
MessageController: Passage by onMessage
MessageController :: Passage par route Message :ActiveMQObjectMessage {commandId = 11, responseRequired = false, messageId = ID:opendas-vm-36944-1404741291493-0:2:3:1:1, originalDestination = null, originalTransactionId = null, producerId = ID:opendas-vm-36944-1404741291493-0:2:3:1, destination = queue://DAS_SERVER, transactionId = null, expiration = 1404741292782, timestamp = 1404741292482, arrival = 0, brokerInTime = 1404741292482, brokerOutTime = 1404741292482, correlationId = null, replyTo = null, persistent = false, type = null, priority = 4, groupID = null, groupSequence = 0, targetConsumerId = null, compressed = false, userID = null, content = org.apache.activemq.util.ByteSequence@4d2af2, marshalledProperties = org.apache.activemq.util.ByteSequence@3e97df, dataStructure = null, redeliveryCounter = 0, size = 0, properties = {Station=WS1_pointage, Sujet=getFctConfigsWithWsId}, readOnlyProperties = true, readOnlyBody = true, droppable = false}
MessageController: Subject = getFctConfigsWithWsId
MessageController :: Passage par route ObjectMessage :ActiveMQObjectMessage {commandId = 11, responseRequired = false, messageId = ID:opendas-vm-36944-1404741291493-0:2:3:1:1, originalDestination = null, originalTransactionId = null, producerId = ID:opendas-vm-36944-1404741291493-0:2:3:1, destination = queue://DAS_SERVER, transactionId = null, expiration = 1404741292782, timestamp = 1404741292482, arrival = 0, brokerInTime = 1404741292482, brokerOutTime = 1404741292482, correlationId = null, replyTo = null, persistent = false, type = null, priority = 4, groupID = null, groupSequence = 0, targetConsumerId = null, compressed = false, userID = null, content = org.apache.activemq.util.ByteSequence@4d2af2, marshalledProperties = org.apache.activemq.util.ByteSequence@3e97df, dataStructure = null, redeliveryCounter = 0, size = 0, properties = {Station=WS1_pointage, Sujet=getFctConfigsWithWsId}, readOnlyProperties = true, readOnlyBody = true, droppable = false}
MessageController: Message received : ServerRequest [attachement=1, fromUrl=DAS_CLIENT, sendUrl=DAS_SERVER, title=getFctConfigsWithWsId, sendedDate=Mon Jul 07 15:54:52 CEST 2014, previousRequest=null]
MessageController: TITLE ====>getFctConfigsWithWsId
DASConnexion :: getFctConfigs :1
MessageSender: Message send having for subject: WS1_pointage
MessageSender: Sending message: ServerRequest [attachement=[DASFunctionalConfig [mask=pointage, function_xml=<?xml version="1.0" encoding="UTF-8"?>
<fu...
MessageController: Passage by onMessage
MessageController :: Passage par route Message :ActiveMQObjectMessage {commandId = 14, responseRequired = false, messageId = ID:opendas-vm-36944-1404741291493-0:2:4:1:1, originalDestination = null, originalTransactionId = null, producerId = ID:opendas-vm-36944-1404741291493-0:2:4:1, destination = queue://DAS_SERVER, transactionId = null, expiration = 1404741292894, timestamp = 1404741292594, arrival = 0, brokerInTime = 1404741292594, brokerOutTime = 1404741292595, correlationId = null, replyTo = null, persistent = false, type = null, priority = 4, groupID = null, groupSequence = 0, targetConsumerId = null, compressed = false, userID = null, content = org.apache.activemq.util.ByteSequence@1f9338f, marshalledProperties = org.apache.activemq.util.ByteSequence@1a80aea, dataStructure = null, redeliveryCounter = 0, size = 0, properties = {Station=WS1_pointage, Sujet=getGraphConfigsWithWsId}, readOnlyProperties = true, readOnlyBody = true, droppable = false}
MessageController: Subject = getGraphConfigsWithWsId
MessageController :: Passage par route ObjectMessage :ActiveMQObjectMessage {commandId = 14, responseRequired = false, messageId = ID:opendas-vm-36944-1404741291493-0:2:4:1:1, originalDestination = null, originalTransactionId = null, producerId = ID:opendas-vm-36944-1404741291493-0:2:4:1, destination = queue://DAS_SERVER, transactionId = null, expiration = 1404741292894, timestamp = 1404741292594, arrival = 0, brokerInTime = 1404741292594, brokerOutTime = 1404741292595, correlationId = null, replyTo = null, persistent = false, type = null, priority = 4, groupID = null, groupSequence = 0, targetConsumerId = null, compressed = false, userID = null, content = org.apache.activemq.util.ByteSequence@1f9338f, marshalledProperties = org.apache.activemq.util.ByteSequence@1a80aea, dataStructure = null, redeliveryCounter = 0, size = 0, properties = {Station=WS1_pointage, Sujet=getGraphConfigsWithWsId}, readOnlyProperties = true, readOnlyBody = true, droppable = false}
MessageController: Message received : ServerRequest [attachement=1, fromUrl=DAS_CLIENT, sendUrl=DAS_SERVER, title=getGraphConfigsWithWsId, sendedDate=Mon Jul 07 15:54:52 CEST 2014, previousRequest=null]
MessageController: TITLE ====>getGraphConfigsWithWsId
DASConnexion :: getGraphConfigs :1
MessageSender: Message send having for subject: WS1_pointage
MessageSender: Sending message: ServerRequest [attachement=[DASGraphicalConfig [mask=decoupe, graphical_xml=<?xml version="1.0" encoding="UTF-8"?>
<pan...
MessageController: Passage by onMessage
MessageController :: Passage par route Message :ActiveMQObjectMessage {commandId = 17, responseRequired = false, messageId = ID:opendas-vm-36944-1404741291493-0:2:5:1:1, originalDestination = null, originalTransactionId = null, producerId = ID:opendas-vm-36944-1404741291493-0:2:5:1, destination = queue://DAS_SERVER, transactionId = null, expiration = 1404741293290, timestamp = 1404741292990, arrival = 0, brokerInTime = 1404741292990, brokerOutTime = 1404741292990, correlationId = null, replyTo = null, persistent = false, type = null, priority = 4, groupID = null, groupSequence = 0, targetConsumerId = null, compressed = false, userID = null, content = org.apache.activemq.util.ByteSequence@105eb6f, marshalledProperties = org.apache.activemq.util.ByteSequence@1a3ca10, dataStructure = null, redeliveryCounter = 0, size = 0, properties = {Station=WS1_pointage, Sujet=getGraphConfigsWithWsId}, readOnlyProperties = true, readOnlyBody = true, droppable = false}
MessageController: Subject = getGraphConfigsWithWsId
MessageController :: Passage par route ObjectMessage :ActiveMQObjectMessage {commandId = 17, responseRequired = false, messageId = ID:opendas-vm-36944-1404741291493-0:2:5:1:1, originalDestination = null, originalTransactionId = null, producerId = ID:opendas-vm-36944-1404741291493-0:2:5:1, destination = queue://DAS_SERVER, transactionId = null, expiration = 1404741293290, timestamp = 1404741292990, arrival = 0, brokerInTime = 1404741292990, brokerOutTime = 1404741292990, correlationId = null, replyTo = null, persistent = false, type = null, priority = 4, groupID = null, groupSequence = 0, targetConsumerId = null, compressed = false, userID = null, content = org.apache.activemq.util.ByteSequence@105eb6f, marshalledProperties = org.apache.activemq.util.ByteSequence@1a3ca10, dataStructure = null, redeliveryCounter = 0, size = 0, properties = {Station=WS1_pointage, Sujet=getGraphConfigsWithWsId}, readOnlyProperties = true, readOnlyBody = true, droppable = false}
MessageController: Message received : ServerRequest [attachement=1, fromUrl=DAS_CLIENT, sendUrl=DAS_SERVER, title=getGraphConfigsWithWsId, sendedDate=Mon Jul 07 15:54:52 CEST 2014, previousRequest=null]
MessageController: TITLE ====>getGraphConfigsWithWsId
DASConnexion :: getGraphConfigs :1
MessageSender: Message send having for subject: WS1_pointage
MessageSender: Sending message: ServerRequest [attachement=[DASGraphicalConfig [mask=decoupe, graphical_xml=<?xml version="1.0" encoding="UTF-8"?>
<pan...
MessageController: Passage by onMessage
MessageController :: Passage par route Message :ActiveMQObjectMessage {commandId = 20, responseRequired = false, messageId = ID:opendas-vm-36944-1404741291493-0:2:6:1:1, originalDestination = null, originalTransactionId = null, producerId = ID:opendas-vm-36944-1404741291493-0:2:6:1, destination = queue://DAS_SERVER, transactionId = null, expiration = 1404741294214, timestamp = 1404741293914, arrival = 0, brokerInTime = 1404741293915, brokerOutTime = 1404741293915, correlationId = null, replyTo = null, persistent = false, type = null, priority = 4, groupID = null, groupSequence = 0, targetConsumerId = null, compressed = false, userID = null, content = org.apache.activemq.util.ByteSequence@1858aa0, marshalledProperties = org.apache.activemq.util.ByteSequence@504ec1, dataStructure = null, redeliveryCounter = 0, size = 0, properties = {Station=WS1_pointage, Sujet=getListTemplateReport}, readOnlyProperties = true, readOnlyBody = true, droppable = false}
MessageController: Subject = getListTemplateReport
MessageController :: Passage par route ObjectMessage :ActiveMQObjectMessage {commandId = 20, responseRequired = false, messageId = ID:opendas-vm-36944-1404741291493-0:2:6:1:1, originalDestination = null, originalTransactionId = null, producerId = ID:opendas-vm-36944-1404741291493-0:2:6:1, destination = queue://DAS_SERVER, transactionId = null, expiration = 1404741294214, timestamp = 1404741293914, arrival = 0, brokerInTime = 1404741293915, brokerOutTime = 1404741293915, correlationId = null, replyTo = null, persistent = false, type = null, priority = 4, groupID = null, groupSequence = 0, targetConsumerId = null, compressed = false, userID = null, content = org.apache.activemq.util.ByteSequence@1858aa0, marshalledProperties = org.apache.activemq.util.ByteSequence@504ec1, dataStructure = null, redeliveryCounter = 0, size = 0, properties = {Station=WS1_pointage, Sujet=getListTemplateReport}, readOnlyProperties = true, readOnlyBody = true, droppable = false}
MessageController: Message received : ServerRequest [attachement=null, fromUrl=DAS_CLIENT, sendUrl=DAS_SERVER, title=getListTemplateReport, sendedDate=Mon Jul 07 15:54:53 CEST 2014, previousRequest=null]
MessageController: TITLE ====>getListTemplateReport
DASConnexion:  ===== GETLTP
DASConnexion:  ===== : [DASDataModel [id=1, name=report5, template=<?xml version="1.0" encoding="UTF-8"?>
<jasperReport xmlns="http://jasperreports.sourceforge.net/jasperreports" xmlns:xsi="http://www.w3.org/2001/XMLSchema-instance" xsi:schemaLocation="http://jasperreports.sourceforge.net/jasperreports http://jasperreports.sourceforge.net/xsd/jasperreport.xsd" name="report name" pageWidth="595" pageHeight="842" columnWidth="535" leftMargin="20" rightMargin="20" topMargin="20" bottomMargin="20">
	<parameter name="NOM_MORCEAU" class="java.lang.String"/>
	<parameter name="NUM_SSCC" class="java.lang.String"/>
	<parameter name="NUM_ARTICLE" class="java.lang.Integer"/>
	<parameter name="NUM_LOT" class="java.lang.String"/>
	
	<title>
		<band height="802" splitType="Prevent">
			<staticText>
				<reportElement x="0" y="0" width="555" height="20"/>
				<textElement textAlignment="Left" verticalAlignment="Middle">
					<font size="14" isBold="true"/>
				</textElement>
				<text><![CDATA[Boucherie Factice OpenAgro - 9 rue Alfred Kastler - 44300 Nantes]]></text>
			</staticText>
			<staticText>
				<reportElement x="0" y="179" width="142" height="18"/>
				<box rightPadding="0"/>
				<textElement textAlignment="Right">
					<font size="14"/>
				</textElement>
				<text><![CDATA[Date d'emballage :]]></text>
			</staticText>
			<textField>
				<reportElement mode="Opaque" x="0" y="83" width="555" height="20" forecolor="#FFFFFF" backcolor="#000000"/>
				<textElement textAlignment="Center" verticalAlignment="Middle">
					<font size="14" isBold="true"/>
				</textElement>
				<textFieldExpression class="java.lang.String"><![CDATA["Code Article : " + $P{NUM_ARTICLE}]]></textFieldExpression>
			</textField>
			<textField>
				<reportElement x="205" y="179" width="370" height="18"/>
				<textElement>
					<font size="14"/>
				</textElement>
				<textFieldExpression class="java.util.Date"><![CDATA[new Date()]]></textFieldExpression>
			</textField>
			<staticText>
				<reportElement x="0" y="197" width="142" height="18"/>
				<box rightPadding="0"/>
				<textElement textAlignment="Right">
					<font size="14"/>
				</textElement>
				<text><![CDATA[N° Sanitel :]]></text>
			</staticText>
			<textField>
				<reportElement x="205" y="197" width="370" height="18"/>
				<textElement>
					<font size="14"/>
				</textElement>
				<textFieldExpression class="java.lang.String"><![CDATA[$P{NUM_LOT}]]></textFieldExpression>
			</textField>
			<textField>
				<reportElement x="0" y="63" width="555" height="20"/>
				<textElement textAlignment="Center">
					<font size="14" isBold="true"/>
				</textElement>
				<textFieldExpression class="java.lang.String"><![CDATA[$P{NOM_MORCEAU}]]></textFieldExpression>
			</textField>
			<componentElement>
				<reportElement mode="Opaque" x="117" y="116" width="396" height="49"/>
				<jr:barbecue xmlns:jr="http://jasperreports.sourceforge.net/jasperreports/components" xsi:schemaLocation="http://jasperreports.sourceforge.net/jasperreports/components http://jasperreports.sourceforge.net/xsd/components.xsd" type="Code39 (Extended)" drawText="true" checksumRequired="false" evaluationTime="Report">
					<jr:codeExpression><![CDATA[$P{NUM_SSCC}]]></jr:codeExpression>
				</jr:barbecue>
			</componentElement>
			<image>
				<reportElement mode="Transparent" x="0" y="20" width="142" height="63"/>
				<imageExpression class="java.lang.String"><![CDATA[System.getProperty("user.dir")+"/ressources/openAgro5a_p.jpg"]]></imageExpression>
			</image>
			<image>
				<reportElement x="417" y="20" width="138" height="63"/>
				<imageExpression class="java.lang.String"><![CDATA[System.getProperty("user.dir")+"/ressources/logo_EVA.jpg"]]></imageExpression>
			</image>
		</band>
	</title>
</jasperReport>]]
MessageSender: Message send having for subject: WS1_pointage
MessageSender: Sending message: ServerRequest [attachement=[DASDataModel [id=1, name=report5, template=<?xml version="1.0" encoding="UTF-8"?>
<jasperRe...
MessageController: Passage by onMessage
MessageController :: Passage par route Message :ActiveMQObjectMessage {commandId = 23, responseRequired = false, messageId = ID:opendas-vm-36944-1404741291493-0:2:7:1:1, originalDestination = null, originalTransactionId = null, producerId = ID:opendas-vm-36944-1404741291493-0:2:7:1, destination = queue://DAS_SERVER, transactionId = null, expiration = 1404741294344, timestamp = 1404741294044, arrival = 0, brokerInTime = 1404741294044, brokerOutTime = 1404741294044, correlationId = null, replyTo = null, persistent = false, type = null, priority = 4, groupID = null, groupSequence = 0, targetConsumerId = null, compressed = false, userID = null, content = org.apache.activemq.util.ByteSequence@d480ea, marshalledProperties = org.apache.activemq.util.ByteSequence@15b8520, dataStructure = null, redeliveryCounter = 0, size = 0, properties = {Station=WS1_pointage, Sujet=getListTemplateSupervision}, readOnlyProperties = true, readOnlyBody = true, droppable = false}
MessageController: Subject = getListTemplateSupervision
MessageController :: Passage par route ObjectMessage :ActiveMQObjectMessage {commandId = 23, responseRequired = false, messageId = ID:opendas-vm-36944-1404741291493-0:2:7:1:1, originalDestination = null, originalTransactionId = null, producerId = ID:opendas-vm-36944-1404741291493-0:2:7:1, destination = queue://DAS_SERVER, transactionId = null, expiration = 1404741294344, timestamp = 1404741294044, arrival = 0, brokerInTime = 1404741294044, brokerOutTime = 1404741294044, correlationId = null, replyTo = null, persistent = false, type = null, priority = 4, groupID = null, groupSequence = 0, targetConsumerId = null, compressed = false, userID = null, content = org.apache.activemq.util.ByteSequence@d480ea, marshalledProperties = org.apache.activemq.util.ByteSequence@15b8520, dataStructure = null, redeliveryCounter = 0, size = 0, properties = {Station=WS1_pointage, Sujet=getListTemplateSupervision}, readOnlyProperties = true, readOnlyBody = true, droppable = false}
MessageController: Message received : ServerRequest [attachement=null, fromUrl=DAS_CLIENT, sendUrl=DAS_SERVER, title=getListTemplateSupervision, sendedDate=Mon Jul 07 15:54:54 CEST 2014, previousRequest=null]
MessageController: TITLE ====>getListTemplateSupervision
DASConnexion:  ===== GETLTS
DASConnexion:  ===== : []
MessageSender: Message send having for subject: WS1_pointage
MessageSender: Sending message: ServerRequest [attachement=[], fromUrl=DAS_SERVER, sendUrl=DAS_CLIENT, title=null, sendedDate=Mon Jul 07 15:54:54 CEST 2...
MessageController: Passage by onMessage
MessageController :: Passage par route Message :ActiveMQObjectMessage {commandId = 26, responseRequired = false, messageId = ID:opendas-vm-36944-1404741291493-0:2:8:1:1, originalDestination = null, originalTransactionId = null, producerId = ID:opendas-vm-36944-1404741291493-0:2:8:1, destination = queue://DAS_SERVER, transactionId = null, expiration = 1404741294459, timestamp = 1404741294159, arrival = 0, brokerInTime = 1404741294159, brokerOutTime = 1404741294159, correlationId = null, replyTo = null, persistent = false, type = null, priority = 4, groupID = null, groupSequence = 0, targetConsumerId = null, compressed = false, userID = null, content = org.apache.activemq.util.ByteSequence@c4bc34, marshalledProperties = org.apache.activemq.util.ByteSequence@2006a0, dataStructure = null, redeliveryCounter = 0, size = 0, properties = {Station=WS1_pointage, Sujet=getListEan128}, readOnlyProperties = true, readOnlyBody = true, droppable = false}
MessageController: Subject = getListEan128
MessageController :: Passage par route ObjectMessage :ActiveMQObjectMessage {commandId = 26, responseRequired = false, messageId = ID:opendas-vm-36944-1404741291493-0:2:8:1:1, originalDestination = null, originalTransactionId = null, producerId = ID:opendas-vm-36944-1404741291493-0:2:8:1, destination = queue://DAS_SERVER, transactionId = null, expiration = 1404741294459, timestamp = 1404741294159, arrival = 0, brokerInTime = 1404741294159, brokerOutTime = 1404741294159, correlationId = null, replyTo = null, persistent = false, type = null, priority = 4, groupID = null, groupSequence = 0, targetConsumerId = null, compressed = false, userID = null, content = org.apache.activemq.util.ByteSequence@c4bc34, marshalledProperties = org.apache.activemq.util.ByteSequence@2006a0, dataStructure = null, redeliveryCounter = 0, size = 0, properties = {Station=WS1_pointage, Sujet=getListEan128}, readOnlyProperties = true, readOnlyBody = true, droppable = false}
MessageController: Message received : ServerRequest [attachement=null, fromUrl=DAS_CLIENT, sendUrl=DAS_SERVER, title=getListEan128, sendedDate=Mon Jul 07 15:54:54 CEST 2014, previousRequest=null]
MessageController: TITLE ====>getListEan128
MessageSender: Message send having for subject: WS1_pointage
MessageSender: Sending message: ServerRequest [attachement=[], fromUrl=DAS_SERVER, sendUrl=DAS_CLIENT, title=null, sendedDate=Mon Jul 07 15:54:54 CEST 2...
MessageController: Passage by onMessage
MessageController :: Passage par route Message :ActiveMQObjectMessage {commandId = 5, responseRequired = false, messageId = ID:opendas-vm-56857-1404741360381-0:2:1:1:1, originalDestination = null, originalTransactionId = null, producerId = ID:opendas-vm-56857-1404741360381-0:2:1:1, destination = queue://DAS_SERVER, transactionId = null, expiration = 1404741361061, timestamp = 1404741360761, arrival = 0, brokerInTime = 1404741360764, brokerOutTime = 1404741360764, correlationId = null, replyTo = null, persistent = false, type = null, priority = 4, groupID = null, groupSequence = 0, targetConsumerId = null, compressed = false, userID = null, content = org.apache.activemq.util.ByteSequence@74cb02, marshalledProperties = org.apache.activemq.util.ByteSequence@1bc1fb9, dataStructure = null, redeliveryCounter = 0, size = 0, properties = {Station=WS1_pointage, Sujet=getWsConfig_workstationID}, readOnlyProperties = true, readOnlyBody = true, droppable = false}
MessageController: Subject = getWsConfig_workstationID
MessageController :: Passage par route ObjectMessage :ActiveMQObjectMessage {commandId = 5, responseRequired = false, messageId = ID:opendas-vm-56857-1404741360381-0:2:1:1:1, originalDestination = null, originalTransactionId = null, producerId = ID:opendas-vm-56857-1404741360381-0:2:1:1, destination = queue://DAS_SERVER, transactionId = null, expiration = 1404741361061, timestamp = 1404741360761, arrival = 0, brokerInTime = 1404741360764, brokerOutTime = 1404741360764, correlationId = null, replyTo = null, persistent = false, type = null, priority = 4, groupID = null, groupSequence = 0, targetConsumerId = null, compressed = false, userID = null, content = org.apache.activemq.util.ByteSequence@74cb02, marshalledProperties = org.apache.activemq.util.ByteSequence@1bc1fb9, dataStructure = null, redeliveryCounter = 0, size = 0, properties = {Station=WS1_pointage, Sujet=getWsConfig_workstationID}, readOnlyProperties = true, readOnlyBody = true, droppable = false}
MessageController: Message received : ServerRequest [attachement=1, fromUrl=DAS_CLIENT, sendUrl=DAS_SERVER, title=getWsConfig_workstationID, sendedDate=Mon Jul 07 15:56:00 CEST 2014, previousRequest=null]
MessageController: TITLE ====>getWsConfig_workstationID
MessageSender: Message send having for subject: WS1_pointage
MessageSender: Sending message: ServerRequest [attachement=WsConfig [configMaterial=[DASConfigMaterial [code=PKB, name=Keyboard1, port=null, workstation...
MessageController: config : WsConfig [configMaterial=[DASConfigMaterial [code=PKB, name=Keyboard1, port=null, workstation=DASWorkstation [code = 1, name = das test 1, force_pdf = false, config_ids = {IndirectList: not instantiated}], material=DASModelMaterial [, code=Keyboard1, name=Keyboard1, modelMaterial=DASModelMaterial [, typeMaterial=DASTypeMaterial [id=49, name=Physical keyboard]]], configTypeMaterial=DASConfigTypeMaterial [code=7, name=7, issimple=true, iscumulative=true, speed=16, parity=0, stop_bit=1, databit=8, dialog=[]]], DASConfigMaterial [code=das6, name=2, port=/dev/ttyUSB0, workstation=DASWorkstation [code = 1, name = das test 1, force_pdf = false, config_ids = {IndirectList: not instantiated}], material=DASModelMaterial [, code=4, name=Balance1, modelMaterial=DASModelMaterial [, typeMaterial=DASTypeMaterial [id=33, name=Balances]]], configTypeMaterial=DASConfigTypeMaterial [code=comr, name=SimucomR, issimple=false, iscumulative=false, speed=9600, parity=0, stop_bit=1, databit=8, dialog=[]]], DASConfigMaterial [code=rj3, name=Simu3, port=tcp://127.0.0.1:5433, workstation=DASWorkstation [code = 1, name = das test 1, force_pdf = false, config_ids = {IndirectList: not instantiated}], material=DASModelMaterial [, code=4, name=Balance1, modelMaterial=DASModelMaterial [, typeMaterial=DASTypeMaterial [id=33, name=Balances]]], configTypeMaterial=DASConfigTypeMaterial [code=5, name=5, issimple=false, iscumulative=false, speed=9600, parity=0, stop_bit=1, databit=8, dialog=[]]], DASConfigMaterial [code=rj2, name=Simu2, port=tcp://127.0.0.1:5431, workstation=DASWorkstation [code = 1, name = das test 1, force_pdf = false, config_ids = {IndirectList: not instantiated}], material=DASModelMaterial [, code=4, name=Balance1, modelMaterial=DASModelMaterial [, typeMaterial=DASTypeMaterial [id=33, name=Balances]]], configTypeMaterial=DASConfigTypeMaterial [code=2, name=2, issimple=false, iscumulative=false, speed=0, parity=0, stop_bit=0, databit=0, dialog=[]]], DASConfigMaterial [code=rj2bis, name=Simu4Bis, port=tcp://127.0.0.1:5431, workstation=DASWorkstation [code = 1, name = das test 1, force_pdf = false, config_ids = {IndirectList: not instantiated}], material=DASModelMaterial [, code=4, name=Balance1, modelMaterial=DASModelMaterial [, typeMaterial=DASTypeMaterial [id=33, name=Balances]]], configTypeMaterial=DASConfigTypeMaterial [code=6, name=6, issimple=false, iscumulative=false, speed=null, parity=null, stop_bit=null, databit=null, dialog=[]]], DASConfigMaterial [code=ScannerDC, name=ScannerDC, port=/dev/ttyUSB0, workstation=DASWorkstation [code = 1, name = das test 1, force_pdf = false, config_ids = {IndirectList: not instantiated}], material=DASModelMaterial [, code=ScannerDC, name=ScannerDC, modelMaterial=DASModelMaterial [, typeMaterial=DASTypeMaterial [id=34, name=Lecteurs id-barres]]], configTypeMaterial=DASConfigTypeMaterial [code=1usb, name=1usb, issimple=false, iscumulative=false, speed=9600, parity=0, stop_bit=1, databit=8, dialog=[]]], DASConfigMaterial [code=das2, name=das2, port=5474, workstation=DASWorkstation [code = 1, name = das test 1, force_pdf = false, config_ids = {IndirectList: not instantiated}], material=DASModelMaterial [, code=3, name=Scanner3, modelMaterial=DASModelMaterial [, typeMaterial=DASTypeMaterial [id=34, name=Lecteurs id-barres]]], configTypeMaterial=DASConfigTypeMaterial [code=2, name=2, issimple=false, iscumulative=false, speed=0, parity=0, stop_bit=0, databit=0, dialog=[]]], DASConfigMaterial [code=rj1, name=Simu01, port=5430, workstation=DASWorkstation [code = 1, name = das test 1, force_pdf = false, config_ids = {IndirectList: not instantiated}], material=DASModelMaterial [, code=4, name=Balance1, modelMaterial=DASModelMaterial [, typeMaterial=DASTypeMaterial [id=33, name=Balances]]], configTypeMaterial=DASConfigTypeMaterial [code=1, name=0, issimple=true, iscumulative=false, speed=0, parity=0, stop_bit=0, databit=0, dialog=[DASDialog [name =D1,header_code=null, sendReceiveData=I2_A_IND690-Count IZ05 (\d*) Kg, priority=1, waitingSecond=0, send=0, startCharPosition=null, stopCharPosition=null]]]], DASConfigMaterial [code=rj4, name=Simu4, port=tcp://172.26.44.118:5434, workstation=DASWorkstation [code = 1, name = das test 1, force_pdf = false, config_ids = {IndirectList: not instantiated}], material=DASModelMaterial [, code=4, name=Balance1, modelMaterial=DASModelMaterial [, typeMaterial=DASTypeMaterial [id=33, name=Balances]]], configTypeMaterial=DASConfigTypeMaterial [code=5, name=5, issimple=false, iscumulative=false, speed=9600, parity=0, stop_bit=1, databit=8, dialog=[]]]]]
MessageController: Passage by onMessage
MessageController :: Passage par route Message :ActiveMQObjectMessage {commandId = 8, responseRequired = false, messageId = ID:opendas-vm-56857-1404741360381-0:2:2:1:1, originalDestination = null, originalTransactionId = null, producerId = ID:opendas-vm-56857-1404741360381-0:2:2:1, destination = queue://DAS_SERVER, transactionId = null, expiration = 1404741361410, timestamp = 1404741361110, arrival = 0, brokerInTime = 1404741361110, brokerOutTime = 1404741361110, correlationId = null, replyTo = null, persistent = false, type = null, priority = 4, groupID = null, groupSequence = 0, targetConsumerId = null, compressed = false, userID = null, content = org.apache.activemq.util.ByteSequence@1d38b87, marshalledProperties = org.apache.activemq.util.ByteSequence@16d835f, dataStructure = null, redeliveryCounter = 0, size = 0, properties = {Station=WS1_pointage, Sujet=getWorkstationWithId}, readOnlyProperties = true, readOnlyBody = true, droppable = false}
MessageController: Subject = getWorkstationWithId
MessageController :: Passage par route ObjectMessage :ActiveMQObjectMessage {commandId = 8, responseRequired = false, messageId = ID:opendas-vm-56857-1404741360381-0:2:2:1:1, originalDestination = null, originalTransactionId = null, producerId = ID:opendas-vm-56857-1404741360381-0:2:2:1, destination = queue://DAS_SERVER, transactionId = null, expiration = 1404741361410, timestamp = 1404741361110, arrival = 0, brokerInTime = 1404741361110, brokerOutTime = 1404741361110, correlationId = null, replyTo = null, persistent = false, type = null, priority = 4, groupID = null, groupSequence = 0, targetConsumerId = null, compressed = false, userID = null, content = org.apache.activemq.util.ByteSequence@1d38b87, marshalledProperties = org.apache.activemq.util.ByteSequence@16d835f, dataStructure = null, redeliveryCounter = 0, size = 0, properties = {Station=WS1_pointage, Sujet=getWorkstationWithId}, readOnlyProperties = true, readOnlyBody = true, droppable = false}
MessageController: Message received : ServerRequest [attachement=1, fromUrl=DAS_CLIENT, sendUrl=DAS_SERVER, title=getWorkstationWithId, sendedDate=Mon Jul 07 15:56:01 CEST 2014, previousRequest=null]
MessageController: TITLE ====>getWorkstationWithId
MessageSender: Message send having for subject: WS1_pointage
MessageSender: Sending message: ServerRequest [attachement=DASWorkstation [code = 1, name = das test 1, force_pdf = false, config_ids = {IndirectList: n...
MessageController: Passage by onMessage
MessageController :: Passage par route Message :ActiveMQObjectMessage {commandId = 11, responseRequired = false, messageId = ID:opendas-vm-56857-1404741360381-0:2:3:1:1, originalDestination = null, originalTransactionId = null, producerId = ID:opendas-vm-56857-1404741360381-0:2:3:1, destination = queue://DAS_SERVER, transactionId = null, expiration = 1404741361524, timestamp = 1404741361224, arrival = 0, brokerInTime = 1404741361224, brokerOutTime = 1404741361224, correlationId = null, replyTo = null, persistent = false, type = null, priority = 4, groupID = null, groupSequence = 0, targetConsumerId = null, compressed = false, userID = null, content = org.apache.activemq.util.ByteSequence@1cbfa42, marshalledProperties = org.apache.activemq.util.ByteSequence@9b1670, dataStructure = null, redeliveryCounter = 0, size = 0, properties = {Station=WS1_pointage, Sujet=getFctConfigsWithWsId}, readOnlyProperties = true, readOnlyBody = true, droppable = false}
MessageController: Subject = getFctConfigsWithWsId
MessageController :: Passage par route ObjectMessage :ActiveMQObjectMessage {commandId = 11, responseRequired = false, messageId = ID:opendas-vm-56857-1404741360381-0:2:3:1:1, originalDestination = null, originalTransactionId = null, producerId = ID:opendas-vm-56857-1404741360381-0:2:3:1, destination = queue://DAS_SERVER, transactionId = null, expiration = 1404741361524, timestamp = 1404741361224, arrival = 0, brokerInTime = 1404741361224, brokerOutTime = 1404741361224, correlationId = null, replyTo = null, persistent = false, type = null, priority = 4, groupID = null, groupSequence = 0, targetConsumerId = null, compressed = false, userID = null, content = org.apache.activemq.util.ByteSequence@1cbfa42, marshalledProperties = org.apache.activemq.util.ByteSequence@9b1670, dataStructure = null, redeliveryCounter = 0, size = 0, properties = {Station=WS1_pointage, Sujet=getFctConfigsWithWsId}, readOnlyProperties = true, readOnlyBody = true, droppable = false}
MessageController: Message received : ServerRequest [attachement=1, fromUrl=DAS_CLIENT, sendUrl=DAS_SERVER, title=getFctConfigsWithWsId, sendedDate=Mon Jul 07 15:56:01 CEST 2014, previousRequest=null]
MessageController: TITLE ====>getFctConfigsWithWsId
DASConnexion :: getFctConfigs :1
MessageSender: Message send having for subject: WS1_pointage
MessageSender: Sending message: ServerRequest [attachement=[DASFunctionalConfig [mask=pointage, function_xml=<?xml version="1.0" encoding="UTF-8"?>
<fu...
MessageController: Passage by onMessage
MessageController :: Passage par route Message :ActiveMQObjectMessage {commandId = 14, responseRequired = false, messageId = ID:opendas-vm-56857-1404741360381-0:2:4:1:1, originalDestination = null, originalTransactionId = null, producerId = ID:opendas-vm-56857-1404741360381-0:2:4:1, destination = queue://DAS_SERVER, transactionId = null, expiration = 1404741361650, timestamp = 1404741361350, arrival = 0, brokerInTime = 1404741361350, brokerOutTime = 1404741361350, correlationId = null, replyTo = null, persistent = false, type = null, priority = 4, groupID = null, groupSequence = 0, targetConsumerId = null, compressed = false, userID = null, content = org.apache.activemq.util.ByteSequence@1e55794, marshalledProperties = org.apache.activemq.util.ByteSequence@1d8d237, dataStructure = null, redeliveryCounter = 0, size = 0, properties = {Station=WS1_pointage, Sujet=getGraphConfigsWithWsId}, readOnlyProperties = true, readOnlyBody = true, droppable = false}
MessageController: Subject = getGraphConfigsWithWsId
MessageController :: Passage par route ObjectMessage :ActiveMQObjectMessage {commandId = 14, responseRequired = false, messageId = ID:opendas-vm-56857-1404741360381-0:2:4:1:1, originalDestination = null, originalTransactionId = null, producerId = ID:opendas-vm-56857-1404741360381-0:2:4:1, destination = queue://DAS_SERVER, transactionId = null, expiration = 1404741361650, timestamp = 1404741361350, arrival = 0, brokerInTime = 1404741361350, brokerOutTime = 1404741361350, correlationId = null, replyTo = null, persistent = false, type = null, priority = 4, groupID = null, groupSequence = 0, targetConsumerId = null, compressed = false, userID = null, content = org.apache.activemq.util.ByteSequence@1e55794, marshalledProperties = org.apache.activemq.util.ByteSequence@1d8d237, dataStructure = null, redeliveryCounter = 0, size = 0, properties = {Station=WS1_pointage, Sujet=getGraphConfigsWithWsId}, readOnlyProperties = true, readOnlyBody = true, droppable = false}
MessageController: Message received : ServerRequest [attachement=1, fromUrl=DAS_CLIENT, sendUrl=DAS_SERVER, title=getGraphConfigsWithWsId, sendedDate=Mon Jul 07 15:56:01 CEST 2014, previousRequest=null]
MessageController: TITLE ====>getGraphConfigsWithWsId
DASConnexion :: getGraphConfigs :1
MessageSender: Message send having for subject: WS1_pointage
MessageSender: Sending message: ServerRequest [attachement=[DASGraphicalConfig [mask=decoupe, graphical_xml=<?xml version="1.0" encoding="UTF-8"?>
<pan...
MessageController: Passage by onMessage
MessageController :: Passage par route Message :ActiveMQObjectMessage {commandId = 17, responseRequired = false, messageId = ID:opendas-vm-56857-1404741360381-0:2:5:1:1, originalDestination = null, originalTransactionId = null, producerId = ID:opendas-vm-56857-1404741360381-0:2:5:1, destination = queue://DAS_SERVER, transactionId = null, expiration = 1404741362155, timestamp = 1404741361855, arrival = 0, brokerInTime = 1404741361855, brokerOutTime = 1404741361855, correlationId = null, replyTo = null, persistent = false, type = null, priority = 4, groupID = null, groupSequence = 0, targetConsumerId = null, compressed = false, userID = null, content = org.apache.activemq.util.ByteSequence@2cbc86, marshalledProperties = org.apache.activemq.util.ByteSequence@10d3f0d, dataStructure = null, redeliveryCounter = 0, size = 0, properties = {Station=WS1_pointage, Sujet=getGraphConfigsWithWsId}, readOnlyProperties = true, readOnlyBody = true, droppable = false}
MessageController: Subject = getGraphConfigsWithWsId
MessageController :: Passage par route ObjectMessage :ActiveMQObjectMessage {commandId = 17, responseRequired = false, messageId = ID:opendas-vm-56857-1404741360381-0:2:5:1:1, originalDestination = null, originalTransactionId = null, producerId = ID:opendas-vm-56857-1404741360381-0:2:5:1, destination = queue://DAS_SERVER, transactionId = null, expiration = 1404741362155, timestamp = 1404741361855, arrival = 0, brokerInTime = 1404741361855, brokerOutTime = 1404741361855, correlationId = null, replyTo = null, persistent = false, type = null, priority = 4, groupID = null, groupSequence = 0, targetConsumerId = null, compressed = false, userID = null, content = org.apache.activemq.util.ByteSequence@2cbc86, marshalledProperties = org.apache.activemq.util.ByteSequence@10d3f0d, dataStructure = null, redeliveryCounter = 0, size = 0, properties = {Station=WS1_pointage, Sujet=getGraphConfigsWithWsId}, readOnlyProperties = true, readOnlyBody = true, droppable = false}
MessageController: Message received : ServerRequest [attachement=1, fromUrl=DAS_CLIENT, sendUrl=DAS_SERVER, title=getGraphConfigsWithWsId, sendedDate=Mon Jul 07 15:56:01 CEST 2014, previousRequest=null]
MessageController: TITLE ====>getGraphConfigsWithWsId
DASConnexion :: getGraphConfigs :1
MessageSender: Message send having for subject: WS1_pointage
MessageSender: Sending message: ServerRequest [attachement=[DASGraphicalConfig [mask=decoupe, graphical_xml=<?xml version="1.0" encoding="UTF-8"?>
<pan...
MessageController: Passage by onMessage
MessageController :: Passage par route Message :ActiveMQObjectMessage {commandId = 20, responseRequired = false, messageId = ID:opendas-vm-56857-1404741360381-0:2:6:1:1, originalDestination = null, originalTransactionId = null, producerId = ID:opendas-vm-56857-1404741360381-0:2:6:1, destination = queue://DAS_SERVER, transactionId = null, expiration = 1404741363140, timestamp = 1404741362840, arrival = 0, brokerInTime = 1404741362840, brokerOutTime = 1404741362840, correlationId = null, replyTo = null, persistent = false, type = null, priority = 4, groupID = null, groupSequence = 0, targetConsumerId = null, compressed = false, userID = null, content = org.apache.activemq.util.ByteSequence@13d1402, marshalledProperties = org.apache.activemq.util.ByteSequence@eca36e, dataStructure = null, redeliveryCounter = 0, size = 0, properties = {Station=WS1_pointage, Sujet=getListTemplateReport}, readOnlyProperties = true, readOnlyBody = true, droppable = false}
MessageController: Subject = getListTemplateReport
MessageController :: Passage par route ObjectMessage :ActiveMQObjectMessage {commandId = 20, responseRequired = false, messageId = ID:opendas-vm-56857-1404741360381-0:2:6:1:1, originalDestination = null, originalTransactionId = null, producerId = ID:opendas-vm-56857-1404741360381-0:2:6:1, destination = queue://DAS_SERVER, transactionId = null, expiration = 1404741363140, timestamp = 1404741362840, arrival = 0, brokerInTime = 1404741362840, brokerOutTime = 1404741362840, correlationId = null, replyTo = null, persistent = false, type = null, priority = 4, groupID = null, groupSequence = 0, targetConsumerId = null, compressed = false, userID = null, content = org.apache.activemq.util.ByteSequence@13d1402, marshalledProperties = org.apache.activemq.util.ByteSequence@eca36e, dataStructure = null, redeliveryCounter = 0, size = 0, properties = {Station=WS1_pointage, Sujet=getListTemplateReport}, readOnlyProperties = true, readOnlyBody = true, droppable = false}
MessageController: Message received : ServerRequest [attachement=null, fromUrl=DAS_CLIENT, sendUrl=DAS_SERVER, title=getListTemplateReport, sendedDate=Mon Jul 07 15:56:02 CEST 2014, previousRequest=null]
MessageController: TITLE ====>getListTemplateReport
DASConnexion:  ===== GETLTP
DASConnexion:  ===== : [DASDataModel [id=1, name=report5, template=<?xml version="1.0" encoding="UTF-8"?>
<jasperReport xmlns="http://jasperreports.sourceforge.net/jasperreports" xmlns:xsi="http://www.w3.org/2001/XMLSchema-instance" xsi:schemaLocation="http://jasperreports.sourceforge.net/jasperreports http://jasperreports.sourceforge.net/xsd/jasperreport.xsd" name="report name" pageWidth="595" pageHeight="842" columnWidth="535" leftMargin="20" rightMargin="20" topMargin="20" bottomMargin="20">
	<parameter name="NOM_MORCEAU" class="java.lang.String"/>
	<parameter name="NUM_SSCC" class="java.lang.String"/>
	<parameter name="NUM_ARTICLE" class="java.lang.Integer"/>
	<parameter name="NUM_LOT" class="java.lang.String"/>
	
	<title>
		<band height="802" splitType="Prevent">
			<staticText>
				<reportElement x="0" y="0" width="555" height="20"/>
				<textElement textAlignment="Left" verticalAlignment="Middle">
					<font size="14" isBold="true"/>
				</textElement>
				<text><![CDATA[Boucherie Factice OpenAgro - 9 rue Alfred Kastler - 44300 Nantes]]></text>
			</staticText>
			<staticText>
				<reportElement x="0" y="179" width="142" height="18"/>
				<box rightPadding="0"/>
				<textElement textAlignment="Right">
					<font size="14"/>
				</textElement>
				<text><![CDATA[Date d'emballage :]]></text>
			</staticText>
			<textField>
				<reportElement mode="Opaque" x="0" y="83" width="555" height="20" forecolor="#FFFFFF" backcolor="#000000"/>
				<textElement textAlignment="Center" verticalAlignment="Middle">
					<font size="14" isBold="true"/>
				</textElement>
				<textFieldExpression class="java.lang.String"><![CDATA["Code Article : " + $P{NUM_ARTICLE}]]></textFieldExpression>
			</textField>
			<textField>
				<reportElement x="205" y="179" width="370" height="18"/>
				<textElement>
					<font size="14"/>
				</textElement>
				<textFieldExpression class="java.util.Date"><![CDATA[new Date()]]></textFieldExpression>
			</textField>
			<staticText>
				<reportElement x="0" y="197" width="142" height="18"/>
				<box rightPadding="0"/>
				<textElement textAlignment="Right">
					<font size="14"/>
				</textElement>
				<text><![CDATA[N° Sanitel :]]></text>
			</staticText>
			<textField>
				<reportElement x="205" y="197" width="370" height="18"/>
				<textElement>
					<font size="14"/>
				</textElement>
				<textFieldExpression class="java.lang.String"><![CDATA[$P{NUM_LOT}]]></textFieldExpression>
			</textField>
			<textField>
				<reportElement x="0" y="63" width="555" height="20"/>
				<textElement textAlignment="Center">
					<font size="14" isBold="true"/>
				</textElement>
				<textFieldExpression class="java.lang.String"><![CDATA[$P{NOM_MORCEAU}]]></textFieldExpression>
			</textField>
			<componentElement>
				<reportElement mode="Opaque" x="117" y="116" width="396" height="49"/>
				<jr:barbecue xmlns:jr="http://jasperreports.sourceforge.net/jasperreports/components" xsi:schemaLocation="http://jasperreports.sourceforge.net/jasperreports/components http://jasperreports.sourceforge.net/xsd/components.xsd" type="Code39 (Extended)" drawText="true" checksumRequired="false" evaluationTime="Report">
					<jr:codeExpression><![CDATA[$P{NUM_SSCC}]]></jr:codeExpression>
				</jr:barbecue>
			</componentElement>
			<image>
				<reportElement mode="Transparent" x="0" y="20" width="142" height="63"/>
				<imageExpression class="java.lang.String"><![CDATA[System.getProperty("user.dir")+"/ressources/openAgro5a_p.jpg"]]></imageExpression>
			</image>
			<image>
				<reportElement x="417" y="20" width="138" height="63"/>
				<imageExpression class="java.lang.String"><![CDATA[System.getProperty("user.dir")+"/ressources/logo_EVA.jpg"]]></imageExpression>
			</image>
		</band>
	</title>
</jasperReport>]]
MessageSender: Message send having for subject: WS1_pointage
MessageSender: Sending message: ServerRequest [attachement=[DASDataModel [id=1, name=report5, template=<?xml version="1.0" encoding="UTF-8"?>
<jasperRe...
MessageController: Passage by onMessage
MessageController :: Passage par route Message :ActiveMQObjectMessage {commandId = 23, responseRequired = false, messageId = ID:opendas-vm-56857-1404741360381-0:2:7:1:1, originalDestination = null, originalTransactionId = null, producerId = ID:opendas-vm-56857-1404741360381-0:2:7:1, destination = queue://DAS_SERVER, transactionId = null, expiration = 1404741363261, timestamp = 1404741362961, arrival = 0, brokerInTime = 1404741362961, brokerOutTime = 1404741362962, correlationId = null, replyTo = null, persistent = false, type = null, priority = 4, groupID = null, groupSequence = 0, targetConsumerId = null, compressed = false, userID = null, content = org.apache.activemq.util.ByteSequence@16fdac, marshalledProperties = org.apache.activemq.util.ByteSequence@1682a53, dataStructure = null, redeliveryCounter = 0, size = 0, properties = {Station=WS1_pointage, Sujet=getListTemplateSupervision}, readOnlyProperties = true, readOnlyBody = true, droppable = false}
MessageController: Subject = getListTemplateSupervision
MessageController :: Passage par route ObjectMessage :ActiveMQObjectMessage {commandId = 23, responseRequired = false, messageId = ID:opendas-vm-56857-1404741360381-0:2:7:1:1, originalDestination = null, originalTransactionId = null, producerId = ID:opendas-vm-56857-1404741360381-0:2:7:1, destination = queue://DAS_SERVER, transactionId = null, expiration = 1404741363261, timestamp = 1404741362961, arrival = 0, brokerInTime = 1404741362961, brokerOutTime = 1404741362962, correlationId = null, replyTo = null, persistent = false, type = null, priority = 4, groupID = null, groupSequence = 0, targetConsumerId = null, compressed = false, userID = null, content = org.apache.activemq.util.ByteSequence@16fdac, marshalledProperties = org.apache.activemq.util.ByteSequence@1682a53, dataStructure = null, redeliveryCounter = 0, size = 0, properties = {Station=WS1_pointage, Sujet=getListTemplateSupervision}, readOnlyProperties = true, readOnlyBody = true, droppable = false}
MessageController: Message received : ServerRequest [attachement=null, fromUrl=DAS_CLIENT, sendUrl=DAS_SERVER, title=getListTemplateSupervision, sendedDate=Mon Jul 07 15:56:02 CEST 2014, previousRequest=null]
MessageController: TITLE ====>getListTemplateSupervision
DASConnexion:  ===== GETLTS
DASConnexion:  ===== : []
MessageSender: Message send having for subject: WS1_pointage
MessageSender: Sending message: ServerRequest [attachement=[], fromUrl=DAS_SERVER, sendUrl=DAS_CLIENT, title=null, sendedDate=Mon Jul 07 15:56:02 CEST 2...
MessageController: Passage by onMessage
MessageController :: Passage par route Message :ActiveMQObjectMessage {commandId = 26, responseRequired = false, messageId = ID:opendas-vm-56857-1404741360381-0:2:8:1:1, originalDestination = null, originalTransactionId = null, producerId = ID:opendas-vm-56857-1404741360381-0:2:8:1, destination = queue://DAS_SERVER, transactionId = null, expiration = 1404741363376, timestamp = 1404741363076, arrival = 0, brokerInTime = 1404741363076, brokerOutTime = 1404741363076, correlationId = null, replyTo = null, persistent = false, type = null, priority = 4, groupID = null, groupSequence = 0, targetConsumerId = null, compressed = false, userID = null, content = org.apache.activemq.util.ByteSequence@1ed27e4, marshalledProperties = org.apache.activemq.util.ByteSequence@d61aef, dataStructure = null, redeliveryCounter = 0, size = 0, properties = {Station=WS1_pointage, Sujet=getListEan128}, readOnlyProperties = true, readOnlyBody = true, droppable = false}
MessageController: Subject = getListEan128
MessageController :: Passage par route ObjectMessage :ActiveMQObjectMessage {commandId = 26, responseRequired = false, messageId = ID:opendas-vm-56857-1404741360381-0:2:8:1:1, originalDestination = null, originalTransactionId = null, producerId = ID:opendas-vm-56857-1404741360381-0:2:8:1, destination = queue://DAS_SERVER, transactionId = null, expiration = 1404741363376, timestamp = 1404741363076, arrival = 0, brokerInTime = 1404741363076, brokerOutTime = 1404741363076, correlationId = null, replyTo = null, persistent = false, type = null, priority = 4, groupID = null, groupSequence = 0, targetConsumerId = null, compressed = false, userID = null, content = org.apache.activemq.util.ByteSequence@1ed27e4, marshalledProperties = org.apache.activemq.util.ByteSequence@d61aef, dataStructure = null, redeliveryCounter = 0, size = 0, properties = {Station=WS1_pointage, Sujet=getListEan128}, readOnlyProperties = true, readOnlyBody = true, droppable = false}
MessageController: Message received : ServerRequest [attachement=null, fromUrl=DAS_CLIENT, sendUrl=DAS_SERVER, title=getListEan128, sendedDate=Mon Jul 07 15:56:03 CEST 2014, previousRequest=null]
MessageController: TITLE ====>getListEan128
MessageSender: Message send having for subject: WS1_pointage
MessageSender: Sending message: ServerRequest [attachement=[], fromUrl=DAS_SERVER, sendUrl=DAS_CLIENT, title=null, sendedDate=Mon Jul 07 15:56:03 CEST 2...
MessageController: Passage by onMessage
MessageController :: Passage par route Message :ActiveMQObjectMessage {commandId = 29, responseRequired = false, messageId = ID:opendas-vm-56857-1404741360381-0:2:9:1:1, originalDestination = null, originalTransactionId = null, producerId = ID:opendas-vm-56857-1404741360381-0:2:9:1, destination = queue://DAS_SERVER, transactionId = null, expiration = 1404741363490, timestamp = 1404741363190, arrival = 0, brokerInTime = 1404741363194, brokerOutTime = 1404741363194, correlationId = null, replyTo = null, persistent = false, type = null, priority = 4, groupID = null, groupSequence = 0, targetConsumerId = null, compressed = false, userID = null, content = org.apache.activemq.util.ByteSequence@1fe4169, marshalledProperties = org.apache.activemq.util.ByteSequence@178920a, dataStructure = null, redeliveryCounter = 0, size = 0, properties = {Station=WS1_pointage, Sujet=getFctConfigsWithWsId}, readOnlyProperties = true, readOnlyBody = true, droppable = false}
MessageController: Subject = getFctConfigsWithWsId
MessageController :: Passage par route ObjectMessage :ActiveMQObjectMessage {commandId = 29, responseRequired = false, messageId = ID:opendas-vm-56857-1404741360381-0:2:9:1:1, originalDestination = null, originalTransactionId = null, producerId = ID:opendas-vm-56857-1404741360381-0:2:9:1, destination = queue://DAS_SERVER, transactionId = null, expiration = 1404741363490, timestamp = 1404741363190, arrival = 0, brokerInTime = 1404741363194, brokerOutTime = 1404741363194, correlationId = null, replyTo = null, persistent = false, type = null, priority = 4, groupID = null, groupSequence = 0, targetConsumerId = null, compressed = false, userID = null, content = org.apache.activemq.util.ByteSequence@1fe4169, marshalledProperties = org.apache.activemq.util.ByteSequence@178920a, dataStructure = null, redeliveryCounter = 0, size = 0, properties = {Station=WS1_pointage, Sujet=getFctConfigsWithWsId}, readOnlyProperties = true, readOnlyBody = true, droppable = false}
MessageController: Message received : ServerRequest [attachement=1, fromUrl=DAS_CLIENT, sendUrl=DAS_SERVER, title=getFctConfigsWithWsId, sendedDate=Mon Jul 07 15:56:03 CEST 2014, previousRequest=null]
MessageController: TITLE ====>getFctConfigsWithWsId
DASConnexion :: getFctConfigs :1
MessageSender: Message send having for subject: WS1_pointage
MessageSender: Sending message: ServerRequest [attachement=[DASFunctionalConfig [mask=pointage, function_xml=<?xml version="1.0" encoding="UTF-8"?>
<fu...
