ServerLog: Start: OpenDAS Server starts with configuration file: config/das_server.conf
MessageController: Subject = getWsConfig_workstationID
MessageController: Message received : ServerRequest [attachement=1, fromUrl=DAS_CLIENT, sendUrl=DAS_SERVER, title=getWsConfig_workstationID, sendedDate=Wed Mar 19 10:25:46 CET 2014, previousRequest=null]
MessageController: config : WsConfig [configMaterial=[DASConfigMaterial [code=rj2bis, name=Simu4Bis, port=tcp://172.26.44.118:5431, workstation=DASWorkstation [code = 1, name = das test 1, force_pdf = false, config_ids = {IndirectList: not instantiated}], material=DASModelMaterial [, code=4, name=Balance1, modelMaterial=DASModelMaterial [, typeMaterial=DASTypeMaterial [id=33, name=Balances]]], configTypeMaterial=DASConfigTypeMaterial [code=6, name=6, issimple=false, iscumulative=false, speed=null, parity=null, stop_bit=null, databit=null, dialog=[]]], DASConfigMaterial [code=PKB, name=Keyboard1, port=null, workstation=DASWorkstation [code = 1, name = das test 1, force_pdf = false, config_ids = {IndirectList: not instantiated}], material=DASModelMaterial [, code=Keyboard1, name=Keyboard1, modelMaterial=DASModelMaterial [, typeMaterial=DASTypeMaterial [id=49, name=Physical keyboard]]], configTypeMaterial=DASConfigTypeMaterial [code=7, name=7, issimple=true, iscumulative=true, speed=16, parity=0, stop_bit=1, databit=8, dialog=[]]], DASConfigMaterial [code=das6, name=2, port=/dev/ttyUSB0, workstation=DASWorkstation [code = 1, name = das test 1, force_pdf = false, config_ids = {IndirectList: not instantiated}], material=DASModelMaterial [, code=4, name=Balance1, modelMaterial=DASModelMaterial [, typeMaterial=DASTypeMaterial [id=33, name=Balances]]], configTypeMaterial=DASConfigTypeMaterial [code=comr, name=SimucomR, issimple=false, iscumulative=false, speed=9600, parity=0, stop_bit=1, databit=8, dialog=[]]], DASConfigMaterial [code=ScannerDC, name=ScannerDC, port=/dev/ttyUSB0, workstation=DASWorkstation [code = 1, name = das test 1, force_pdf = false, config_ids = {IndirectList: not instantiated}], material=DASModelMaterial [, code=ScannerDC, name=ScannerDC, modelMaterial=DASModelMaterial [, typeMaterial=DASTypeMaterial [id=34, name=Lecteurs id-barres]]], configTypeMaterial=DASConfigTypeMaterial [code=1usb, name=1usb, issimple=false, iscumulative=false, speed=9600, parity=0, stop_bit=1, databit=8, dialog=[]]], DASConfigMaterial [code=das2, name=das2, port=5474, workstation=DASWorkstation [code = 1, name = das test 1, force_pdf = false, config_ids = {IndirectList: not instantiated}], material=DASModelMaterial [, code=3, name=Scanner3, modelMaterial=DASModelMaterial [, typeMaterial=DASTypeMaterial [id=34, name=Lecteurs id-barres]]], configTypeMaterial=DASConfigTypeMaterial [code=2, name=2, issimple=false, iscumulative=false, speed=0, parity=0, stop_bit=0, databit=0, dialog=[]]], DASConfigMaterial [code=rj2, name=Simu2, port=tcp://172.26.44.119:5431, workstation=DASWorkstation [code = 1, name = das test 1, force_pdf = false, config_ids = {IndirectList: not instantiated}], material=DASModelMaterial [, code=4, name=Balance1, modelMaterial=DASModelMaterial [, typeMaterial=DASTypeMaterial [id=33, name=Balances]]], configTypeMaterial=DASConfigTypeMaterial [code=2, name=2, issimple=false, iscumulative=false, speed=0, parity=0, stop_bit=0, databit=0, dialog=[]]], DASConfigMaterial [code=rj1, name=Simu01, port=5430, workstation=DASWorkstation [code = 1, name = das test 1, force_pdf = false, config_ids = {IndirectList: not instantiated}], material=DASModelMaterial [, code=4, name=Balance1, modelMaterial=DASModelMaterial [, typeMaterial=DASTypeMaterial [id=33, name=Balances]]], configTypeMaterial=DASConfigTypeMaterial [code=1, name=0, issimple=true, iscumulative=false, speed=0, parity=0, stop_bit=0, databit=0, dialog=[DASDialog [name =D1,header_code=null, sendReceiveData=I2_A_IND690-Count IZ05 (\d*) Kg, priority=1, waitingSecond=0, send=0, startCharPosition=null, stopCharPosition=null]]]], DASConfigMaterial [code=rj3, name=Simu3, port=tcp://172.26.44.118:5433, workstation=DASWorkstation [code = 1, name = das test 1, force_pdf = false, config_ids = {IndirectList: not instantiated}], material=DASModelMaterial [, code=4, name=Balance1, modelMaterial=DASModelMaterial [, typeMaterial=DASTypeMaterial [id=33, name=Balances]]], configTypeMaterial=DASConfigTypeMaterial [code=5, name=5, issimple=false, iscumulative=false, speed=9600, parity=0, stop_bit=1, databit=8, dialog=[]]], DASConfigMaterial [code=rj4, name=Simu4, port=tcp://172.26.44.118:5434, workstation=DASWorkstation [code = 1, name = das test 1, force_pdf = false, config_ids = {IndirectList: not instantiated}], material=DASModelMaterial [, code=4, name=Balance1, modelMaterial=DASModelMaterial [, typeMaterial=DASTypeMaterial [id=33, name=Balances]]], configTypeMaterial=DASConfigTypeMaterial [code=5, name=5, issimple=false, iscumulative=false, speed=9600, parity=0, stop_bit=1, databit=8, dialog=[]]]]]
MessageController: Subject = getWorkstationWithId
MessageController: Message received : ServerRequest [attachement=1, fromUrl=DAS_CLIENT, sendUrl=DAS_SERVER, title=getWorkstationWithId, sendedDate=Wed Mar 19 10:25:47 CET 2014, previousRequest=null]
MessageController: Subject = getFctConfigsWithWsId
MessageController: Message received : ServerRequest [attachement=1, fromUrl=DAS_CLIENT, sendUrl=DAS_SERVER, title=getFctConfigsWithWsId, sendedDate=Wed Mar 19 10:25:47 CET 2014, previousRequest=null]
MessageController: Subject = getGraphConfigsWithWsId
MessageController: Message received : ServerRequest [attachement=1, fromUrl=DAS_CLIENT, sendUrl=DAS_SERVER, title=getGraphConfigsWithWsId, sendedDate=Wed Mar 19 10:25:47 CET 2014, previousRequest=null]
MessageController: Subject = getGraphConfigsWithWsId
MessageController: Message received : ServerRequest [attachement=1, fromUrl=DAS_CLIENT, sendUrl=DAS_SERVER, title=getGraphConfigsWithWsId, sendedDate=Wed Mar 19 10:25:48 CET 2014, previousRequest=null]
MessageController: Subject = getListTemplateReport
MessageController: Message received : ServerRequest [attachement=null, fromUrl=DAS_CLIENT, sendUrl=DAS_SERVER, title=getListTemplateReport, sendedDate=Wed Mar 19 10:25:51 CET 2014, previousRequest=null]
MessageController: Subject = getListTemplateSupervision
MessageController: Message received : ServerRequest [attachement=null, fromUrl=DAS_CLIENT, sendUrl=DAS_SERVER, title=getListTemplateSupervision, sendedDate=Wed Mar 19 10:25:51 CET 2014, previousRequest=null]
MessageController: Subject = getListEan128
MessageController: Message received : ServerRequest [attachement=null, fromUrl=DAS_CLIENT, sendUrl=DAS_SERVER, title=getListEan128, sendedDate=Wed Mar 19 10:25:51 CET 2014, previousRequest=null]
MessageController: Subject = getFctConfigsWithWsId
MessageController: Message received : ServerRequest [attachement=1, fromUrl=DAS_CLIENT, sendUrl=DAS_SERVER, title=getFctConfigsWithWsId, sendedDate=Wed Mar 19 10:25:51 CET 2014, previousRequest=null]
MessageController: Subject = getDataModelWithId
MessageController: Message received : ServerRequest [attachement=persoin, fromUrl=DAS_CLIENT, sendUrl=DAS_SERVER, title=getDataModelWithId, sendedDate=Wed Mar 19 10:26:12 CET 2014, previousRequest=null]
MessageController: Subject = getListTemplateReport
MessageController: Message received : ServerRequest [attachement=null, fromUrl=DAS_CLIENT, sendUrl=DAS_SERVER, title=getListTemplateReport, sendedDate=Wed Mar 19 10:26:28 CET 2014, previousRequest=null]
MessageController: Subject = getListTemplateSupervision
MessageController: Message received : ServerRequest [attachement=null, fromUrl=DAS_CLIENT, sendUrl=DAS_SERVER, title=getListTemplateSupervision, sendedDate=Wed Mar 19 10:26:28 CET 2014, previousRequest=null]
MessageController: Subject = getListEan128
MessageController: Message received : ServerRequest [attachement=null, fromUrl=DAS_CLIENT, sendUrl=DAS_SERVER, title=getListEan128, sendedDate=Wed Mar 19 10:26:28 CET 2014, previousRequest=null]
MessageController: Subject = getFctConfigsWithWsId
MessageController: Message received : ServerRequest [attachement=1, fromUrl=DAS_CLIENT, sendUrl=DAS_SERVER, title=getFctConfigsWithWsId, sendedDate=Wed Mar 19 10:26:28 CET 2014, previousRequest=null]
MessageController: Subject = getSubjectList
MessageController: Message received : ServerRequest [attachement=null, fromUrl=TALEND, sendUrl=DAS_SERVER, title=getSubjectList, sendedDate=Wed Mar 19 10:26:30 CET 2014, previousRequest=null]
MessageController: Subject = getSubjectList
MessageController: Message received : ServerRequest [attachement=null, fromUrl=TALEND, sendUrl=DAS_SERVER, title=getSubjectList, sendedDate=Wed Mar 19 10:26:35 CET 2014, previousRequest=null]
MessageController: Subject = getDataModelWithId
MessageController: Message received : ServerRequest [attachement=persoin, fromUrl=DAS_CLIENT, sendUrl=DAS_SERVER, title=getDataModelWithId, sendedDate=Wed Mar 19 10:26:42 CET 2014, previousRequest=null]
MessageController: Subject = getDataModelWithId
MessageController: Message received : ServerRequest [attachement=groups, fromUrl=DAS_CLIENT, sendUrl=DAS_SERVER, title=getDataModelWithId, sendedDate=Wed Mar 19 10:26:58 CET 2014, previousRequest=null]
MessageController: Subject = getListTemplateReport
MessageController: Message received : ServerRequest [attachement=null, fromUrl=DAS_CLIENT, sendUrl=DAS_SERVER, title=getListTemplateReport, sendedDate=Wed Mar 19 10:26:59 CET 2014, previousRequest=null]
MessageController: Subject = getListTemplateSupervision
MessageController: Message received : ServerRequest [attachement=null, fromUrl=DAS_CLIENT, sendUrl=DAS_SERVER, title=getListTemplateSupervision, sendedDate=Wed Mar 19 10:26:59 CET 2014, previousRequest=null]
MessageController: Subject = getListEan128
MessageController: Message received : ServerRequest [attachement=null, fromUrl=DAS_CLIENT, sendUrl=DAS_SERVER, title=getListEan128, sendedDate=Wed Mar 19 10:26:59 CET 2014, previousRequest=null]
MessageController: Subject = getFctConfigsWithWsId
MessageController: Message received : ServerRequest [attachement=1, fromUrl=DAS_CLIENT, sendUrl=DAS_SERVER, title=getFctConfigsWithWsId, sendedDate=Wed Mar 19 10:26:59 CET 2014, previousRequest=null]
MessageController: Subject = getListTemplateReport
MessageController: Message received : ServerRequest [attachement=null, fromUrl=DAS_CLIENT, sendUrl=DAS_SERVER, title=getListTemplateReport, sendedDate=Wed Mar 19 10:26:59 CET 2014, previousRequest=null]
MessageController: Subject = getListTemplateSupervision
MessageController: Message received : ServerRequest [attachement=null, fromUrl=DAS_CLIENT, sendUrl=DAS_SERVER, title=getListTemplateSupervision, sendedDate=Wed Mar 19 10:26:59 CET 2014, previousRequest=null]
MessageController: Subject = getListEan128
MessageController: Message received : ServerRequest [attachement=null, fromUrl=DAS_CLIENT, sendUrl=DAS_SERVER, title=getListEan128, sendedDate=Wed Mar 19 10:26:59 CET 2014, previousRequest=null]
MessageController: Subject = getFctConfigsWithWsId
MessageController: Message received : ServerRequest [attachement=1, fromUrl=DAS_CLIENT, sendUrl=DAS_SERVER, title=getFctConfigsWithWsId, sendedDate=Wed Mar 19 10:26:59 CET 2014, previousRequest=null]
MessageController: Subject = getListTemplateReport
MessageController: Message received : ServerRequest [attachement=null, fromUrl=DAS_CLIENT, sendUrl=DAS_SERVER, title=getListTemplateReport, sendedDate=Wed Mar 19 10:27:05 CET 2014, previousRequest=null]
MessageController: Subject = getListTemplateSupervision
MessageController: Message received : ServerRequest [attachement=null, fromUrl=DAS_CLIENT, sendUrl=DAS_SERVER, title=getListTemplateSupervision, sendedDate=Wed Mar 19 10:27:05 CET 2014, previousRequest=null]
MessageController: Subject = getListEan128
MessageController: Message received : ServerRequest [attachement=null, fromUrl=DAS_CLIENT, sendUrl=DAS_SERVER, title=getListEan128, sendedDate=Wed Mar 19 10:27:05 CET 2014, previousRequest=null]
MessageController: Subject = getFctConfigsWithWsId
MessageController: Message received : ServerRequest [attachement=1, fromUrl=DAS_CLIENT, sendUrl=DAS_SERVER, title=getFctConfigsWithWsId, sendedDate=Wed Mar 19 10:27:05 CET 2014, previousRequest=null]
MessageController: Subject = getDataModelWithId
MessageController: Message received : ServerRequest [attachement=persoin, fromUrl=DAS_CLIENT, sendUrl=DAS_SERVER, title=getDataModelWithId, sendedDate=Wed Mar 19 10:27:07 CET 2014, previousRequest=null]
MessageController: Subject = getListTemplateReport
MessageController: Message received : ServerRequest [attachement=null, fromUrl=DAS_CLIENT, sendUrl=DAS_SERVER, title=getListTemplateReport, sendedDate=Wed Mar 19 10:27:15 CET 2014, previousRequest=null]
MessageController: Subject = getListTemplateSupervision
MessageController: Message received : ServerRequest [attachement=null, fromUrl=DAS_CLIENT, sendUrl=DAS_SERVER, title=getListTemplateSupervision, sendedDate=Wed Mar 19 10:27:15 CET 2014, previousRequest=null]
MessageController: Subject = getListEan128
MessageController: Message received : ServerRequest [attachement=null, fromUrl=DAS_CLIENT, sendUrl=DAS_SERVER, title=getListEan128, sendedDate=Wed Mar 19 10:27:15 CET 2014, previousRequest=null]
MessageController: Subject = getFctConfigsWithWsId
MessageController: Message received : ServerRequest [attachement=1, fromUrl=DAS_CLIENT, sendUrl=DAS_SERVER, title=getFctConfigsWithWsId, sendedDate=Wed Mar 19 10:27:16 CET 2014, previousRequest=null]
MessageController: Subject = getWsConfig_workstationID
MessageController: Message received : ServerRequest [attachement=3, fromUrl=DAS_CLIENT, sendUrl=DAS_SERVER, title=getWsConfig_workstationID, sendedDate=Wed Mar 19 10:27:35 CET 2014, previousRequest=null]
MessageController: config : WsConfig [configMaterial=[DASConfigMaterial [code=das4, name=2, port=/dev/ttyUSB0, workstation=DASWorkstation [code = 3, name = das test 3, force_pdf = false, config_ids = {IndirectList: not instantiated}], material=DASModelMaterial [, code=3, name=Scanner3, modelMaterial=DASModelMaterial [, typeMaterial=DASTypeMaterial [id=34, name=Lecteurs id-barres]]], configTypeMaterial=DASConfigTypeMaterial [code=1, name=0, issimple=true, iscumulative=false, speed=0, parity=0, stop_bit=0, databit=0, dialog=[DASDialog [name =D1,header_code=null, sendReceiveData=I2_A_IND690-Count IZ05 (\d*) Kg, priority=1, waitingSecond=0, send=0, startCharPosition=null, stopCharPosition=null]]]]]]
MessageController: Subject = getWorkstationWithId
MessageController: Message received : ServerRequest [attachement=3, fromUrl=DAS_CLIENT, sendUrl=DAS_SERVER, title=getWorkstationWithId, sendedDate=Wed Mar 19 10:27:35 CET 2014, previousRequest=null]
MessageController: Subject = getFctConfigsWithWsId
MessageController: Message received : ServerRequest [attachement=3, fromUrl=DAS_CLIENT, sendUrl=DAS_SERVER, title=getFctConfigsWithWsId, sendedDate=Wed Mar 19 10:27:35 CET 2014, previousRequest=null]
MessageController: Subject = getGraphConfigsWithWsId
MessageController: Message received : ServerRequest [attachement=3, fromUrl=DAS_CLIENT, sendUrl=DAS_SERVER, title=getGraphConfigsWithWsId, sendedDate=Wed Mar 19 10:27:36 CET 2014, previousRequest=null]
MessageController: Subject = getGraphConfigsWithWsId
MessageController: Message received : ServerRequest [attachement=3, fromUrl=DAS_CLIENT, sendUrl=DAS_SERVER, title=getGraphConfigsWithWsId, sendedDate=Wed Mar 19 10:27:36 CET 2014, previousRequest=null]
MessageController: Subject = getListTemplateReport
MessageController: Message received : ServerRequest [attachement=null, fromUrl=DAS_CLIENT, sendUrl=DAS_SERVER, title=getListTemplateReport, sendedDate=Wed Mar 19 10:27:36 CET 2014, previousRequest=null]
MessageController: Subject = getListTemplateSupervision
MessageController: Message received : ServerRequest [attachement=null, fromUrl=DAS_CLIENT, sendUrl=DAS_SERVER, title=getListTemplateSupervision, sendedDate=Wed Mar 19 10:27:36 CET 2014, previousRequest=null]
MessageController: Subject = getListEan128
MessageController: Message received : ServerRequest [attachement=null, fromUrl=DAS_CLIENT, sendUrl=DAS_SERVER, title=getListEan128, sendedDate=Wed Mar 19 10:27:36 CET 2014, previousRequest=null]
MessageController: Subject = getFctConfigsWithWsId
MessageController: Message received : ServerRequest [attachement=3, fromUrl=DAS_CLIENT, sendUrl=DAS_SERVER, title=getFctConfigsWithWsId, sendedDate=Wed Mar 19 10:27:37 CET 2014, previousRequest=null]
MessageController: Subject = getDataModelWithId
MessageController: Message received : ServerRequest [attachement=persoin, fromUrl=DAS_CLIENT, sendUrl=DAS_SERVER, title=getDataModelWithId, sendedDate=Wed Mar 19 10:27:44 CET 2014, previousRequest=null]
MessageController: Subject = getDataModelWithId
MessageController: Message received : ServerRequest [attachement=groups, fromUrl=DAS_CLIENT, sendUrl=DAS_SERVER, title=getDataModelWithId, sendedDate=Wed Mar 19 10:27:45 CET 2014, previousRequest=null]
MessageController: Subject = getListTemplateReport
MessageController: Message received : ServerRequest [attachement=null, fromUrl=DAS_CLIENT, sendUrl=DAS_SERVER, title=getListTemplateReport, sendedDate=Wed Mar 19 10:27:45 CET 2014, previousRequest=null]
MessageController: Subject = getListTemplateSupervision
MessageController: Message received : ServerRequest [attachement=null, fromUrl=DAS_CLIENT, sendUrl=DAS_SERVER, title=getListTemplateSupervision, sendedDate=Wed Mar 19 10:27:45 CET 2014, previousRequest=null]
MessageController: Subject = getListEan128
MessageController: Message received : ServerRequest [attachement=null, fromUrl=DAS_CLIENT, sendUrl=DAS_SERVER, title=getListEan128, sendedDate=Wed Mar 19 10:27:45 CET 2014, previousRequest=null]
MessageController: Subject = getFctConfigsWithWsId
MessageController: Message received : ServerRequest [attachement=3, fromUrl=DAS_CLIENT, sendUrl=DAS_SERVER, title=getFctConfigsWithWsId, sendedDate=Wed Mar 19 10:27:45 CET 2014, previousRequest=null]
MessageController: Subject = getListTemplateReport
MessageController: Message received : ServerRequest [attachement=null, fromUrl=DAS_CLIENT, sendUrl=DAS_SERVER, title=getListTemplateReport, sendedDate=Wed Mar 19 10:27:46 CET 2014, previousRequest=null]
MessageController: Subject = getListTemplateSupervision
MessageController: Message received : ServerRequest [attachement=null, fromUrl=DAS_CLIENT, sendUrl=DAS_SERVER, title=getListTemplateSupervision, sendedDate=Wed Mar 19 10:27:46 CET 2014, previousRequest=null]
MessageController: Subject = getListEan128
MessageController: Message received : ServerRequest [attachement=null, fromUrl=DAS_CLIENT, sendUrl=DAS_SERVER, title=getListEan128, sendedDate=Wed Mar 19 10:27:46 CET 2014, previousRequest=null]
MessageController: Subject = getFctConfigsWithWsId
MessageController: Message received : ServerRequest [attachement=3, fromUrl=DAS_CLIENT, sendUrl=DAS_SERVER, title=getFctConfigsWithWsId, sendedDate=Wed Mar 19 10:27:46 CET 2014, previousRequest=null]
MessageController: Subject = getListTemplateReport
MessageController: Message received : ServerRequest [attachement=null, fromUrl=DAS_CLIENT, sendUrl=DAS_SERVER, title=getListTemplateReport, sendedDate=Wed Mar 19 10:27:49 CET 2014, previousRequest=null]
MessageController: Subject = getListTemplateSupervision
MessageController: Message received : ServerRequest [attachement=null, fromUrl=DAS_CLIENT, sendUrl=DAS_SERVER, title=getListTemplateSupervision, sendedDate=Wed Mar 19 10:27:49 CET 2014, previousRequest=null]
MessageController: Subject = getListEan128
MessageController: Message received : ServerRequest [attachement=null, fromUrl=DAS_CLIENT, sendUrl=DAS_SERVER, title=getListEan128, sendedDate=Wed Mar 19 10:27:49 CET 2014, previousRequest=null]
MessageController: Subject = getFctConfigsWithWsId
MessageController: Message received : ServerRequest [attachement=3, fromUrl=DAS_CLIENT, sendUrl=DAS_SERVER, title=getFctConfigsWithWsId, sendedDate=Wed Mar 19 10:27:49 CET 2014, previousRequest=null]
MessageController: Subject = getDataModelWithId
MessageController: Message received : ServerRequest [attachement=etiquettes, fromUrl=DAS_CLIENT, sendUrl=DAS_SERVER, title=getDataModelWithId, sendedDate=Wed Mar 19 10:27:54 CET 2014, previousRequest=null]
MessageController: Subject = getGraphConfigsWithWsId
MessageController: Message received : ServerRequest [attachement=3, fromUrl=DAS_CLIENT, sendUrl=DAS_SERVER, title=getGraphConfigsWithWsId, sendedDate=Wed Mar 19 10:27:54 CET 2014, previousRequest=null]
MessageController: Subject = getListTemplateReport
MessageController: Message received : ServerRequest [attachement=null, fromUrl=DAS_CLIENT, sendUrl=DAS_SERVER, title=getListTemplateReport, sendedDate=Wed Mar 19 10:27:58 CET 2014, previousRequest=null]
MessageController: Subject = getListTemplateSupervision
MessageController: Message received : ServerRequest [attachement=null, fromUrl=DAS_CLIENT, sendUrl=DAS_SERVER, title=getListTemplateSupervision, sendedDate=Wed Mar 19 10:27:58 CET 2014, previousRequest=null]
MessageController: Subject = getListEan128
MessageController: Message received : ServerRequest [attachement=null, fromUrl=DAS_CLIENT, sendUrl=DAS_SERVER, title=getListEan128, sendedDate=Wed Mar 19 10:27:58 CET 2014, previousRequest=null]
MessageController: Subject = getFctConfigsWithWsId
MessageController: Message received : ServerRequest [attachement=3, fromUrl=DAS_CLIENT, sendUrl=DAS_SERVER, title=getFctConfigsWithWsId, sendedDate=Wed Mar 19 10:27:58 CET 2014, previousRequest=null]
MessageController: Subject = getDataModelWithId
MessageController: Message received : ServerRequest [attachement=bl_asperpgi, fromUrl=DAS_CLIENT, sendUrl=DAS_SERVER, title=getDataModelWithId, sendedDate=Wed Mar 19 10:28:00 CET 2014, previousRequest=null]
MessageController: Subject = getDataModelWithId
MessageController: Message received : ServerRequest [attachement=produits_asperpgi, fromUrl=DAS_CLIENT, sendUrl=DAS_SERVER, title=getDataModelWithId, sendedDate=Wed Mar 19 10:28:03 CET 2014, previousRequest=null]
MessageController: Subject = getListTemplateReport
MessageController: Message received : ServerRequest [attachement=null, fromUrl=DAS_CLIENT, sendUrl=DAS_SERVER, title=getListTemplateReport, sendedDate=Wed Mar 19 10:28:07 CET 2014, previousRequest=null]
MessageController: Subject = getListTemplateSupervision
MessageController: Message received : ServerRequest [attachement=null, fromUrl=DAS_CLIENT, sendUrl=DAS_SERVER, title=getListTemplateSupervision, sendedDate=Wed Mar 19 10:28:07 CET 2014, previousRequest=null]
MessageController: Subject = getListEan128
MessageController: Message received : ServerRequest [attachement=null, fromUrl=DAS_CLIENT, sendUrl=DAS_SERVER, title=getListEan128, sendedDate=Wed Mar 19 10:28:07 CET 2014, previousRequest=null]
MessageController: Subject = getFctConfigsWithWsId
MessageController: Message received : ServerRequest [attachement=3, fromUrl=DAS_CLIENT, sendUrl=DAS_SERVER, title=getFctConfigsWithWsId, sendedDate=Wed Mar 19 10:28:07 CET 2014, previousRequest=null]
MessageController: Subject = getDataModelWithId
MessageController: Message received : ServerRequest [attachement=persoin, fromUrl=DAS_CLIENT, sendUrl=DAS_SERVER, title=getDataModelWithId, sendedDate=Wed Mar 19 10:28:10 CET 2014, previousRequest=null]
MessageController: Subject = getDataModelWithId
MessageController: Message received : ServerRequest [attachement=groups, fromUrl=DAS_CLIENT, sendUrl=DAS_SERVER, title=getDataModelWithId, sendedDate=Wed Mar 19 10:28:12 CET 2014, previousRequest=null]
MessageController: Subject = getListTemplateReport
MessageController: Message received : ServerRequest [attachement=null, fromUrl=DAS_CLIENT, sendUrl=DAS_SERVER, title=getListTemplateReport, sendedDate=Wed Mar 19 10:28:12 CET 2014, previousRequest=null]
MessageController: Subject = getListTemplateSupervision
MessageController: Message received : ServerRequest [attachement=null, fromUrl=DAS_CLIENT, sendUrl=DAS_SERVER, title=getListTemplateSupervision, sendedDate=Wed Mar 19 10:28:12 CET 2014, previousRequest=null]
MessageController: Subject = getListEan128
MessageController: Message received : ServerRequest [attachement=null, fromUrl=DAS_CLIENT, sendUrl=DAS_SERVER, title=getListEan128, sendedDate=Wed Mar 19 10:28:12 CET 2014, previousRequest=null]
MessageController: Subject = getFctConfigsWithWsId
MessageController: Message received : ServerRequest [attachement=3, fromUrl=DAS_CLIENT, sendUrl=DAS_SERVER, title=getFctConfigsWithWsId, sendedDate=Wed Mar 19 10:28:13 CET 2014, previousRequest=null]
MessageController: Subject = getListTemplateReport
MessageController: Message received : ServerRequest [attachement=null, fromUrl=DAS_CLIENT, sendUrl=DAS_SERVER, title=getListTemplateReport, sendedDate=Wed Mar 19 10:28:13 CET 2014, previousRequest=null]
MessageController: Subject = getListTemplateSupervision
MessageController: Message received : ServerRequest [attachement=null, fromUrl=DAS_CLIENT, sendUrl=DAS_SERVER, title=getListTemplateSupervision, sendedDate=Wed Mar 19 10:28:13 CET 2014, previousRequest=null]
MessageController: Subject = getListEan128
MessageController: Message received : ServerRequest [attachement=null, fromUrl=DAS_CLIENT, sendUrl=DAS_SERVER, title=getListEan128, sendedDate=Wed Mar 19 10:28:13 CET 2014, previousRequest=null]
MessageController: Subject = getFctConfigsWithWsId
MessageController: Message received : ServerRequest [attachement=3, fromUrl=DAS_CLIENT, sendUrl=DAS_SERVER, title=getFctConfigsWithWsId, sendedDate=Wed Mar 19 10:28:13 CET 2014, previousRequest=null]
MessageController: Subject = getWsConfig_workstationID
MessageController: Message received : ServerRequest [attachement=2, fromUrl=DAS_CLIENT, sendUrl=DAS_SERVER, title=getWsConfig_workstationID, sendedDate=Wed Mar 19 10:29:07 CET 2014, previousRequest=null]
MessageController: config : WsConfig [configMaterial=[DASConfigMaterial [code=das3, name=2, port=/dev/ttyUSB0, workstation=DASWorkstation [code = 2, name = das test 2, force_pdf = false, config_ids = {IndirectList: not instantiated}], material=DASModelMaterial [, code=3, name=Scanner3, modelMaterial=DASModelMaterial [, typeMaterial=DASTypeMaterial [id=34, name=Lecteurs id-barres]]], configTypeMaterial=DASConfigTypeMaterial [code=1, name=0, issimple=true, iscumulative=false, speed=0, parity=0, stop_bit=0, databit=0, dialog=[DASDialog [name =D1,header_code=null, sendReceiveData=I2_A_IND690-Count IZ05 (\d*) Kg, priority=1, waitingSecond=0, send=0, startCharPosition=null, stopCharPosition=null]]]]]]
MessageController: Subject = getWorkstationWithId
MessageController: Message received : ServerRequest [attachement=2, fromUrl=DAS_CLIENT, sendUrl=DAS_SERVER, title=getWorkstationWithId, sendedDate=Wed Mar 19 10:29:07 CET 2014, previousRequest=null]
MessageController: Subject = getFctConfigsWithWsId
MessageController: Message received : ServerRequest [attachement=2, fromUrl=DAS_CLIENT, sendUrl=DAS_SERVER, title=getFctConfigsWithWsId, sendedDate=Wed Mar 19 10:29:07 CET 2014, previousRequest=null]
MessageController: Subject = getGraphConfigsWithWsId
MessageController: Message received : ServerRequest [attachement=2, fromUrl=DAS_CLIENT, sendUrl=DAS_SERVER, title=getGraphConfigsWithWsId, sendedDate=Wed Mar 19 10:29:07 CET 2014, previousRequest=null]
MessageController: Subject = getGraphConfigsWithWsId
MessageController: Message received : ServerRequest [attachement=2, fromUrl=DAS_CLIENT, sendUrl=DAS_SERVER, title=getGraphConfigsWithWsId, sendedDate=Wed Mar 19 10:29:07 CET 2014, previousRequest=null]
MessageController: Subject = getListTemplateReport
MessageController: Message received : ServerRequest [attachement=null, fromUrl=DAS_CLIENT, sendUrl=DAS_SERVER, title=getListTemplateReport, sendedDate=Wed Mar 19 10:29:08 CET 2014, previousRequest=null]
MessageController: Subject = getListTemplateSupervision
MessageController: Message received : ServerRequest [attachement=null, fromUrl=DAS_CLIENT, sendUrl=DAS_SERVER, title=getListTemplateSupervision, sendedDate=Wed Mar 19 10:29:08 CET 2014, previousRequest=null]
MessageController: Subject = getListEan128
MessageController: Message received : ServerRequest [attachement=null, fromUrl=DAS_CLIENT, sendUrl=DAS_SERVER, title=getListEan128, sendedDate=Wed Mar 19 10:29:08 CET 2014, previousRequest=null]
MessageController: Subject = getFctConfigsWithWsId
MessageController: Message received : ServerRequest [attachement=2, fromUrl=DAS_CLIENT, sendUrl=DAS_SERVER, title=getFctConfigsWithWsId, sendedDate=Wed Mar 19 10:29:08 CET 2014, previousRequest=null]
MessageController: Subject = getDataModelWithId
MessageController: Message received : ServerRequest [attachement=bl_asperpgi, fromUrl=DAS_CLIENT, sendUrl=DAS_SERVER, title=getDataModelWithId, sendedDate=Wed Mar 19 10:29:14 CET 2014, previousRequest=null]
MessageController: Subject = getListTemplateReport
MessageController: Message received : ServerRequest [attachement=null, fromUrl=DAS_CLIENT, sendUrl=DAS_SERVER, title=getListTemplateReport, sendedDate=Wed Mar 19 10:29:50 CET 2014, previousRequest=null]
MessageController: Subject = getListTemplateSupervision
MessageController: Message received : ServerRequest [attachement=null, fromUrl=DAS_CLIENT, sendUrl=DAS_SERVER, title=getListTemplateSupervision, sendedDate=Wed Mar 19 10:29:50 CET 2014, previousRequest=null]
MessageController: Subject = getListEan128
MessageController: Message received : ServerRequest [attachement=null, fromUrl=DAS_CLIENT, sendUrl=DAS_SERVER, title=getListEan128, sendedDate=Wed Mar 19 10:29:50 CET 2014, previousRequest=null]
MessageController: Subject = getFctConfigsWithWsId
MessageController: Message received : ServerRequest [attachement=2, fromUrl=DAS_CLIENT, sendUrl=DAS_SERVER, title=getFctConfigsWithWsId, sendedDate=Wed Mar 19 10:29:51 CET 2014, previousRequest=null]
MessageController: Subject = getWsConfig_workstationID
MessageController: Message received : ServerRequest [attachement=2, fromUrl=DAS_CLIENT, sendUrl=DAS_SERVER, title=getWsConfig_workstationID, sendedDate=Wed Mar 19 10:31:25 CET 2014, previousRequest=null]
MessageController: config : WsConfig [configMaterial=[DASConfigMaterial [code=das3, name=2, port=/dev/ttyUSB0, workstation=DASWorkstation [code = 2, name = das test 2, force_pdf = false, config_ids = {IndirectList: not instantiated}], material=DASModelMaterial [, code=3, name=Scanner3, modelMaterial=DASModelMaterial [, typeMaterial=DASTypeMaterial [id=34, name=Lecteurs id-barres]]], configTypeMaterial=DASConfigTypeMaterial [code=1, name=0, issimple=true, iscumulative=false, speed=0, parity=0, stop_bit=0, databit=0, dialog=[DASDialog [name =D1,header_code=null, sendReceiveData=I2_A_IND690-Count IZ05 (\d*) Kg, priority=1, waitingSecond=0, send=0, startCharPosition=null, stopCharPosition=null]]]]]]
MessageController: Subject = getWorkstationWithId
MessageController: Message received : ServerRequest [attachement=2, fromUrl=DAS_CLIENT, sendUrl=DAS_SERVER, title=getWorkstationWithId, sendedDate=Wed Mar 19 10:31:25 CET 2014, previousRequest=null]
MessageController: Subject = getFctConfigsWithWsId
MessageController: Message received : ServerRequest [attachement=2, fromUrl=DAS_CLIENT, sendUrl=DAS_SERVER, title=getFctConfigsWithWsId, sendedDate=Wed Mar 19 10:31:25 CET 2014, previousRequest=null]
MessageController: Subject = getGraphConfigsWithWsId
MessageController: Message received : ServerRequest [attachement=2, fromUrl=DAS_CLIENT, sendUrl=DAS_SERVER, title=getGraphConfigsWithWsId, sendedDate=Wed Mar 19 10:31:25 CET 2014, previousRequest=null]
MessageController: Subject = getGraphConfigsWithWsId
MessageController: Message received : ServerRequest [attachement=2, fromUrl=DAS_CLIENT, sendUrl=DAS_SERVER, title=getGraphConfigsWithWsId, sendedDate=Wed Mar 19 10:31:25 CET 2014, previousRequest=null]
MessageController: Subject = getListTemplateReport
MessageController: Message received : ServerRequest [attachement=null, fromUrl=DAS_CLIENT, sendUrl=DAS_SERVER, title=getListTemplateReport, sendedDate=Wed Mar 19 10:31:26 CET 2014, previousRequest=null]
MessageController: Subject = getListTemplateSupervision
MessageController: Message received : ServerRequest [attachement=null, fromUrl=DAS_CLIENT, sendUrl=DAS_SERVER, title=getListTemplateSupervision, sendedDate=Wed Mar 19 10:31:26 CET 2014, previousRequest=null]
MessageController: Subject = getListEan128
MessageController: Message received : ServerRequest [attachement=null, fromUrl=DAS_CLIENT, sendUrl=DAS_SERVER, title=getListEan128, sendedDate=Wed Mar 19 10:31:26 CET 2014, previousRequest=null]
MessageController: Subject = getFctConfigsWithWsId
MessageController: Message received : ServerRequest [attachement=2, fromUrl=DAS_CLIENT, sendUrl=DAS_SERVER, title=getFctConfigsWithWsId, sendedDate=Wed Mar 19 10:31:26 CET 2014, previousRequest=null]
MessageController: Subject = getDataModelWithId
MessageController: Message received : ServerRequest [attachement=perso, fromUrl=DAS_CLIENT, sendUrl=DAS_SERVER, title=getDataModelWithId, sendedDate=Wed Mar 19 10:31:32 CET 2014, previousRequest=null]
MessageController: Subject = getDataModelWithId
MessageController: Message received : ServerRequest [attachement=poste, fromUrl=DAS_CLIENT, sendUrl=DAS_SERVER, title=getDataModelWithId, sendedDate=Wed Mar 19 10:31:35 CET 2014, previousRequest=null]
MessageController: Subject = getListTemplateReport
MessageController: Message received : ServerRequest [attachement=null, fromUrl=DAS_CLIENT, sendUrl=DAS_SERVER, title=getListTemplateReport, sendedDate=Wed Mar 19 10:31:37 CET 2014, previousRequest=null]
MessageController: Subject = getListTemplateSupervision
MessageController: Message received : ServerRequest [attachement=null, fromUrl=DAS_CLIENT, sendUrl=DAS_SERVER, title=getListTemplateSupervision, sendedDate=Wed Mar 19 10:31:37 CET 2014, previousRequest=null]
MessageController: Subject = getListEan128
MessageController: Message received : ServerRequest [attachement=null, fromUrl=DAS_CLIENT, sendUrl=DAS_SERVER, title=getListEan128, sendedDate=Wed Mar 19 10:31:37 CET 2014, previousRequest=null]
MessageController: Subject = getFctConfigsWithWsId
MessageController: Message received : ServerRequest [attachement=2, fromUrl=DAS_CLIENT, sendUrl=DAS_SERVER, title=getFctConfigsWithWsId, sendedDate=Wed Mar 19 10:31:37 CET 2014, previousRequest=null]
MessageController: Subject = getListTemplateReport
MessageController: Message received : ServerRequest [attachement=null, fromUrl=DAS_CLIENT, sendUrl=DAS_SERVER, title=getListTemplateReport, sendedDate=Wed Mar 19 10:31:37 CET 2014, previousRequest=null]
MessageController: Subject = getListTemplateSupervision
MessageController: Message received : ServerRequest [attachement=null, fromUrl=DAS_CLIENT, sendUrl=DAS_SERVER, title=getListTemplateSupervision, sendedDate=Wed Mar 19 10:31:37 CET 2014, previousRequest=null]
MessageController: Subject = getListEan128
MessageController: Message received : ServerRequest [attachement=null, fromUrl=DAS_CLIENT, sendUrl=DAS_SERVER, title=getListEan128, sendedDate=Wed Mar 19 10:31:37 CET 2014, previousRequest=null]
MessageController: Subject = getFctConfigsWithWsId
MessageController: Message received : ServerRequest [attachement=2, fromUrl=DAS_CLIENT, sendUrl=DAS_SERVER, title=getFctConfigsWithWsId, sendedDate=Wed Mar 19 10:31:38 CET 2014, previousRequest=null]
MessageController: Subject = getDataModelWithId
MessageController: Message received : ServerRequest [attachement=perso, fromUrl=DAS_CLIENT, sendUrl=DAS_SERVER, title=getDataModelWithId, sendedDate=Wed Mar 19 10:31:43 CET 2014, previousRequest=null]
MessageController: Subject = getDataModelWithId
MessageController: Message received : ServerRequest [attachement=typePoste, fromUrl=DAS_CLIENT, sendUrl=DAS_SERVER, title=getDataModelWithId, sendedDate=Wed Mar 19 10:31:47 CET 2014, previousRequest=null]
MessageController: Subject = getWsGenericsWithIdOrWithout
MessageController: Message received : ServerRequest [attachement=2, fromUrl=DAS_CLIENT, sendUrl=DAS_SERVER, title=getWsGenericsWithIdOrWithout, sendedDate=Wed Mar 19 10:31:47 CET 2014, previousRequest=null]
MessageController: Subject = getListTemplateReport
MessageController: Message received : ServerRequest [attachement=null, fromUrl=DAS_CLIENT, sendUrl=DAS_SERVER, title=getListTemplateReport, sendedDate=Wed Mar 19 10:31:59 CET 2014, previousRequest=null]
MessageController: Subject = getListTemplateSupervision
MessageController: Message received : ServerRequest [attachement=null, fromUrl=DAS_CLIENT, sendUrl=DAS_SERVER, title=getListTemplateSupervision, sendedDate=Wed Mar 19 10:31:59 CET 2014, previousRequest=null]
MessageController: Subject = getListEan128
MessageController: Message received : ServerRequest [attachement=null, fromUrl=DAS_CLIENT, sendUrl=DAS_SERVER, title=getListEan128, sendedDate=Wed Mar 19 10:31:59 CET 2014, previousRequest=null]
MessageController: Subject = getFctConfigsWithWsId
MessageController: Message received : ServerRequest [attachement=2, fromUrl=DAS_CLIENT, sendUrl=DAS_SERVER, title=getFctConfigsWithWsId, sendedDate=Wed Mar 19 10:31:59 CET 2014, previousRequest=null]
MessageController: Subject = getSubjectList
MessageController: Message received : ServerRequest [attachement=null, fromUrl=TALEND, sendUrl=DAS_SERVER, title=getSubjectList, sendedDate=Wed Mar 19 11:37:28 CET 2014, previousRequest=null]
MessageController: Subject = getSubjectList
MessageController: Message received : ServerRequest [attachement=null, fromUrl=TALEND, sendUrl=DAS_SERVER, title=getSubjectList, sendedDate=Wed Mar 19 11:37:33 CET 2014, previousRequest=null]
MessageController: Subject = getWsConfig_workstationID
MessageController: Message received : ServerRequest [attachement=1, fromUrl=DAS_CLIENT, sendUrl=DAS_SERVER, title=getWsConfig_workstationID, sendedDate=Wed Mar 19 11:40:31 CET 2014, previousRequest=null]
MessageController: config : WsConfig [configMaterial=[DASConfigMaterial [code=rj2bis, name=Simu4Bis, port=tcp://172.26.44.118:5431, workstation=DASWorkstation [code = 1, name = das test 1, force_pdf = false, config_ids = {IndirectList: not instantiated}], material=DASModelMaterial [, code=4, name=Balance1, modelMaterial=DASModelMaterial [, typeMaterial=DASTypeMaterial [id=33, name=Balances]]], configTypeMaterial=DASConfigTypeMaterial [code=6, name=6, issimple=false, iscumulative=false, speed=null, parity=null, stop_bit=null, databit=null, dialog=[]]], DASConfigMaterial [code=PKB, name=Keyboard1, port=null, workstation=DASWorkstation [code = 1, name = das test 1, force_pdf = false, config_ids = {IndirectList: not instantiated}], material=DASModelMaterial [, code=Keyboard1, name=Keyboard1, modelMaterial=DASModelMaterial [, typeMaterial=DASTypeMaterial [id=49, name=Physical keyboard]]], configTypeMaterial=DASConfigTypeMaterial [code=7, name=7, issimple=true, iscumulative=true, speed=16, parity=0, stop_bit=1, databit=8, dialog=[]]], DASConfigMaterial [code=das6, name=2, port=/dev/ttyUSB0, workstation=DASWorkstation [code = 1, name = das test 1, force_pdf = false, config_ids = {IndirectList: not instantiated}], material=DASModelMaterial [, code=4, name=Balance1, modelMaterial=DASModelMaterial [, typeMaterial=DASTypeMaterial [id=33, name=Balances]]], configTypeMaterial=DASConfigTypeMaterial [code=comr, name=SimucomR, issimple=false, iscumulative=false, speed=9600, parity=0, stop_bit=1, databit=8, dialog=[]]], DASConfigMaterial [code=ScannerDC, name=ScannerDC, port=/dev/ttyUSB0, workstation=DASWorkstation [code = 1, name = das test 1, force_pdf = false, config_ids = {IndirectList: not instantiated}], material=DASModelMaterial [, code=ScannerDC, name=ScannerDC, modelMaterial=DASModelMaterial [, typeMaterial=DASTypeMaterial [id=34, name=Lecteurs id-barres]]], configTypeMaterial=DASConfigTypeMaterial [code=1usb, name=1usb, issimple=false, iscumulative=false, speed=9600, parity=0, stop_bit=1, databit=8, dialog=[]]], DASConfigMaterial [code=das2, name=das2, port=5474, workstation=DASWorkstation [code = 1, name = das test 1, force_pdf = false, config_ids = {IndirectList: not instantiated}], material=DASModelMaterial [, code=3, name=Scanner3, modelMaterial=DASModelMaterial [, typeMaterial=DASTypeMaterial [id=34, name=Lecteurs id-barres]]], configTypeMaterial=DASConfigTypeMaterial [code=2, name=2, issimple=false, iscumulative=false, speed=0, parity=0, stop_bit=0, databit=0, dialog=[]]], DASConfigMaterial [code=rj2, name=Simu2, port=tcp://172.26.44.119:5431, workstation=DASWorkstation [code = 1, name = das test 1, force_pdf = false, config_ids = {IndirectList: not instantiated}], material=DASModelMaterial [, code=4, name=Balance1, modelMaterial=DASModelMaterial [, typeMaterial=DASTypeMaterial [id=33, name=Balances]]], configTypeMaterial=DASConfigTypeMaterial [code=2, name=2, issimple=false, iscumulative=false, speed=0, parity=0, stop_bit=0, databit=0, dialog=[]]], DASConfigMaterial [code=rj1, name=Simu01, port=5430, workstation=DASWorkstation [code = 1, name = das test 1, force_pdf = false, config_ids = {IndirectList: not instantiated}], material=DASModelMaterial [, code=4, name=Balance1, modelMaterial=DASModelMaterial [, typeMaterial=DASTypeMaterial [id=33, name=Balances]]], configTypeMaterial=DASConfigTypeMaterial [code=1, name=0, issimple=true, iscumulative=false, speed=0, parity=0, stop_bit=0, databit=0, dialog=[DASDialog [name =D1,header_code=null, sendReceiveData=I2_A_IND690-Count IZ05 (\d*) Kg, priority=1, waitingSecond=0, send=0, startCharPosition=null, stopCharPosition=null]]]], DASConfigMaterial [code=rj3, name=Simu3, port=tcp://172.26.44.118:5433, workstation=DASWorkstation [code = 1, name = das test 1, force_pdf = false, config_ids = {IndirectList: not instantiated}], material=DASModelMaterial [, code=4, name=Balance1, modelMaterial=DASModelMaterial [, typeMaterial=DASTypeMaterial [id=33, name=Balances]]], configTypeMaterial=DASConfigTypeMaterial [code=5, name=5, issimple=false, iscumulative=false, speed=9600, parity=0, stop_bit=1, databit=8, dialog=[]]], DASConfigMaterial [code=rj4, name=Simu4, port=tcp://172.26.44.118:5434, workstation=DASWorkstation [code = 1, name = das test 1, force_pdf = false, config_ids = {IndirectList: not instantiated}], material=DASModelMaterial [, code=4, name=Balance1, modelMaterial=DASModelMaterial [, typeMaterial=DASTypeMaterial [id=33, name=Balances]]], configTypeMaterial=DASConfigTypeMaterial [code=5, name=5, issimple=false, iscumulative=false, speed=9600, parity=0, stop_bit=1, databit=8, dialog=[]]]]]
MessageController: Subject = getWorkstationWithId
MessageController: Message received : ServerRequest [attachement=1, fromUrl=DAS_CLIENT, sendUrl=DAS_SERVER, title=getWorkstationWithId, sendedDate=Wed Mar 19 11:40:32 CET 2014, previousRequest=null]
MessageController: Subject = getFctConfigsWithWsId
MessageController: Message received : ServerRequest [attachement=1, fromUrl=DAS_CLIENT, sendUrl=DAS_SERVER, title=getFctConfigsWithWsId, sendedDate=Wed Mar 19 11:40:32 CET 2014, previousRequest=null]
MessageController: Subject = getGraphConfigsWithWsId
MessageController: Message received : ServerRequest [attachement=1, fromUrl=DAS_CLIENT, sendUrl=DAS_SERVER, title=getGraphConfigsWithWsId, sendedDate=Wed Mar 19 11:40:32 CET 2014, previousRequest=null]
MessageController: Subject = getGraphConfigsWithWsId
MessageController: Message received : ServerRequest [attachement=1, fromUrl=DAS_CLIENT, sendUrl=DAS_SERVER, title=getGraphConfigsWithWsId, sendedDate=Wed Mar 19 11:40:32 CET 2014, previousRequest=null]
MessageController: Subject = getListTemplateReport
MessageController: Message received : ServerRequest [attachement=null, fromUrl=DAS_CLIENT, sendUrl=DAS_SERVER, title=getListTemplateReport, sendedDate=Wed Mar 19 11:40:33 CET 2014, previousRequest=null]
MessageController: Subject = getListTemplateSupervision
MessageController: Message received : ServerRequest [attachement=null, fromUrl=DAS_CLIENT, sendUrl=DAS_SERVER, title=getListTemplateSupervision, sendedDate=Wed Mar 19 11:40:33 CET 2014, previousRequest=null]
MessageController: Subject = getListEan128
MessageController: Message received : ServerRequest [attachement=null, fromUrl=DAS_CLIENT, sendUrl=DAS_SERVER, title=getListEan128, sendedDate=Wed Mar 19 11:40:33 CET 2014, previousRequest=null]
MessageController: Subject = getFctConfigsWithWsId
MessageController: Message received : ServerRequest [attachement=1, fromUrl=DAS_CLIENT, sendUrl=DAS_SERVER, title=getFctConfigsWithWsId, sendedDate=Wed Mar 19 11:40:34 CET 2014, previousRequest=null]
MessageController: Subject = getDataModelWithId
MessageController: Message received : ServerRequest [attachement=persoin, fromUrl=DAS_CLIENT, sendUrl=DAS_SERVER, title=getDataModelWithId, sendedDate=Wed Mar 19 11:42:44 CET 2014, previousRequest=null]
MessageController: Subject = getSubjectList
MessageController: Message received : ServerRequest [attachement=null, fromUrl=TALEND, sendUrl=DAS_SERVER, title=getSubjectList, sendedDate=Wed Mar 19 11:43:25 CET 2014, previousRequest=null]
MessageController: Subject = getDataModelWithId
MessageController: Message received : ServerRequest [attachement=persoin, fromUrl=DAS_CLIENT, sendUrl=DAS_SERVER, title=getDataModelWithId, sendedDate=Wed Mar 19 11:43:38 CET 2014, previousRequest=null]
MessageController: Subject = getListTemplateReport
MessageController: Message received : ServerRequest [attachement=null, fromUrl=DAS_CLIENT, sendUrl=DAS_SERVER, title=getListTemplateReport, sendedDate=Wed Mar 19 11:43:41 CET 2014, previousRequest=null]
MessageController: Subject = getListTemplateSupervision
MessageController: Message received : ServerRequest [attachement=null, fromUrl=DAS_CLIENT, sendUrl=DAS_SERVER, title=getListTemplateSupervision, sendedDate=Wed Mar 19 11:43:41 CET 2014, previousRequest=null]
MessageController: Subject = getListEan128
MessageController: Message received : ServerRequest [attachement=null, fromUrl=DAS_CLIENT, sendUrl=DAS_SERVER, title=getListEan128, sendedDate=Wed Mar 19 11:43:41 CET 2014, previousRequest=null]
MessageController: Subject = getFctConfigsWithWsId
MessageController: Message received : ServerRequest [attachement=1, fromUrl=DAS_CLIENT, sendUrl=DAS_SERVER, title=getFctConfigsWithWsId, sendedDate=Wed Mar 19 11:43:41 CET 2014, previousRequest=null]
MessageController: Subject = getDataModelWithId
MessageController: Message received : ServerRequest [attachement=persoin, fromUrl=DAS_CLIENT, sendUrl=DAS_SERVER, title=getDataModelWithId, sendedDate=Wed Mar 19 11:43:43 CET 2014, previousRequest=null]
MessageController: Subject = getDataModelWithId
MessageController: Message received : ServerRequest [attachement=groups, fromUrl=DAS_CLIENT, sendUrl=DAS_SERVER, title=getDataModelWithId, sendedDate=Wed Mar 19 11:43:45 CET 2014, previousRequest=null]
MessageController: Subject = getListTemplateReport
MessageController: Message received : ServerRequest [attachement=null, fromUrl=DAS_CLIENT, sendUrl=DAS_SERVER, title=getListTemplateReport, sendedDate=Wed Mar 19 11:43:45 CET 2014, previousRequest=null]
MessageController: Subject = getListTemplateSupervision
MessageController: Message received : ServerRequest [attachement=null, fromUrl=DAS_CLIENT, sendUrl=DAS_SERVER, title=getListTemplateSupervision, sendedDate=Wed Mar 19 11:43:46 CET 2014, previousRequest=null]
MessageController: Subject = getListEan128
MessageController: Message received : ServerRequest [attachement=null, fromUrl=DAS_CLIENT, sendUrl=DAS_SERVER, title=getListEan128, sendedDate=Wed Mar 19 11:43:46 CET 2014, previousRequest=null]
MessageController: Subject = getFctConfigsWithWsId
MessageController: Message received : ServerRequest [attachement=1, fromUrl=DAS_CLIENT, sendUrl=DAS_SERVER, title=getFctConfigsWithWsId, sendedDate=Wed Mar 19 11:43:46 CET 2014, previousRequest=null]
MessageController: Subject = getListTemplateReport
MessageController: Message received : ServerRequest [attachement=null, fromUrl=DAS_CLIENT, sendUrl=DAS_SERVER, title=getListTemplateReport, sendedDate=Wed Mar 19 11:43:46 CET 2014, previousRequest=null]
MessageController: Subject = getListTemplateSupervision
MessageController: Message received : ServerRequest [attachement=null, fromUrl=DAS_CLIENT, sendUrl=DAS_SERVER, title=getListTemplateSupervision, sendedDate=Wed Mar 19 11:43:46 CET 2014, previousRequest=null]
MessageController: Subject = getListEan128
MessageController: Message received : ServerRequest [attachement=null, fromUrl=DAS_CLIENT, sendUrl=DAS_SERVER, title=getListEan128, sendedDate=Wed Mar 19 11:43:46 CET 2014, previousRequest=null]
MessageController: Subject = getFctConfigsWithWsId
MessageController: Message received : ServerRequest [attachement=1, fromUrl=DAS_CLIENT, sendUrl=DAS_SERVER, title=getFctConfigsWithWsId, sendedDate=Wed Mar 19 11:43:46 CET 2014, previousRequest=null]
MessageController: Subject = getSubjectList
MessageController: Message received : ServerRequest [attachement=null, fromUrl=TALEND, sendUrl=DAS_SERVER, title=getSubjectList, sendedDate=Wed Mar 19 11:44:05 CET 2014, previousRequest=null]
MessageController: Subject = getWsConfig_workstationID
MessageController: Message received : ServerRequest [attachement=1, fromUrl=DAS_CLIENT, sendUrl=DAS_SERVER, title=getWsConfig_workstationID, sendedDate=Wed Mar 19 11:47:01 CET 2014, previousRequest=null]
MessageController: config : WsConfig [configMaterial=[DASConfigMaterial [code=rj2bis, name=Simu4Bis, port=tcp://172.26.44.118:5431, workstation=DASWorkstation [code = 1, name = das test 1, force_pdf = false, config_ids = {IndirectList: not instantiated}], material=DASModelMaterial [, code=4, name=Balance1, modelMaterial=DASModelMaterial [, typeMaterial=DASTypeMaterial [id=33, name=Balances]]], configTypeMaterial=DASConfigTypeMaterial [code=6, name=6, issimple=false, iscumulative=false, speed=null, parity=null, stop_bit=null, databit=null, dialog=[]]], DASConfigMaterial [code=PKB, name=Keyboard1, port=null, workstation=DASWorkstation [code = 1, name = das test 1, force_pdf = false, config_ids = {IndirectList: not instantiated}], material=DASModelMaterial [, code=Keyboard1, name=Keyboard1, modelMaterial=DASModelMaterial [, typeMaterial=DASTypeMaterial [id=49, name=Physical keyboard]]], configTypeMaterial=DASConfigTypeMaterial [code=7, name=7, issimple=true, iscumulative=true, speed=16, parity=0, stop_bit=1, databit=8, dialog=[]]], DASConfigMaterial [code=das6, name=2, port=/dev/ttyUSB0, workstation=DASWorkstation [code = 1, name = das test 1, force_pdf = false, config_ids = {IndirectList: not instantiated}], material=DASModelMaterial [, code=4, name=Balance1, modelMaterial=DASModelMaterial [, typeMaterial=DASTypeMaterial [id=33, name=Balances]]], configTypeMaterial=DASConfigTypeMaterial [code=comr, name=SimucomR, issimple=false, iscumulative=false, speed=9600, parity=0, stop_bit=1, databit=8, dialog=[]]], DASConfigMaterial [code=ScannerDC, name=ScannerDC, port=/dev/ttyUSB0, workstation=DASWorkstation [code = 1, name = das test 1, force_pdf = false, config_ids = {IndirectList: not instantiated}], material=DASModelMaterial [, code=ScannerDC, name=ScannerDC, modelMaterial=DASModelMaterial [, typeMaterial=DASTypeMaterial [id=34, name=Lecteurs id-barres]]], configTypeMaterial=DASConfigTypeMaterial [code=1usb, name=1usb, issimple=false, iscumulative=false, speed=9600, parity=0, stop_bit=1, databit=8, dialog=[]]], DASConfigMaterial [code=das2, name=das2, port=5474, workstation=DASWorkstation [code = 1, name = das test 1, force_pdf = false, config_ids = {IndirectList: not instantiated}], material=DASModelMaterial [, code=3, name=Scanner3, modelMaterial=DASModelMaterial [, typeMaterial=DASTypeMaterial [id=34, name=Lecteurs id-barres]]], configTypeMaterial=DASConfigTypeMaterial [code=2, name=2, issimple=false, iscumulative=false, speed=0, parity=0, stop_bit=0, databit=0, dialog=[]]], DASConfigMaterial [code=rj2, name=Simu2, port=tcp://172.26.44.119:5431, workstation=DASWorkstation [code = 1, name = das test 1, force_pdf = false, config_ids = {IndirectList: not instantiated}], material=DASModelMaterial [, code=4, name=Balance1, modelMaterial=DASModelMaterial [, typeMaterial=DASTypeMaterial [id=33, name=Balances]]], configTypeMaterial=DASConfigTypeMaterial [code=2, name=2, issimple=false, iscumulative=false, speed=0, parity=0, stop_bit=0, databit=0, dialog=[]]], DASConfigMaterial [code=rj1, name=Simu01, port=5430, workstation=DASWorkstation [code = 1, name = das test 1, force_pdf = false, config_ids = {IndirectList: not instantiated}], material=DASModelMaterial [, code=4, name=Balance1, modelMaterial=DASModelMaterial [, typeMaterial=DASTypeMaterial [id=33, name=Balances]]], configTypeMaterial=DASConfigTypeMaterial [code=1, name=0, issimple=true, iscumulative=false, speed=0, parity=0, stop_bit=0, databit=0, dialog=[DASDialog [name =D1,header_code=null, sendReceiveData=I2_A_IND690-Count IZ05 (\d*) Kg, priority=1, waitingSecond=0, send=0, startCharPosition=null, stopCharPosition=null]]]], DASConfigMaterial [code=rj3, name=Simu3, port=tcp://172.26.44.118:5433, workstation=DASWorkstation [code = 1, name = das test 1, force_pdf = false, config_ids = {IndirectList: not instantiated}], material=DASModelMaterial [, code=4, name=Balance1, modelMaterial=DASModelMaterial [, typeMaterial=DASTypeMaterial [id=33, name=Balances]]], configTypeMaterial=DASConfigTypeMaterial [code=5, name=5, issimple=false, iscumulative=false, speed=9600, parity=0, stop_bit=1, databit=8, dialog=[]]], DASConfigMaterial [code=rj4, name=Simu4, port=tcp://172.26.44.118:5434, workstation=DASWorkstation [code = 1, name = das test 1, force_pdf = false, config_ids = {IndirectList: not instantiated}], material=DASModelMaterial [, code=4, name=Balance1, modelMaterial=DASModelMaterial [, typeMaterial=DASTypeMaterial [id=33, name=Balances]]], configTypeMaterial=DASConfigTypeMaterial [code=5, name=5, issimple=false, iscumulative=false, speed=9600, parity=0, stop_bit=1, databit=8, dialog=[]]]]]
MessageController: Subject = getWorkstationWithId
MessageController: Message received : ServerRequest [attachement=1, fromUrl=DAS_CLIENT, sendUrl=DAS_SERVER, title=getWorkstationWithId, sendedDate=Wed Mar 19 11:47:01 CET 2014, previousRequest=null]
MessageController: Subject = getFctConfigsWithWsId
MessageController: Message received : ServerRequest [attachement=1, fromUrl=DAS_CLIENT, sendUrl=DAS_SERVER, title=getFctConfigsWithWsId, sendedDate=Wed Mar 19 11:47:01 CET 2014, previousRequest=null]
MessageController: Subject = getGraphConfigsWithWsId
MessageController: Message received : ServerRequest [attachement=1, fromUrl=DAS_CLIENT, sendUrl=DAS_SERVER, title=getGraphConfigsWithWsId, sendedDate=Wed Mar 19 11:47:01 CET 2014, previousRequest=null]
MessageController: Subject = getGraphConfigsWithWsId
MessageController: Message received : ServerRequest [attachement=1, fromUrl=DAS_CLIENT, sendUrl=DAS_SERVER, title=getGraphConfigsWithWsId, sendedDate=Wed Mar 19 11:47:02 CET 2014, previousRequest=null]
MessageController: Subject = getListTemplateReport
MessageController: Message received : ServerRequest [attachement=null, fromUrl=DAS_CLIENT, sendUrl=DAS_SERVER, title=getListTemplateReport, sendedDate=Wed Mar 19 11:47:03 CET 2014, previousRequest=null]
MessageController: Subject = getListTemplateSupervision
MessageController: Message received : ServerRequest [attachement=null, fromUrl=DAS_CLIENT, sendUrl=DAS_SERVER, title=getListTemplateSupervision, sendedDate=Wed Mar 19 11:47:03 CET 2014, previousRequest=null]
MessageController: Subject = getListEan128
MessageController: Message received : ServerRequest [attachement=null, fromUrl=DAS_CLIENT, sendUrl=DAS_SERVER, title=getListEan128, sendedDate=Wed Mar 19 11:47:03 CET 2014, previousRequest=null]
MessageController: Subject = getFctConfigsWithWsId
MessageController: Message received : ServerRequest [attachement=1, fromUrl=DAS_CLIENT, sendUrl=DAS_SERVER, title=getFctConfigsWithWsId, sendedDate=Wed Mar 19 11:47:03 CET 2014, previousRequest=null]
MessageController: Subject = getDataModelWithId
MessageController: Message received : ServerRequest [attachement=persoin, fromUrl=DAS_CLIENT, sendUrl=DAS_SERVER, title=getDataModelWithId, sendedDate=Wed Mar 19 11:58:14 CET 2014, previousRequest=null]
MessageController: Subject = getDataModelWithId
MessageController: Message received : ServerRequest [attachement=groups, fromUrl=DAS_CLIENT, sendUrl=DAS_SERVER, title=getDataModelWithId, sendedDate=Wed Mar 19 11:58:16 CET 2014, previousRequest=null]
MessageController: Subject = getListTemplateReport
MessageController: Message received : ServerRequest [attachement=null, fromUrl=DAS_CLIENT, sendUrl=DAS_SERVER, title=getListTemplateReport, sendedDate=Wed Mar 19 11:58:16 CET 2014, previousRequest=null]
MessageController: Subject = getListTemplateSupervision
MessageController: Message received : ServerRequest [attachement=null, fromUrl=DAS_CLIENT, sendUrl=DAS_SERVER, title=getListTemplateSupervision, sendedDate=Wed Mar 19 11:58:17 CET 2014, previousRequest=null]
MessageController: Subject = getListEan128
MessageController: Message received : ServerRequest [attachement=null, fromUrl=DAS_CLIENT, sendUrl=DAS_SERVER, title=getListEan128, sendedDate=Wed Mar 19 11:58:17 CET 2014, previousRequest=null]
MessageController: Subject = getFctConfigsWithWsId
MessageController: Message received : ServerRequest [attachement=1, fromUrl=DAS_CLIENT, sendUrl=DAS_SERVER, title=getFctConfigsWithWsId, sendedDate=Wed Mar 19 11:58:17 CET 2014, previousRequest=null]
MessageController: Subject = getListTemplateReport
MessageController: Message received : ServerRequest [attachement=null, fromUrl=DAS_CLIENT, sendUrl=DAS_SERVER, title=getListTemplateReport, sendedDate=Wed Mar 19 11:58:17 CET 2014, previousRequest=null]
MessageController: Subject = getListTemplateSupervision
MessageController: Message received : ServerRequest [attachement=null, fromUrl=DAS_CLIENT, sendUrl=DAS_SERVER, title=getListTemplateSupervision, sendedDate=Wed Mar 19 11:58:17 CET 2014, previousRequest=null]
MessageController: Subject = getListEan128
MessageController: Message received : ServerRequest [attachement=null, fromUrl=DAS_CLIENT, sendUrl=DAS_SERVER, title=getListEan128, sendedDate=Wed Mar 19 11:58:17 CET 2014, previousRequest=null]
MessageController: Subject = getFctConfigsWithWsId
MessageController: Message received : ServerRequest [attachement=1, fromUrl=DAS_CLIENT, sendUrl=DAS_SERVER, title=getFctConfigsWithWsId, sendedDate=Wed Mar 19 11:58:17 CET 2014, previousRequest=null]
MessageController: Subject = getListTemplateReport
MessageController: Message received : ServerRequest [attachement=null, fromUrl=DAS_CLIENT, sendUrl=DAS_SERVER, title=getListTemplateReport, sendedDate=Wed Mar 19 12:04:34 CET 2014, previousRequest=null]
MessageController: Subject = getListTemplateSupervision
MessageController: Message received : ServerRequest [attachement=null, fromUrl=DAS_CLIENT, sendUrl=DAS_SERVER, title=getListTemplateSupervision, sendedDate=Wed Mar 19 12:04:34 CET 2014, previousRequest=null]
MessageController: Subject = getListEan128
MessageController: Message received : ServerRequest [attachement=null, fromUrl=DAS_CLIENT, sendUrl=DAS_SERVER, title=getListEan128, sendedDate=Wed Mar 19 12:04:34 CET 2014, previousRequest=null]
MessageController: Subject = getFctConfigsWithWsId
MessageController: Message received : ServerRequest [attachement=1, fromUrl=DAS_CLIENT, sendUrl=DAS_SERVER, title=getFctConfigsWithWsId, sendedDate=Wed Mar 19 12:04:34 CET 2014, previousRequest=null]
MessageController: Subject = getDataModelWithId
MessageController: Message received : ServerRequest [attachement=persoin, fromUrl=DAS_CLIENT, sendUrl=DAS_SERVER, title=getDataModelWithId, sendedDate=Wed Mar 19 12:04:36 CET 2014, previousRequest=null]
MessageController: Subject = getDataModelWithId
MessageController: Message received : ServerRequest [attachement=groups, fromUrl=DAS_CLIENT, sendUrl=DAS_SERVER, title=getDataModelWithId, sendedDate=Wed Mar 19 12:04:37 CET 2014, previousRequest=null]
MessageController: Subject = getListTemplateReport
MessageController: Message received : ServerRequest [attachement=null, fromUrl=DAS_CLIENT, sendUrl=DAS_SERVER, title=getListTemplateReport, sendedDate=Wed Mar 19 12:04:37 CET 2014, previousRequest=null]
MessageController: Subject = getListTemplateSupervision
MessageController: Message received : ServerRequest [attachement=null, fromUrl=DAS_CLIENT, sendUrl=DAS_SERVER, title=getListTemplateSupervision, sendedDate=Wed Mar 19 12:04:37 CET 2014, previousRequest=null]
MessageController: Subject = getListEan128
MessageController: Message received : ServerRequest [attachement=null, fromUrl=DAS_CLIENT, sendUrl=DAS_SERVER, title=getListEan128, sendedDate=Wed Mar 19 12:04:37 CET 2014, previousRequest=null]
MessageController: Subject = getFctConfigsWithWsId
MessageController: Message received : ServerRequest [attachement=1, fromUrl=DAS_CLIENT, sendUrl=DAS_SERVER, title=getFctConfigsWithWsId, sendedDate=Wed Mar 19 12:04:37 CET 2014, previousRequest=null]
MessageController: Subject = getListTemplateReport
MessageController: Message received : ServerRequest [attachement=null, fromUrl=DAS_CLIENT, sendUrl=DAS_SERVER, title=getListTemplateReport, sendedDate=Wed Mar 19 12:04:38 CET 2014, previousRequest=null]
MessageController: Subject = getListTemplateSupervision
MessageController: Message received : ServerRequest [attachement=null, fromUrl=DAS_CLIENT, sendUrl=DAS_SERVER, title=getListTemplateSupervision, sendedDate=Wed Mar 19 12:04:38 CET 2014, previousRequest=null]
MessageController: Subject = getListEan128
MessageController: Message received : ServerRequest [attachement=null, fromUrl=DAS_CLIENT, sendUrl=DAS_SERVER, title=getListEan128, sendedDate=Wed Mar 19 12:04:38 CET 2014, previousRequest=null]
MessageController: Subject = getFctConfigsWithWsId
MessageController: Message received : ServerRequest [attachement=1, fromUrl=DAS_CLIENT, sendUrl=DAS_SERVER, title=getFctConfigsWithWsId, sendedDate=Wed Mar 19 12:04:38 CET 2014, previousRequest=null]
MessageController: Subject = getSubjectList
MessageController: Message received : ServerRequest [attachement=null, fromUrl=TALEND, sendUrl=DAS_SERVER, title=getSubjectList, sendedDate=Wed Mar 19 12:05:11 CET 2014, previousRequest=null]
MessageController: Subject = getSubjectList
MessageController: Message received : ServerRequest [attachement=null, fromUrl=TALEND, sendUrl=DAS_SERVER, title=getSubjectList, sendedDate=Wed Mar 19 12:05:13 CET 2014, previousRequest=null]
MessageController: Subject = getListTemplateReport
MessageController: Message received : ServerRequest [attachement=null, fromUrl=DAS_CLIENT, sendUrl=DAS_SERVER, title=getListTemplateReport, sendedDate=Wed Mar 19 12:05:24 CET 2014, previousRequest=null]
MessageController: Subject = getListTemplateSupervision
MessageController: Message received : ServerRequest [attachement=null, fromUrl=DAS_CLIENT, sendUrl=DAS_SERVER, title=getListTemplateSupervision, sendedDate=Wed Mar 19 12:05:24 CET 2014, previousRequest=null]
MessageController: Subject = getListEan128
MessageController: Message received : ServerRequest [attachement=null, fromUrl=DAS_CLIENT, sendUrl=DAS_SERVER, title=getListEan128, sendedDate=Wed Mar 19 12:05:24 CET 2014, previousRequest=null]
MessageController: Subject = getFctConfigsWithWsId
MessageController: Message received : ServerRequest [attachement=1, fromUrl=DAS_CLIENT, sendUrl=DAS_SERVER, title=getFctConfigsWithWsId, sendedDate=Wed Mar 19 12:05:24 CET 2014, previousRequest=null]
MessageController: Subject = getDataModelWithId
MessageController: Message received : ServerRequest [attachement=persoin, fromUrl=DAS_CLIENT, sendUrl=DAS_SERVER, title=getDataModelWithId, sendedDate=Wed Mar 19 12:05:25 CET 2014, previousRequest=null]
MessageController: Subject = getDataModelWithId
MessageController: Message received : ServerRequest [attachement=groups, fromUrl=DAS_CLIENT, sendUrl=DAS_SERVER, title=getDataModelWithId, sendedDate=Wed Mar 19 12:05:26 CET 2014, previousRequest=null]
MessageController: Subject = getListTemplateReport
MessageController: Message received : ServerRequest [attachement=null, fromUrl=DAS_CLIENT, sendUrl=DAS_SERVER, title=getListTemplateReport, sendedDate=Wed Mar 19 12:05:27 CET 2014, previousRequest=null]
MessageController: Subject = getListTemplateSupervision
MessageController: Message received : ServerRequest [attachement=null, fromUrl=DAS_CLIENT, sendUrl=DAS_SERVER, title=getListTemplateSupervision, sendedDate=Wed Mar 19 12:05:27 CET 2014, previousRequest=null]
MessageController: Subject = getListEan128
MessageController: Message received : ServerRequest [attachement=null, fromUrl=DAS_CLIENT, sendUrl=DAS_SERVER, title=getListEan128, sendedDate=Wed Mar 19 12:05:27 CET 2014, previousRequest=null]
MessageController: Subject = getFctConfigsWithWsId
MessageController: Message received : ServerRequest [attachement=1, fromUrl=DAS_CLIENT, sendUrl=DAS_SERVER, title=getFctConfigsWithWsId, sendedDate=Wed Mar 19 12:05:27 CET 2014, previousRequest=null]
MessageController: Subject = getListTemplateReport
MessageController: Message received : ServerRequest [attachement=null, fromUrl=DAS_CLIENT, sendUrl=DAS_SERVER, title=getListTemplateReport, sendedDate=Wed Mar 19 12:05:27 CET 2014, previousRequest=null]
MessageController: Subject = getListTemplateSupervision
MessageController: Message received : ServerRequest [attachement=null, fromUrl=DAS_CLIENT, sendUrl=DAS_SERVER, title=getListTemplateSupervision, sendedDate=Wed Mar 19 12:05:27 CET 2014, previousRequest=null]
MessageController: Subject = getListEan128
MessageController: Message received : ServerRequest [attachement=null, fromUrl=DAS_CLIENT, sendUrl=DAS_SERVER, title=getListEan128, sendedDate=Wed Mar 19 12:05:27 CET 2014, previousRequest=null]
MessageController: Subject = getFctConfigsWithWsId
MessageController: Message received : ServerRequest [attachement=1, fromUrl=DAS_CLIENT, sendUrl=DAS_SERVER, title=getFctConfigsWithWsId, sendedDate=Wed Mar 19 12:05:27 CET 2014, previousRequest=null]
