DASConnexion: APPEL GET INSTANCE :: DASCONNEXION
MessageReceiver: Sujet = 'getChaineParser' or Sujet = 'insertLot' or Sujet = 'insertMvt' or Sujet = 'getWorkstationWithId' or Sujet = 'getGraphConfigsWithWsId' or Sujet = 'getBalancesWithWs' or Sujet = 'getLotWithSSCC' or Sujet = 'getProductsWithComingFrom' or Sujet = 'getProductWithId' or Sujet = 'getWsGenericsWithId' or Sujet = 'getWsGenericsWithIdOrWithout' or Sujet = 'getWsArticlesWithId' or Sujet = 'getDependsWithParentsAndDM' or Sujet = 'getDataModelWithId' or Sujet = 'getSubjectList' or Sujet = 'getFctConfigsWithWsId' or Sujet = 'getAcquisitionMethodWithId' or Sujet = 'getWsSsccWithId' or Sujet = 'getListDataModel' or Sujet = 'getListEan128' or Sujet = 'getListTemplateReport' or Sujet = 'getListTemplateSupervision' or Sujet = 'getWsConfig_workstationID'
DASConnexion: APPEL GET INSTANCE :: DASCONNEXION
MessageReceiver: LISTENER SETTED
MessageReceiver: Connecting receiver to URL: tcp://127.0.0.1:61616
MessageReceiver: Consuming queue : DAS_SERVER
MessageSender: Connecting sender to URL: tcp://127.0.0.1:61616
MessageSender: Using persistent messages and queue
Start: OpenDAS Server starts with configuration file: config/das_server.conf
MessageController: Passage by onMessage
MessageController :: Passage par route Message :ActiveMQObjectMessage {commandId = 5, responseRequired = false, messageId = ID:opendas-vm-54933-1404727026141-0:2:1:1:1, originalDestination = null, originalTransactionId = null, producerId = ID:opendas-vm-54933-1404727026141-0:2:1:1, destination = queue://DAS_SERVER, transactionId = null, expiration = 1404727026770, timestamp = 1404727026470, arrival = 0, brokerInTime = 1404727026471, brokerOutTime = 1404727026474, correlationId = null, replyTo = null, persistent = false, type = null, priority = 4, groupID = null, groupSequence = 0, targetConsumerId = null, compressed = false, userID = null, content = org.apache.activemq.util.ByteSequence@174d93a, marshalledProperties = org.apache.activemq.util.ByteSequence@61a907, dataStructure = null, redeliveryCounter = 0, size = 0, properties = {Station=WS1_pointage, Sujet=getWsConfig_workstationID}, readOnlyProperties = true, readOnlyBody = true, droppable = false}
MessageController: Subject = getWsConfig_workstationID
MessageController :: Passage par route ObjectMessage :ActiveMQObjectMessage {commandId = 5, responseRequired = false, messageId = ID:opendas-vm-54933-1404727026141-0:2:1:1:1, originalDestination = null, originalTransactionId = null, producerId = ID:opendas-vm-54933-1404727026141-0:2:1:1, destination = queue://DAS_SERVER, transactionId = null, expiration = 1404727026770, timestamp = 1404727026470, arrival = 0, brokerInTime = 1404727026471, brokerOutTime = 1404727026474, correlationId = null, replyTo = null, persistent = false, type = null, priority = 4, groupID = null, groupSequence = 0, targetConsumerId = null, compressed = false, userID = null, content = org.apache.activemq.util.ByteSequence@174d93a, marshalledProperties = org.apache.activemq.util.ByteSequence@61a907, dataStructure = null, redeliveryCounter = 0, size = 0, properties = {Station=WS1_pointage, Sujet=getWsConfig_workstationID}, readOnlyProperties = true, readOnlyBody = true, droppable = false}
MessageController: Message received : ServerRequest [attachement=1, fromUrl=DAS_CLIENT, sendUrl=DAS_SERVER, title=getWsConfig_workstationID, sendedDate=Mon Jul 07 11:57:06 CEST 2014, previousRequest=null]
MessageController: TITLE ====>getWsConfig_workstationID
MessageSender: Message send having for subject: WS1_pointage
MessageSender: Sending message: ServerRequest [attachement=WsConfig [configMaterial=[DASConfigMaterial [code=PKB, name=Keyboard1, port=null, workstation...
MessageController: config : WsConfig [configMaterial=[DASConfigMaterial [code=PKB, name=Keyboard1, port=null, workstation=DASWorkstation [code = 1, name = das test 1, force_pdf = false, config_ids = {IndirectList: not instantiated}], material=DASModelMaterial [, code=Keyboard1, name=Keyboard1, modelMaterial=DASModelMaterial [, typeMaterial=DASTypeMaterial [id=49, name=Physical keyboard]]], configTypeMaterial=DASConfigTypeMaterial [code=7, name=7, issimple=true, iscumulative=true, speed=16, parity=0, stop_bit=1, databit=8, dialog=[]]], DASConfigMaterial [code=das6, name=2, port=/dev/ttyUSB0, workstation=DASWorkstation [code = 1, name = das test 1, force_pdf = false, config_ids = {IndirectList: not instantiated}], material=DASModelMaterial [, code=4, name=Balance1, modelMaterial=DASModelMaterial [, typeMaterial=DASTypeMaterial [id=33, name=Balances]]], configTypeMaterial=DASConfigTypeMaterial [code=comr, name=SimucomR, issimple=false, iscumulative=false, speed=9600, parity=0, stop_bit=1, databit=8, dialog=[]]], DASConfigMaterial [code=rj3, name=Simu3, port=tcp://127.0.0.1:5433, workstation=DASWorkstation [code = 1, name = das test 1, force_pdf = false, config_ids = {IndirectList: not instantiated}], material=DASModelMaterial [, code=4, name=Balance1, modelMaterial=DASModelMaterial [, typeMaterial=DASTypeMaterial [id=33, name=Balances]]], configTypeMaterial=DASConfigTypeMaterial [code=5, name=5, issimple=false, iscumulative=false, speed=9600, parity=0, stop_bit=1, databit=8, dialog=[]]], DASConfigMaterial [code=rj2, name=Simu2, port=tcp://127.0.0.1:5431, workstation=DASWorkstation [code = 1, name = das test 1, force_pdf = false, config_ids = {IndirectList: not instantiated}], material=DASModelMaterial [, code=4, name=Balance1, modelMaterial=DASModelMaterial [, typeMaterial=DASTypeMaterial [id=33, name=Balances]]], configTypeMaterial=DASConfigTypeMaterial [code=2, name=2, issimple=false, iscumulative=false, speed=0, parity=0, stop_bit=0, databit=0, dialog=[]]], DASConfigMaterial [code=rj2bis, name=Simu4Bis, port=tcp://127.0.0.1:5431, workstation=DASWorkstation [code = 1, name = das test 1, force_pdf = false, config_ids = {IndirectList: not instantiated}], material=DASModelMaterial [, code=4, name=Balance1, modelMaterial=DASModelMaterial [, typeMaterial=DASTypeMaterial [id=33, name=Balances]]], configTypeMaterial=DASConfigTypeMaterial [code=6, name=6, issimple=false, iscumulative=false, speed=null, parity=null, stop_bit=null, databit=null, dialog=[]]], DASConfigMaterial [code=ScannerDC, name=ScannerDC, port=/dev/ttyUSB0, workstation=DASWorkstation [code = 1, name = das test 1, force_pdf = false, config_ids = {IndirectList: not instantiated}], material=DASModelMaterial [, code=ScannerDC, name=ScannerDC, modelMaterial=DASModelMaterial [, typeMaterial=DASTypeMaterial [id=34, name=Lecteurs id-barres]]], configTypeMaterial=DASConfigTypeMaterial [code=1usb, name=1usb, issimple=false, iscumulative=false, speed=9600, parity=0, stop_bit=1, databit=8, dialog=[]]], DASConfigMaterial [code=das2, name=das2, port=5474, workstation=DASWorkstation [code = 1, name = das test 1, force_pdf = false, config_ids = {IndirectList: not instantiated}], material=DASModelMaterial [, code=3, name=Scanner3, modelMaterial=DASModelMaterial [, typeMaterial=DASTypeMaterial [id=34, name=Lecteurs id-barres]]], configTypeMaterial=DASConfigTypeMaterial [code=2, name=2, issimple=false, iscumulative=false, speed=0, parity=0, stop_bit=0, databit=0, dialog=[]]], DASConfigMaterial [code=rj1, name=Simu01, port=5430, workstation=DASWorkstation [code = 1, name = das test 1, force_pdf = false, config_ids = {IndirectList: not instantiated}], material=DASModelMaterial [, code=4, name=Balance1, modelMaterial=DASModelMaterial [, typeMaterial=DASTypeMaterial [id=33, name=Balances]]], configTypeMaterial=DASConfigTypeMaterial [code=1, name=0, issimple=true, iscumulative=false, speed=0, parity=0, stop_bit=0, databit=0, dialog=[DASDialog [name =D1,header_code=null, sendReceiveData=I2_A_IND690-Count IZ05 (\d*) Kg, priority=1, waitingSecond=0, send=0, startCharPosition=null, stopCharPosition=null]]]], DASConfigMaterial [code=rj4, name=Simu4, port=tcp://172.26.44.118:5434, workstation=DASWorkstation [code = 1, name = das test 1, force_pdf = false, config_ids = {IndirectList: not instantiated}], material=DASModelMaterial [, code=4, name=Balance1, modelMaterial=DASModelMaterial [, typeMaterial=DASTypeMaterial [id=33, name=Balances]]], configTypeMaterial=DASConfigTypeMaterial [code=5, name=5, issimple=false, iscumulative=false, speed=9600, parity=0, stop_bit=1, databit=8, dialog=[]]]]]
MessageController: Passage by onMessage
MessageController :: Passage par route Message :ActiveMQObjectMessage {commandId = 8, responseRequired = false, messageId = ID:opendas-vm-54933-1404727026141-0:2:2:1:1, originalDestination = null, originalTransactionId = null, producerId = ID:opendas-vm-54933-1404727026141-0:2:2:1, destination = queue://DAS_SERVER, transactionId = null, expiration = 1404727027323, timestamp = 1404727027023, arrival = 0, brokerInTime = 1404727027023, brokerOutTime = 1404727027023, correlationId = null, replyTo = null, persistent = false, type = null, priority = 4, groupID = null, groupSequence = 0, targetConsumerId = null, compressed = false, userID = null, content = org.apache.activemq.util.ByteSequence@15b0333, marshalledProperties = org.apache.activemq.util.ByteSequence@2f2295, dataStructure = null, redeliveryCounter = 0, size = 0, properties = {Station=WS1_pointage, Sujet=getWorkstationWithId}, readOnlyProperties = true, readOnlyBody = true, droppable = false}
MessageController: Subject = getWorkstationWithId
MessageController :: Passage par route ObjectMessage :ActiveMQObjectMessage {commandId = 8, responseRequired = false, messageId = ID:opendas-vm-54933-1404727026141-0:2:2:1:1, originalDestination = null, originalTransactionId = null, producerId = ID:opendas-vm-54933-1404727026141-0:2:2:1, destination = queue://DAS_SERVER, transactionId = null, expiration = 1404727027323, timestamp = 1404727027023, arrival = 0, brokerInTime = 1404727027023, brokerOutTime = 1404727027023, correlationId = null, replyTo = null, persistent = false, type = null, priority = 4, groupID = null, groupSequence = 0, targetConsumerId = null, compressed = false, userID = null, content = org.apache.activemq.util.ByteSequence@15b0333, marshalledProperties = org.apache.activemq.util.ByteSequence@2f2295, dataStructure = null, redeliveryCounter = 0, size = 0, properties = {Station=WS1_pointage, Sujet=getWorkstationWithId}, readOnlyProperties = true, readOnlyBody = true, droppable = false}
MessageController: Message received : ServerRequest [attachement=1, fromUrl=DAS_CLIENT, sendUrl=DAS_SERVER, title=getWorkstationWithId, sendedDate=Mon Jul 07 11:57:07 CEST 2014, previousRequest=null]
MessageController: TITLE ====>getWorkstationWithId
MessageSender: Message send having for subject: WS1_pointage
MessageSender: Sending message: ServerRequest [attachement=DASWorkstation [code = 1, name = das test 1, force_pdf = false, config_ids = {IndirectList: n...
MessageController: Passage by onMessage
MessageController :: Passage par route Message :ActiveMQObjectMessage {commandId = 11, responseRequired = false, messageId = ID:opendas-vm-54933-1404727026141-0:2:3:1:1, originalDestination = null, originalTransactionId = null, producerId = ID:opendas-vm-54933-1404727026141-0:2:3:1, destination = queue://DAS_SERVER, transactionId = null, expiration = 1404727027440, timestamp = 1404727027140, arrival = 0, brokerInTime = 1404727027140, brokerOutTime = 1404727027140, correlationId = null, replyTo = null, persistent = false, type = null, priority = 4, groupID = null, groupSequence = 0, targetConsumerId = null, compressed = false, userID = null, content = org.apache.activemq.util.ByteSequence@e99ce5, marshalledProperties = org.apache.activemq.util.ByteSequence@13b9fae, dataStructure = null, redeliveryCounter = 0, size = 0, properties = {Station=WS1_pointage, Sujet=getFctConfigsWithWsId}, readOnlyProperties = true, readOnlyBody = true, droppable = false}
MessageController: Subject = getFctConfigsWithWsId
MessageController :: Passage par route ObjectMessage :ActiveMQObjectMessage {commandId = 11, responseRequired = false, messageId = ID:opendas-vm-54933-1404727026141-0:2:3:1:1, originalDestination = null, originalTransactionId = null, producerId = ID:opendas-vm-54933-1404727026141-0:2:3:1, destination = queue://DAS_SERVER, transactionId = null, expiration = 1404727027440, timestamp = 1404727027140, arrival = 0, brokerInTime = 1404727027140, brokerOutTime = 1404727027140, correlationId = null, replyTo = null, persistent = false, type = null, priority = 4, groupID = null, groupSequence = 0, targetConsumerId = null, compressed = false, userID = null, content = org.apache.activemq.util.ByteSequence@e99ce5, marshalledProperties = org.apache.activemq.util.ByteSequence@13b9fae, dataStructure = null, redeliveryCounter = 0, size = 0, properties = {Station=WS1_pointage, Sujet=getFctConfigsWithWsId}, readOnlyProperties = true, readOnlyBody = true, droppable = false}
MessageController: Message received : ServerRequest [attachement=1, fromUrl=DAS_CLIENT, sendUrl=DAS_SERVER, title=getFctConfigsWithWsId, sendedDate=Mon Jul 07 11:57:07 CEST 2014, previousRequest=null]
MessageController: TITLE ====>getFctConfigsWithWsId
DASConnexion :: getFctConfigs :1
MessageSender: Message send having for subject: WS1_pointage
MessageSender: Sending message: ServerRequest [attachement=[DASFunctionalConfig [mask=pointage, function_xml=<?xml version="1.0" encoding="UTF-8"?>
<fu...
MessageController: Passage by onMessage
MessageController :: Passage par route Message :ActiveMQObjectMessage {commandId = 14, responseRequired = false, messageId = ID:opendas-vm-54933-1404727026141-0:2:4:1:1, originalDestination = null, originalTransactionId = null, producerId = ID:opendas-vm-54933-1404727026141-0:2:4:1, destination = queue://DAS_SERVER, transactionId = null, expiration = 1404727027667, timestamp = 1404727027367, arrival = 0, brokerInTime = 1404727027367, brokerOutTime = 1404727027367, correlationId = null, replyTo = null, persistent = false, type = null, priority = 4, groupID = null, groupSequence = 0, targetConsumerId = null, compressed = false, userID = null, content = org.apache.activemq.util.ByteSequence@1f7708, marshalledProperties = org.apache.activemq.util.ByteSequence@1bfbfb8, dataStructure = null, redeliveryCounter = 0, size = 0, properties = {Station=WS1_pointage, Sujet=getGraphConfigsWithWsId}, readOnlyProperties = true, readOnlyBody = true, droppable = false}
MessageController: Subject = getGraphConfigsWithWsId
MessageController :: Passage par route ObjectMessage :ActiveMQObjectMessage {commandId = 14, responseRequired = false, messageId = ID:opendas-vm-54933-1404727026141-0:2:4:1:1, originalDestination = null, originalTransactionId = null, producerId = ID:opendas-vm-54933-1404727026141-0:2:4:1, destination = queue://DAS_SERVER, transactionId = null, expiration = 1404727027667, timestamp = 1404727027367, arrival = 0, brokerInTime = 1404727027367, brokerOutTime = 1404727027367, correlationId = null, replyTo = null, persistent = false, type = null, priority = 4, groupID = null, groupSequence = 0, targetConsumerId = null, compressed = false, userID = null, content = org.apache.activemq.util.ByteSequence@1f7708, marshalledProperties = org.apache.activemq.util.ByteSequence@1bfbfb8, dataStructure = null, redeliveryCounter = 0, size = 0, properties = {Station=WS1_pointage, Sujet=getGraphConfigsWithWsId}, readOnlyProperties = true, readOnlyBody = true, droppable = false}
MessageController: Message received : ServerRequest [attachement=1, fromUrl=DAS_CLIENT, sendUrl=DAS_SERVER, title=getGraphConfigsWithWsId, sendedDate=Mon Jul 07 11:57:07 CEST 2014, previousRequest=null]
MessageController: TITLE ====>getGraphConfigsWithWsId
DASConnexion :: getGraphConfigs :1
MessageSender: Message send having for subject: WS1_pointage
MessageSender: Sending message: ServerRequest [attachement=[DASGraphicalConfig [mask=decoupe, graphical_xml=<?xml version="1.0" encoding="UTF-8"?>
<pan...
MessageController: Passage by onMessage
MessageController :: Passage par route Message :ActiveMQObjectMessage {commandId = 17, responseRequired = false, messageId = ID:opendas-vm-54933-1404727026141-0:2:5:1:1, originalDestination = null, originalTransactionId = null, producerId = ID:opendas-vm-54933-1404727026141-0:2:5:1, destination = queue://DAS_SERVER, transactionId = null, expiration = 1404727028039, timestamp = 1404727027739, arrival = 0, brokerInTime = 1404727027739, brokerOutTime = 1404727027740, correlationId = null, replyTo = null, persistent = false, type = null, priority = 4, groupID = null, groupSequence = 0, targetConsumerId = null, compressed = false, userID = null, content = org.apache.activemq.util.ByteSequence@11a4bd4, marshalledProperties = org.apache.activemq.util.ByteSequence@16877f8, dataStructure = null, redeliveryCounter = 0, size = 0, properties = {Station=WS1_pointage, Sujet=getGraphConfigsWithWsId}, readOnlyProperties = true, readOnlyBody = true, droppable = false}
MessageController: Subject = getGraphConfigsWithWsId
MessageController :: Passage par route ObjectMessage :ActiveMQObjectMessage {commandId = 17, responseRequired = false, messageId = ID:opendas-vm-54933-1404727026141-0:2:5:1:1, originalDestination = null, originalTransactionId = null, producerId = ID:opendas-vm-54933-1404727026141-0:2:5:1, destination = queue://DAS_SERVER, transactionId = null, expiration = 1404727028039, timestamp = 1404727027739, arrival = 0, brokerInTime = 1404727027739, brokerOutTime = 1404727027740, correlationId = null, replyTo = null, persistent = false, type = null, priority = 4, groupID = null, groupSequence = 0, targetConsumerId = null, compressed = false, userID = null, content = org.apache.activemq.util.ByteSequence@11a4bd4, marshalledProperties = org.apache.activemq.util.ByteSequence@16877f8, dataStructure = null, redeliveryCounter = 0, size = 0, properties = {Station=WS1_pointage, Sujet=getGraphConfigsWithWsId}, readOnlyProperties = true, readOnlyBody = true, droppable = false}
MessageController: Message received : ServerRequest [attachement=1, fromUrl=DAS_CLIENT, sendUrl=DAS_SERVER, title=getGraphConfigsWithWsId, sendedDate=Mon Jul 07 11:57:07 CEST 2014, previousRequest=null]
MessageController: TITLE ====>getGraphConfigsWithWsId
DASConnexion :: getGraphConfigs :1
MessageSender: Message send having for subject: WS1_pointage
MessageSender: Sending message: ServerRequest [attachement=[DASGraphicalConfig [mask=decoupe, graphical_xml=<?xml version="1.0" encoding="UTF-8"?>
<pan...
MessageController: Passage by onMessage
MessageController :: Passage par route Message :ActiveMQObjectMessage {commandId = 20, responseRequired = false, messageId = ID:opendas-vm-54933-1404727026141-0:2:6:1:1, originalDestination = null, originalTransactionId = null, producerId = ID:opendas-vm-54933-1404727026141-0:2:6:1, destination = queue://DAS_SERVER, transactionId = null, expiration = 1404727029108, timestamp = 1404727028808, arrival = 0, brokerInTime = 1404727028808, brokerOutTime = 1404727028808, correlationId = null, replyTo = null, persistent = false, type = null, priority = 4, groupID = null, groupSequence = 0, targetConsumerId = null, compressed = false, userID = null, content = org.apache.activemq.util.ByteSequence@15b8520, marshalledProperties = org.apache.activemq.util.ByteSequence@18105e8, dataStructure = null, redeliveryCounter = 0, size = 0, properties = {Station=WS1_pointage, Sujet=getListTemplateReport}, readOnlyProperties = true, readOnlyBody = true, droppable = false}
MessageController: Subject = getListTemplateReport
MessageController :: Passage par route ObjectMessage :ActiveMQObjectMessage {commandId = 20, responseRequired = false, messageId = ID:opendas-vm-54933-1404727026141-0:2:6:1:1, originalDestination = null, originalTransactionId = null, producerId = ID:opendas-vm-54933-1404727026141-0:2:6:1, destination = queue://DAS_SERVER, transactionId = null, expiration = 1404727029108, timestamp = 1404727028808, arrival = 0, brokerInTime = 1404727028808, brokerOutTime = 1404727028808, correlationId = null, replyTo = null, persistent = false, type = null, priority = 4, groupID = null, groupSequence = 0, targetConsumerId = null, compressed = false, userID = null, content = org.apache.activemq.util.ByteSequence@15b8520, marshalledProperties = org.apache.activemq.util.ByteSequence@18105e8, dataStructure = null, redeliveryCounter = 0, size = 0, properties = {Station=WS1_pointage, Sujet=getListTemplateReport}, readOnlyProperties = true, readOnlyBody = true, droppable = false}
MessageController: Message received : ServerRequest [attachement=null, fromUrl=DAS_CLIENT, sendUrl=DAS_SERVER, title=getListTemplateReport, sendedDate=Mon Jul 07 11:57:08 CEST 2014, previousRequest=null]
MessageController: TITLE ====>getListTemplateReport
DASConnexion:  ===== GETLTP
DASConnexion:  ===== : [DASDataModel [id=1, name=report5, template=<?xml version="1.0" encoding="UTF-8"?>
<jasperReport xmlns="http://jasperreports.sourceforge.net/jasperreports" xmlns:xsi="http://www.w3.org/2001/XMLSchema-instance" xsi:schemaLocation="http://jasperreports.sourceforge.net/jasperreports http://jasperreports.sourceforge.net/xsd/jasperreport.xsd" name="report name" pageWidth="595" pageHeight="842" columnWidth="535" leftMargin="20" rightMargin="20" topMargin="20" bottomMargin="20">
	<parameter name="NOM_MORCEAU" class="java.lang.String"/>
	<parameter name="NUM_SSCC" class="java.lang.String"/>
	<parameter name="NUM_ARTICLE" class="java.lang.Integer"/>
	<parameter name="NUM_LOT" class="java.lang.String"/>
	
	<title>
		<band height="802" splitType="Prevent">
			<staticText>
				<reportElement x="0" y="0" width="555" height="20"/>
				<textElement textAlignment="Left" verticalAlignment="Middle">
					<font size="14" isBold="true"/>
				</textElement>
				<text><![CDATA[Boucherie Factice OpenAgro - 9 rue Alfred Kastler - 44300 Nantes]]></text>
			</staticText>
			<staticText>
				<reportElement x="0" y="179" width="142" height="18"/>
				<box rightPadding="0"/>
				<textElement textAlignment="Right">
					<font size="14"/>
				</textElement>
				<text><![CDATA[Date d'emballage :]]></text>
			</staticText>
			<textField>
				<reportElement mode="Opaque" x="0" y="83" width="555" height="20" forecolor="#FFFFFF" backcolor="#000000"/>
				<textElement textAlignment="Center" verticalAlignment="Middle">
					<font size="14" isBold="true"/>
				</textElement>
				<textFieldExpression class="java.lang.String"><![CDATA["Code Article : " + $P{NUM_ARTICLE}]]></textFieldExpression>
			</textField>
			<textField>
				<reportElement x="205" y="179" width="370" height="18"/>
				<textElement>
					<font size="14"/>
				</textElement>
				<textFieldExpression class="java.util.Date"><![CDATA[new Date()]]></textFieldExpression>
			</textField>
			<staticText>
				<reportElement x="0" y="197" width="142" height="18"/>
				<box rightPadding="0"/>
				<textElement textAlignment="Right">
					<font size="14"/>
				</textElement>
				<text><![CDATA[N° Sanitel :]]></text>
			</staticText>
			<textField>
				<reportElement x="205" y="197" width="370" height="18"/>
				<textElement>
					<font size="14"/>
				</textElement>
				<textFieldExpression class="java.lang.String"><![CDATA[$P{NUM_LOT}]]></textFieldExpression>
			</textField>
			<textField>
				<reportElement x="0" y="63" width="555" height="20"/>
				<textElement textAlignment="Center">
					<font size="14" isBold="true"/>
				</textElement>
				<textFieldExpression class="java.lang.String"><![CDATA[$P{NOM_MORCEAU}]]></textFieldExpression>
			</textField>
			<componentElement>
				<reportElement mode="Opaque" x="117" y="116" width="396" height="49"/>
				<jr:barbecue xmlns:jr="http://jasperreports.sourceforge.net/jasperreports/components" xsi:schemaLocation="http://jasperreports.sourceforge.net/jasperreports/components http://jasperreports.sourceforge.net/xsd/components.xsd" type="Code39 (Extended)" drawText="true" checksumRequired="false" evaluationTime="Report">
					<jr:codeExpression><![CDATA[$P{NUM_SSCC}]]></jr:codeExpression>
				</jr:barbecue>
			</componentElement>
			<image>
				<reportElement mode="Transparent" x="0" y="20" width="142" height="63"/>
				<imageExpression class="java.lang.String"><![CDATA[System.getProperty("user.dir")+"/ressources/openAgro5a_p.jpg"]]></imageExpression>
			</image>
			<image>
				<reportElement x="417" y="20" width="138" height="63"/>
				<imageExpression class="java.lang.String"><![CDATA[System.getProperty("user.dir")+"/ressources/logo_EVA.jpg"]]></imageExpression>
			</image>
		</band>
	</title>
</jasperReport>]]
MessageSender: Message send having for subject: WS1_pointage
MessageSender: Sending message: ServerRequest [attachement=[DASDataModel [id=1, name=report5, template=<?xml version="1.0" encoding="UTF-8"?>
<jasperRe...
MessageController: Passage by onMessage
MessageController :: Passage par route Message :ActiveMQObjectMessage {commandId = 23, responseRequired = false, messageId = ID:opendas-vm-54933-1404727026141-0:2:7:1:1, originalDestination = null, originalTransactionId = null, producerId = ID:opendas-vm-54933-1404727026141-0:2:7:1, destination = queue://DAS_SERVER, transactionId = null, expiration = 1404727029221, timestamp = 1404727028921, arrival = 0, brokerInTime = 1404727028922, brokerOutTime = 1404727028922, correlationId = null, replyTo = null, persistent = false, type = null, priority = 4, groupID = null, groupSequence = 0, targetConsumerId = null, compressed = false, userID = null, content = org.apache.activemq.util.ByteSequence@17c2891, marshalledProperties = org.apache.activemq.util.ByteSequence@4b82d2, dataStructure = null, redeliveryCounter = 0, size = 0, properties = {Station=WS1_pointage, Sujet=getListTemplateSupervision}, readOnlyProperties = true, readOnlyBody = true, droppable = false}
MessageController: Subject = getListTemplateSupervision
MessageController :: Passage par route ObjectMessage :ActiveMQObjectMessage {commandId = 23, responseRequired = false, messageId = ID:opendas-vm-54933-1404727026141-0:2:7:1:1, originalDestination = null, originalTransactionId = null, producerId = ID:opendas-vm-54933-1404727026141-0:2:7:1, destination = queue://DAS_SERVER, transactionId = null, expiration = 1404727029221, timestamp = 1404727028921, arrival = 0, brokerInTime = 1404727028922, brokerOutTime = 1404727028922, correlationId = null, replyTo = null, persistent = false, type = null, priority = 4, groupID = null, groupSequence = 0, targetConsumerId = null, compressed = false, userID = null, content = org.apache.activemq.util.ByteSequence@17c2891, marshalledProperties = org.apache.activemq.util.ByteSequence@4b82d2, dataStructure = null, redeliveryCounter = 0, size = 0, properties = {Station=WS1_pointage, Sujet=getListTemplateSupervision}, readOnlyProperties = true, readOnlyBody = true, droppable = false}
MessageController: Message received : ServerRequest [attachement=null, fromUrl=DAS_CLIENT, sendUrl=DAS_SERVER, title=getListTemplateSupervision, sendedDate=Mon Jul 07 11:57:08 CEST 2014, previousRequest=null]
MessageController: TITLE ====>getListTemplateSupervision
DASConnexion:  ===== GETLTS
DASConnexion:  ===== : []
MessageSender: Message send having for subject: WS1_pointage
MessageSender: Sending message: ServerRequest [attachement=[], fromUrl=DAS_SERVER, sendUrl=DAS_CLIENT, title=null, sendedDate=Mon Jul 07 11:57:08 CEST 2...
MessageController: Passage by onMessage
MessageController :: Passage par route Message :ActiveMQObjectMessage {commandId = 26, responseRequired = false, messageId = ID:opendas-vm-54933-1404727026141-0:2:8:1:1, originalDestination = null, originalTransactionId = null, producerId = ID:opendas-vm-54933-1404727026141-0:2:8:1, destination = queue://DAS_SERVER, transactionId = null, expiration = 1404727029337, timestamp = 1404727029037, arrival = 0, brokerInTime = 1404727029037, brokerOutTime = 1404727029037, correlationId = null, replyTo = null, persistent = false, type = null, priority = 4, groupID = null, groupSequence = 0, targetConsumerId = null, compressed = false, userID = null, content = org.apache.activemq.util.ByteSequence@179f36b, marshalledProperties = org.apache.activemq.util.ByteSequence@15bfdbd, dataStructure = null, redeliveryCounter = 0, size = 0, properties = {Station=WS1_pointage, Sujet=getListEan128}, readOnlyProperties = true, readOnlyBody = true, droppable = false}
MessageController: Subject = getListEan128
MessageController :: Passage par route ObjectMessage :ActiveMQObjectMessage {commandId = 26, responseRequired = false, messageId = ID:opendas-vm-54933-1404727026141-0:2:8:1:1, originalDestination = null, originalTransactionId = null, producerId = ID:opendas-vm-54933-1404727026141-0:2:8:1, destination = queue://DAS_SERVER, transactionId = null, expiration = 1404727029337, timestamp = 1404727029037, arrival = 0, brokerInTime = 1404727029037, brokerOutTime = 1404727029037, correlationId = null, replyTo = null, persistent = false, type = null, priority = 4, groupID = null, groupSequence = 0, targetConsumerId = null, compressed = false, userID = null, content = org.apache.activemq.util.ByteSequence@179f36b, marshalledProperties = org.apache.activemq.util.ByteSequence@15bfdbd, dataStructure = null, redeliveryCounter = 0, size = 0, properties = {Station=WS1_pointage, Sujet=getListEan128}, readOnlyProperties = true, readOnlyBody = true, droppable = false}
MessageController: Message received : ServerRequest [attachement=null, fromUrl=DAS_CLIENT, sendUrl=DAS_SERVER, title=getListEan128, sendedDate=Mon Jul 07 11:57:09 CEST 2014, previousRequest=null]
MessageController: TITLE ====>getListEan128
MessageSender: Message send having for subject: WS1_pointage
MessageSender: Sending message: ServerRequest [attachement=[], fromUrl=DAS_SERVER, sendUrl=DAS_CLIENT, title=null, sendedDate=Mon Jul 07 11:57:09 CEST 2...
MessageController: Passage by onMessage
MessageController :: Passage par route Message :ActiveMQObjectMessage {commandId = 29, responseRequired = false, messageId = ID:opendas-vm-54933-1404727026141-0:2:9:1:1, originalDestination = null, originalTransactionId = null, producerId = ID:opendas-vm-54933-1404727026141-0:2:9:1, destination = queue://DAS_SERVER, transactionId = null, expiration = 1404727029450, timestamp = 1404727029150, arrival = 0, brokerInTime = 1404727029151, brokerOutTime = 1404727029151, correlationId = null, replyTo = null, persistent = false, type = null, priority = 4, groupID = null, groupSequence = 0, targetConsumerId = null, compressed = false, userID = null, content = org.apache.activemq.util.ByteSequence@18a9fc8, marshalledProperties = org.apache.activemq.util.ByteSequence@2515, dataStructure = null, redeliveryCounter = 0, size = 0, properties = {Station=WS1_pointage, Sujet=getFctConfigsWithWsId}, readOnlyProperties = true, readOnlyBody = true, droppable = false}
MessageController: Subject = getFctConfigsWithWsId
MessageController :: Passage par route ObjectMessage :ActiveMQObjectMessage {commandId = 29, responseRequired = false, messageId = ID:opendas-vm-54933-1404727026141-0:2:9:1:1, originalDestination = null, originalTransactionId = null, producerId = ID:opendas-vm-54933-1404727026141-0:2:9:1, destination = queue://DAS_SERVER, transactionId = null, expiration = 1404727029450, timestamp = 1404727029150, arrival = 0, brokerInTime = 1404727029151, brokerOutTime = 1404727029151, correlationId = null, replyTo = null, persistent = false, type = null, priority = 4, groupID = null, groupSequence = 0, targetConsumerId = null, compressed = false, userID = null, content = org.apache.activemq.util.ByteSequence@18a9fc8, marshalledProperties = org.apache.activemq.util.ByteSequence@2515, dataStructure = null, redeliveryCounter = 0, size = 0, properties = {Station=WS1_pointage, Sujet=getFctConfigsWithWsId}, readOnlyProperties = true, readOnlyBody = true, droppable = false}
MessageController: Message received : ServerRequest [attachement=1, fromUrl=DAS_CLIENT, sendUrl=DAS_SERVER, title=getFctConfigsWithWsId, sendedDate=Mon Jul 07 11:57:09 CEST 2014, previousRequest=null]
MessageController: TITLE ====>getFctConfigsWithWsId
DASConnexion :: getFctConfigs :1
MessageSender: Message send having for subject: WS1_pointage
MessageSender: Sending message: ServerRequest [attachement=[DASFunctionalConfig [mask=pointage, function_xml=<?xml version="1.0" encoding="UTF-8"?>
<fu...
MessageController: Passage by onMessage
MessageController :: Passage par route Message :ActiveMQObjectMessage {commandId = 32, responseRequired = false, messageId = ID:opendas-vm-54933-1404727026141-0:2:10:1:1, originalDestination = null, originalTransactionId = null, producerId = ID:opendas-vm-54933-1404727026141-0:2:10:1, destination = queue://DAS_SERVER, transactionId = null, expiration = 1404727054767, timestamp = 1404727054467, arrival = 0, brokerInTime = 1404727054467, brokerOutTime = 1404727054467, correlationId = null, replyTo = null, persistent = false, type = null, priority = 4, groupID = null, groupSequence = 0, targetConsumerId = null, compressed = false, userID = null, content = org.apache.activemq.util.ByteSequence@51ef4e, marshalledProperties = org.apache.activemq.util.ByteSequence@135f44e, dataStructure = null, redeliveryCounter = 0, size = 0, properties = {Station=WS1_pointage, Sujet=getDataModelWithId}, readOnlyProperties = true, readOnlyBody = true, droppable = false}
MessageController: Subject = getDataModelWithId
MessageController :: Passage par route ObjectMessage :ActiveMQObjectMessage {commandId = 32, responseRequired = false, messageId = ID:opendas-vm-54933-1404727026141-0:2:10:1:1, originalDestination = null, originalTransactionId = null, producerId = ID:opendas-vm-54933-1404727026141-0:2:10:1, destination = queue://DAS_SERVER, transactionId = null, expiration = 1404727054767, timestamp = 1404727054467, arrival = 0, brokerInTime = 1404727054467, brokerOutTime = 1404727054467, correlationId = null, replyTo = null, persistent = false, type = null, priority = 4, groupID = null, groupSequence = 0, targetConsumerId = null, compressed = false, userID = null, content = org.apache.activemq.util.ByteSequence@51ef4e, marshalledProperties = org.apache.activemq.util.ByteSequence@135f44e, dataStructure = null, redeliveryCounter = 0, size = 0, properties = {Station=WS1_pointage, Sujet=getDataModelWithId}, readOnlyProperties = true, readOnlyBody = true, droppable = false}
MessageController: Message received : ServerRequest [attachement=persoin, fromUrl=DAS_CLIENT, sendUrl=DAS_SERVER, title=getDataModelWithId, sendedDate=Mon Jul 07 11:57:34 CEST 2014, previousRequest=null]
MessageController: TITLE ====>getDataModelWithId
MessageSender: Message send having for subject: WS1_pointage
MessageSender: Sending message: ServerRequest [attachement=DASDataModel [id=75, name=Personnel, source=das_generic, ctrl=alpha, type=D, fct_name=null, t...
