DASConnexion: APPEL GET INSTANCE :: DASCONNEXION
MessageReceiver: Sujet = 'getChaineParser' or Sujet = 'insertLot' or Sujet = 'insertMvt' or Sujet = 'getWorkstationWithId' or Sujet = 'getGraphConfigsWithWsId' or Sujet = 'getBalancesWithWs' or Sujet = 'getLotWithSSCC' or Sujet = 'getProductsWithComingFrom' or Sujet = 'getProductWithId' or Sujet = 'getWsGenericsWithId' or Sujet = 'getWsGenericsWithIdOrWithout' or Sujet = 'getWsArticlesWithId' or Sujet = 'getDependsWithParentsAndDM' or Sujet = 'getDataModelWithId' or Sujet = 'getSubjectList' or Sujet = 'getFctConfigsWithWsId' or Sujet = 'getAcquisitionMethodWithId' or Sujet = 'getWsSsccWithId' or Sujet = 'getListDataModel' or Sujet = 'getListEan128' or Sujet = 'getListTemplateReport' or Sujet = 'getListTemplateSupervision' or Sujet = 'getWsConfig_workstationID'
DASConnexion: APPEL GET INSTANCE :: DASCONNEXION
MessageReceiver: LISTENER SETTED
MessageReceiver: Connecting receiver to URL: tcp://127.0.0.1:61616
MessageReceiver: Consuming queue : DAS_SERVER
MessageSender: Connecting sender to URL: tcp://127.0.0.1:61616
MessageSender: Using persistent messages and queue
Start: OpenDAS Server starts with configuration file: config/das_server.conf
MessageController: Passage by onMessage
MessageController: Subject = getSubjectList
MessageController: Message received : ServerRequest [attachement=null, fromUrl=TALEND, sendUrl=DAS_SERVER, title=getSubjectList, sendedDate=Tue Jul 01 19:23:24 CEST 2014, previousRequest=null]
MessageController: TITLE ====>getSubjectList
MessageSender: Message send having for subject: SET
MessageSender: Sending message: ServerRequest [attachement=[pointage_changement_dossier, pointage_aleas_maintenance, pointage_controle_iso, pointage_ent...
MessageController: Passage by onMessage
MessageController: Subject = getSubjectList
MessageController: Message received : ServerRequest [attachement=null, fromUrl=TALEND, sendUrl=DAS_SERVER, title=getSubjectList, sendedDate=Tue Jul 01 19:23:27 CEST 2014, previousRequest=null]
MessageController: TITLE ====>getSubjectList
MessageSender: Message send having for subject: GET
MessageSender: Sending message: ServerRequest [attachement=[getWsGenericsExt, groups], fromUrl=DAS_SERVER, sendUrl=TALEND, title=null, sendedDate=Tue Ju...
