ServerLog: Start: OpenDAS Server starts with configuration file: config/das_server.conf
MessageController: Subject = getWsConfig_workstationID
MessageController: Message received : ServerRequest [attachement=1, fromUrl=DAS_CLIENT, sendUrl=DAS_SERVER, title=getWsConfig_workstationID, sendedDate=Wed Mar 19 12:08:27 CET 2014, previousRequest=null]
MessageController: config : WsConfig [configMaterial=[DASConfigMaterial [code=rj2bis, name=Simu4Bis, port=tcp://172.26.44.118:5431, workstation=DASWorkstation [code = 1, name = das test 1, force_pdf = false, config_ids = {IndirectList: not instantiated}], material=DASModelMaterial [, code=4, name=Balance1, modelMaterial=DASModelMaterial [, typeMaterial=DASTypeMaterial [id=33, name=Balances]]], configTypeMaterial=DASConfigTypeMaterial [code=6, name=6, issimple=false, iscumulative=false, speed=null, parity=null, stop_bit=null, databit=null, dialog=[]]], DASConfigMaterial [code=PKB, name=Keyboard1, port=null, workstation=DASWorkstation [code = 1, name = das test 1, force_pdf = false, config_ids = {IndirectList: not instantiated}], material=DASModelMaterial [, code=Keyboard1, name=Keyboard1, modelMaterial=DASModelMaterial [, typeMaterial=DASTypeMaterial [id=49, name=Physical keyboard]]], configTypeMaterial=DASConfigTypeMaterial [code=7, name=7, issimple=true, iscumulative=true, speed=16, parity=0, stop_bit=1, databit=8, dialog=[]]], DASConfigMaterial [code=das6, name=2, port=/dev/ttyUSB0, workstation=DASWorkstation [code = 1, name = das test 1, force_pdf = false, config_ids = {IndirectList: not instantiated}], material=DASModelMaterial [, code=4, name=Balance1, modelMaterial=DASModelMaterial [, typeMaterial=DASTypeMaterial [id=33, name=Balances]]], configTypeMaterial=DASConfigTypeMaterial [code=comr, name=SimucomR, issimple=false, iscumulative=false, speed=9600, parity=0, stop_bit=1, databit=8, dialog=[]]], DASConfigMaterial [code=ScannerDC, name=ScannerDC, port=/dev/ttyUSB0, workstation=DASWorkstation [code = 1, name = das test 1, force_pdf = false, config_ids = {IndirectList: not instantiated}], material=DASModelMaterial [, code=ScannerDC, name=ScannerDC, modelMaterial=DASModelMaterial [, typeMaterial=DASTypeMaterial [id=34, name=Lecteurs id-barres]]], configTypeMaterial=DASConfigTypeMaterial [code=1usb, name=1usb, issimple=false, iscumulative=false, speed=9600, parity=0, stop_bit=1, databit=8, dialog=[]]], DASConfigMaterial [code=das2, name=das2, port=5474, workstation=DASWorkstation [code = 1, name = das test 1, force_pdf = false, config_ids = {IndirectList: not instantiated}], material=DASModelMaterial [, code=3, name=Scanner3, modelMaterial=DASModelMaterial [, typeMaterial=DASTypeMaterial [id=34, name=Lecteurs id-barres]]], configTypeMaterial=DASConfigTypeMaterial [code=2, name=2, issimple=false, iscumulative=false, speed=0, parity=0, stop_bit=0, databit=0, dialog=[]]], DASConfigMaterial [code=rj2, name=Simu2, port=tcp://172.26.44.119:5431, workstation=DASWorkstation [code = 1, name = das test 1, force_pdf = false, config_ids = {IndirectList: not instantiated}], material=DASModelMaterial [, code=4, name=Balance1, modelMaterial=DASModelMaterial [, typeMaterial=DASTypeMaterial [id=33, name=Balances]]], configTypeMaterial=DASConfigTypeMaterial [code=2, name=2, issimple=false, iscumulative=false, speed=0, parity=0, stop_bit=0, databit=0, dialog=[]]], DASConfigMaterial [code=rj1, name=Simu01, port=5430, workstation=DASWorkstation [code = 1, name = das test 1, force_pdf = false, config_ids = {IndirectList: not instantiated}], material=DASModelMaterial [, code=4, name=Balance1, modelMaterial=DASModelMaterial [, typeMaterial=DASTypeMaterial [id=33, name=Balances]]], configTypeMaterial=DASConfigTypeMaterial [code=1, name=0, issimple=true, iscumulative=false, speed=0, parity=0, stop_bit=0, databit=0, dialog=[DASDialog [name =D1,header_code=null, sendReceiveData=I2_A_IND690-Count IZ05 (\d*) Kg, priority=1, waitingSecond=0, send=0, startCharPosition=null, stopCharPosition=null]]]], DASConfigMaterial [code=rj3, name=Simu3, port=tcp://172.26.44.118:5433, workstation=DASWorkstation [code = 1, name = das test 1, force_pdf = false, config_ids = {IndirectList: not instantiated}], material=DASModelMaterial [, code=4, name=Balance1, modelMaterial=DASModelMaterial [, typeMaterial=DASTypeMaterial [id=33, name=Balances]]], configTypeMaterial=DASConfigTypeMaterial [code=5, name=5, issimple=false, iscumulative=false, speed=9600, parity=0, stop_bit=1, databit=8, dialog=[]]], DASConfigMaterial [code=rj4, name=Simu4, port=tcp://172.26.44.118:5434, workstation=DASWorkstation [code = 1, name = das test 1, force_pdf = false, config_ids = {IndirectList: not instantiated}], material=DASModelMaterial [, code=4, name=Balance1, modelMaterial=DASModelMaterial [, typeMaterial=DASTypeMaterial [id=33, name=Balances]]], configTypeMaterial=DASConfigTypeMaterial [code=5, name=5, issimple=false, iscumulative=false, speed=9600, parity=0, stop_bit=1, databit=8, dialog=[]]]]]
MessageController: Subject = getWorkstationWithId
MessageController: Message received : ServerRequest [attachement=1, fromUrl=DAS_CLIENT, sendUrl=DAS_SERVER, title=getWorkstationWithId, sendedDate=Wed Mar 19 12:08:28 CET 2014, previousRequest=null]
MessageController: Subject = getFctConfigsWithWsId
MessageController: Message received : ServerRequest [attachement=1, fromUrl=DAS_CLIENT, sendUrl=DAS_SERVER, title=getFctConfigsWithWsId, sendedDate=Wed Mar 19 12:08:28 CET 2014, previousRequest=null]
MessageController: Subject = getGraphConfigsWithWsId
MessageController: Message received : ServerRequest [attachement=1, fromUrl=DAS_CLIENT, sendUrl=DAS_SERVER, title=getGraphConfigsWithWsId, sendedDate=Wed Mar 19 12:08:28 CET 2014, previousRequest=null]
MessageController: Subject = getGraphConfigsWithWsId
MessageController: Message received : ServerRequest [attachement=1, fromUrl=DAS_CLIENT, sendUrl=DAS_SERVER, title=getGraphConfigsWithWsId, sendedDate=Wed Mar 19 12:08:28 CET 2014, previousRequest=null]
MessageController: Subject = getListTemplateReport
MessageController: Message received : ServerRequest [attachement=null, fromUrl=DAS_CLIENT, sendUrl=DAS_SERVER, title=getListTemplateReport, sendedDate=Wed Mar 19 12:08:29 CET 2014, previousRequest=null]
MessageController: Subject = getListTemplateSupervision
MessageController: Message received : ServerRequest [attachement=null, fromUrl=DAS_CLIENT, sendUrl=DAS_SERVER, title=getListTemplateSupervision, sendedDate=Wed Mar 19 12:08:29 CET 2014, previousRequest=null]
MessageController: Subject = getListEan128
MessageController: Message received : ServerRequest [attachement=null, fromUrl=DAS_CLIENT, sendUrl=DAS_SERVER, title=getListEan128, sendedDate=Wed Mar 19 12:08:29 CET 2014, previousRequest=null]
MessageController: Subject = getFctConfigsWithWsId
MessageController: Message received : ServerRequest [attachement=1, fromUrl=DAS_CLIENT, sendUrl=DAS_SERVER, title=getFctConfigsWithWsId, sendedDate=Wed Mar 19 12:08:30 CET 2014, previousRequest=null]
MessageController: Subject = getDataModelWithId
MessageController: Message received : ServerRequest [attachement=persoin, fromUrl=DAS_CLIENT, sendUrl=DAS_SERVER, title=getDataModelWithId, sendedDate=Wed Mar 19 12:08:32 CET 2014, previousRequest=null]
MessageController: Subject = getDataModelWithId
MessageController: Message received : ServerRequest [attachement=groups, fromUrl=DAS_CLIENT, sendUrl=DAS_SERVER, title=getDataModelWithId, sendedDate=Wed Mar 19 12:08:34 CET 2014, previousRequest=null]
MessageController: Subject = getListTemplateReport
MessageController: Message received : ServerRequest [attachement=null, fromUrl=DAS_CLIENT, sendUrl=DAS_SERVER, title=getListTemplateReport, sendedDate=Wed Mar 19 12:08:34 CET 2014, previousRequest=null]
MessageController: Subject = getListTemplateSupervision
MessageController: Message received : ServerRequest [attachement=null, fromUrl=DAS_CLIENT, sendUrl=DAS_SERVER, title=getListTemplateSupervision, sendedDate=Wed Mar 19 12:08:34 CET 2014, previousRequest=null]
MessageController: Subject = getListEan128
MessageController: Message received : ServerRequest [attachement=null, fromUrl=DAS_CLIENT, sendUrl=DAS_SERVER, title=getListEan128, sendedDate=Wed Mar 19 12:08:34 CET 2014, previousRequest=null]
MessageController: Subject = getFctConfigsWithWsId
MessageController: Message received : ServerRequest [attachement=1, fromUrl=DAS_CLIENT, sendUrl=DAS_SERVER, title=getFctConfigsWithWsId, sendedDate=Wed Mar 19 12:08:34 CET 2014, previousRequest=null]
MessageController: Subject = getListTemplateReport
MessageController: Message received : ServerRequest [attachement=null, fromUrl=DAS_CLIENT, sendUrl=DAS_SERVER, title=getListTemplateReport, sendedDate=Wed Mar 19 12:08:34 CET 2014, previousRequest=null]
MessageController: Subject = getListTemplateSupervision
MessageController: Message received : ServerRequest [attachement=null, fromUrl=DAS_CLIENT, sendUrl=DAS_SERVER, title=getListTemplateSupervision, sendedDate=Wed Mar 19 12:08:35 CET 2014, previousRequest=null]
MessageController: Subject = getListEan128
MessageController: Message received : ServerRequest [attachement=null, fromUrl=DAS_CLIENT, sendUrl=DAS_SERVER, title=getListEan128, sendedDate=Wed Mar 19 12:08:35 CET 2014, previousRequest=null]
MessageController: Subject = getFctConfigsWithWsId
MessageController: Message received : ServerRequest [attachement=1, fromUrl=DAS_CLIENT, sendUrl=DAS_SERVER, title=getFctConfigsWithWsId, sendedDate=Wed Mar 19 12:08:35 CET 2014, previousRequest=null]
MessageController: Subject = getListTemplateReport
MessageController: Message received : ServerRequest [attachement=null, fromUrl=DAS_CLIENT, sendUrl=DAS_SERVER, title=getListTemplateReport, sendedDate=Wed Mar 19 12:08:38 CET 2014, previousRequest=null]
MessageController: Subject = getListTemplateSupervision
MessageController: Message received : ServerRequest [attachement=null, fromUrl=DAS_CLIENT, sendUrl=DAS_SERVER, title=getListTemplateSupervision, sendedDate=Wed Mar 19 12:08:38 CET 2014, previousRequest=null]
MessageController: Subject = getListEan128
MessageController: Message received : ServerRequest [attachement=null, fromUrl=DAS_CLIENT, sendUrl=DAS_SERVER, title=getListEan128, sendedDate=Wed Mar 19 12:08:38 CET 2014, previousRequest=null]
MessageController: Subject = getFctConfigsWithWsId
MessageController: Message received : ServerRequest [attachement=1, fromUrl=DAS_CLIENT, sendUrl=DAS_SERVER, title=getFctConfigsWithWsId, sendedDate=Wed Mar 19 12:08:38 CET 2014, previousRequest=null]
MessageController: Subject = getSubjectList
MessageController: Message received : ServerRequest [attachement=null, fromUrl=TALEND, sendUrl=DAS_SERVER, title=getSubjectList, sendedDate=Wed Mar 19 12:11:42 CET 2014, previousRequest=null]
MessageController: Subject = getSubjectList
MessageController: Message received : ServerRequest [attachement=null, fromUrl=TALEND, sendUrl=DAS_SERVER, title=getSubjectList, sendedDate=Wed Mar 19 12:11:57 CET 2014, previousRequest=null]
MessageController: Subject = getWsConfig_workstationID
MessageController: Message received : ServerRequest [attachement=1, fromUrl=DAS_CLIENT, sendUrl=DAS_SERVER, title=getWsConfig_workstationID, sendedDate=Wed Mar 19 14:08:06 CET 2014, previousRequest=null]
MessageController: config : WsConfig [configMaterial=[DASConfigMaterial [code=rj2bis, name=Simu4Bis, port=tcp://172.26.44.118:5431, workstation=DASWorkstation [code = 1, name = das test 1, force_pdf = false, config_ids = {IndirectList: not instantiated}], material=DASModelMaterial [, code=4, name=Balance1, modelMaterial=DASModelMaterial [, typeMaterial=DASTypeMaterial [id=33, name=Balances]]], configTypeMaterial=DASConfigTypeMaterial [code=6, name=6, issimple=false, iscumulative=false, speed=null, parity=null, stop_bit=null, databit=null, dialog=[]]], DASConfigMaterial [code=PKB, name=Keyboard1, port=null, workstation=DASWorkstation [code = 1, name = das test 1, force_pdf = false, config_ids = {IndirectList: not instantiated}], material=DASModelMaterial [, code=Keyboard1, name=Keyboard1, modelMaterial=DASModelMaterial [, typeMaterial=DASTypeMaterial [id=49, name=Physical keyboard]]], configTypeMaterial=DASConfigTypeMaterial [code=7, name=7, issimple=true, iscumulative=true, speed=16, parity=0, stop_bit=1, databit=8, dialog=[]]], DASConfigMaterial [code=das6, name=2, port=/dev/ttyUSB0, workstation=DASWorkstation [code = 1, name = das test 1, force_pdf = false, config_ids = {IndirectList: not instantiated}], material=DASModelMaterial [, code=4, name=Balance1, modelMaterial=DASModelMaterial [, typeMaterial=DASTypeMaterial [id=33, name=Balances]]], configTypeMaterial=DASConfigTypeMaterial [code=comr, name=SimucomR, issimple=false, iscumulative=false, speed=9600, parity=0, stop_bit=1, databit=8, dialog=[]]], DASConfigMaterial [code=ScannerDC, name=ScannerDC, port=/dev/ttyUSB0, workstation=DASWorkstation [code = 1, name = das test 1, force_pdf = false, config_ids = {IndirectList: not instantiated}], material=DASModelMaterial [, code=ScannerDC, name=ScannerDC, modelMaterial=DASModelMaterial [, typeMaterial=DASTypeMaterial [id=34, name=Lecteurs id-barres]]], configTypeMaterial=DASConfigTypeMaterial [code=1usb, name=1usb, issimple=false, iscumulative=false, speed=9600, parity=0, stop_bit=1, databit=8, dialog=[]]], DASConfigMaterial [code=das2, name=das2, port=5474, workstation=DASWorkstation [code = 1, name = das test 1, force_pdf = false, config_ids = {IndirectList: not instantiated}], material=DASModelMaterial [, code=3, name=Scanner3, modelMaterial=DASModelMaterial [, typeMaterial=DASTypeMaterial [id=34, name=Lecteurs id-barres]]], configTypeMaterial=DASConfigTypeMaterial [code=2, name=2, issimple=false, iscumulative=false, speed=0, parity=0, stop_bit=0, databit=0, dialog=[]]], DASConfigMaterial [code=rj2, name=Simu2, port=tcp://172.26.44.119:5431, workstation=DASWorkstation [code = 1, name = das test 1, force_pdf = false, config_ids = {IndirectList: not instantiated}], material=DASModelMaterial [, code=4, name=Balance1, modelMaterial=DASModelMaterial [, typeMaterial=DASTypeMaterial [id=33, name=Balances]]], configTypeMaterial=DASConfigTypeMaterial [code=2, name=2, issimple=false, iscumulative=false, speed=0, parity=0, stop_bit=0, databit=0, dialog=[]]], DASConfigMaterial [code=rj1, name=Simu01, port=5430, workstation=DASWorkstation [code = 1, name = das test 1, force_pdf = false, config_ids = {IndirectList: not instantiated}], material=DASModelMaterial [, code=4, name=Balance1, modelMaterial=DASModelMaterial [, typeMaterial=DASTypeMaterial [id=33, name=Balances]]], configTypeMaterial=DASConfigTypeMaterial [code=1, name=0, issimple=true, iscumulative=false, speed=0, parity=0, stop_bit=0, databit=0, dialog=[DASDialog [name =D1,header_code=null, sendReceiveData=I2_A_IND690-Count IZ05 (\d*) Kg, priority=1, waitingSecond=0, send=0, startCharPosition=null, stopCharPosition=null]]]], DASConfigMaterial [code=rj3, name=Simu3, port=tcp://172.26.44.118:5433, workstation=DASWorkstation [code = 1, name = das test 1, force_pdf = false, config_ids = {IndirectList: not instantiated}], material=DASModelMaterial [, code=4, name=Balance1, modelMaterial=DASModelMaterial [, typeMaterial=DASTypeMaterial [id=33, name=Balances]]], configTypeMaterial=DASConfigTypeMaterial [code=5, name=5, issimple=false, iscumulative=false, speed=9600, parity=0, stop_bit=1, databit=8, dialog=[]]], DASConfigMaterial [code=rj4, name=Simu4, port=tcp://172.26.44.118:5434, workstation=DASWorkstation [code = 1, name = das test 1, force_pdf = false, config_ids = {IndirectList: not instantiated}], material=DASModelMaterial [, code=4, name=Balance1, modelMaterial=DASModelMaterial [, typeMaterial=DASTypeMaterial [id=33, name=Balances]]], configTypeMaterial=DASConfigTypeMaterial [code=5, name=5, issimple=false, iscumulative=false, speed=9600, parity=0, stop_bit=1, databit=8, dialog=[]]]]]
MessageController: Subject = getWorkstationWithId
MessageController: Message received : ServerRequest [attachement=1, fromUrl=DAS_CLIENT, sendUrl=DAS_SERVER, title=getWorkstationWithId, sendedDate=Wed Mar 19 14:08:06 CET 2014, previousRequest=null]
MessageController: Subject = getFctConfigsWithWsId
MessageController: Message received : ServerRequest [attachement=1, fromUrl=DAS_CLIENT, sendUrl=DAS_SERVER, title=getFctConfigsWithWsId, sendedDate=Wed Mar 19 14:08:06 CET 2014, previousRequest=null]
MessageController: Subject = getGraphConfigsWithWsId
MessageController: Message received : ServerRequest [attachement=1, fromUrl=DAS_CLIENT, sendUrl=DAS_SERVER, title=getGraphConfigsWithWsId, sendedDate=Wed Mar 19 14:08:07 CET 2014, previousRequest=null]
MessageController: Subject = getGraphConfigsWithWsId
MessageController: Message received : ServerRequest [attachement=1, fromUrl=DAS_CLIENT, sendUrl=DAS_SERVER, title=getGraphConfigsWithWsId, sendedDate=Wed Mar 19 14:08:07 CET 2014, previousRequest=null]
MessageController: Subject = getListTemplateReport
MessageController: Message received : ServerRequest [attachement=null, fromUrl=DAS_CLIENT, sendUrl=DAS_SERVER, title=getListTemplateReport, sendedDate=Wed Mar 19 14:08:09 CET 2014, previousRequest=null]
MessageController: Subject = getListTemplateSupervision
MessageController: Message received : ServerRequest [attachement=null, fromUrl=DAS_CLIENT, sendUrl=DAS_SERVER, title=getListTemplateSupervision, sendedDate=Wed Mar 19 14:08:09 CET 2014, previousRequest=null]
MessageController: Subject = getListEan128
MessageController: Message received : ServerRequest [attachement=null, fromUrl=DAS_CLIENT, sendUrl=DAS_SERVER, title=getListEan128, sendedDate=Wed Mar 19 14:08:09 CET 2014, previousRequest=null]
MessageController: Subject = getFctConfigsWithWsId
MessageController: Message received : ServerRequest [attachement=1, fromUrl=DAS_CLIENT, sendUrl=DAS_SERVER, title=getFctConfigsWithWsId, sendedDate=Wed Mar 19 14:08:09 CET 2014, previousRequest=null]
MessageController: Subject = getDataModelWithId
MessageController: Message received : ServerRequest [attachement=persoin, fromUrl=DAS_CLIENT, sendUrl=DAS_SERVER, title=getDataModelWithId, sendedDate=Wed Mar 19 14:08:43 CET 2014, previousRequest=null]
MessageController: Subject = getDataModelWithId
MessageController: Message received : ServerRequest [attachement=groups, fromUrl=DAS_CLIENT, sendUrl=DAS_SERVER, title=getDataModelWithId, sendedDate=Wed Mar 19 14:09:44 CET 2014, previousRequest=null]
MessageController: Subject = getListTemplateReport
MessageController: Message received : ServerRequest [attachement=null, fromUrl=DAS_CLIENT, sendUrl=DAS_SERVER, title=getListTemplateReport, sendedDate=Wed Mar 19 14:09:44 CET 2014, previousRequest=null]
MessageController: Subject = getListTemplateSupervision
MessageController: Message received : ServerRequest [attachement=null, fromUrl=DAS_CLIENT, sendUrl=DAS_SERVER, title=getListTemplateSupervision, sendedDate=Wed Mar 19 14:09:44 CET 2014, previousRequest=null]
MessageController: Subject = getListEan128
MessageController: Message received : ServerRequest [attachement=null, fromUrl=DAS_CLIENT, sendUrl=DAS_SERVER, title=getListEan128, sendedDate=Wed Mar 19 14:09:44 CET 2014, previousRequest=null]
MessageController: Subject = getFctConfigsWithWsId
MessageController: Message received : ServerRequest [attachement=1, fromUrl=DAS_CLIENT, sendUrl=DAS_SERVER, title=getFctConfigsWithWsId, sendedDate=Wed Mar 19 14:09:44 CET 2014, previousRequest=null]
MessageController: Subject = getListTemplateReport
MessageController: Message received : ServerRequest [attachement=null, fromUrl=DAS_CLIENT, sendUrl=DAS_SERVER, title=getListTemplateReport, sendedDate=Wed Mar 19 14:09:44 CET 2014, previousRequest=null]
MessageController: Subject = getListTemplateSupervision
MessageController: Message received : ServerRequest [attachement=null, fromUrl=DAS_CLIENT, sendUrl=DAS_SERVER, title=getListTemplateSupervision, sendedDate=Wed Mar 19 14:09:44 CET 2014, previousRequest=null]
MessageController: Subject = getListEan128
MessageController: Message received : ServerRequest [attachement=null, fromUrl=DAS_CLIENT, sendUrl=DAS_SERVER, title=getListEan128, sendedDate=Wed Mar 19 14:09:45 CET 2014, previousRequest=null]
MessageController: Subject = getFctConfigsWithWsId
MessageController: Message received : ServerRequest [attachement=1, fromUrl=DAS_CLIENT, sendUrl=DAS_SERVER, title=getFctConfigsWithWsId, sendedDate=Wed Mar 19 14:09:45 CET 2014, previousRequest=null]
MessageController: Subject = getDataModelWithId
MessageController: Message received : ServerRequest [attachement=perso, fromUrl=DAS_CLIENT, sendUrl=DAS_SERVER, title=getDataModelWithId, sendedDate=Wed Mar 19 14:10:05 CET 2014, previousRequest=null]
