DASConnexion: APPEL GET INSTANCE :: DASCONNEXION
MessageReceiver: Sujet = 'getChaineParser' or Sujet = 'insertLot' or Sujet = 'insertMvt' or Sujet = 'getWorkstationWithId' or Sujet = 'getGraphConfigsWithWsId' or Sujet = 'getBalancesWithWs' or Sujet = 'getLotWithSSCC' or Sujet = 'getProductsWithComingFrom' or Sujet = 'getProductWithId' or Sujet = 'getWsGenericsWithId' or Sujet = 'getWsGenericsWithIdOrWithout' or Sujet = 'getWsArticlesWithId' or Sujet = 'getDependsWithParentsAndDM' or Sujet = 'getDataModelWithId' or Sujet = 'getSubjectList' or Sujet = 'getFctConfigsWithWsId' or Sujet = 'getAcquisitionMethodWithId' or Sujet = 'getWsSsccWithId' or Sujet = 'getListDataModel' or Sujet = 'getListEan128' or Sujet = 'getListTemplateReport' or Sujet = 'getListTemplateSupervision' or Sujet = 'getWsConfig_workstationID'
DASConnexion: APPEL GET INSTANCE :: DASCONNEXION
MessageReceiver: LISTENER SETTED
MessageReceiver: Connecting receiver to URL: tcp://127.0.0.1:61616
MessageReceiver: Consuming queue : DAS_SERVER
MessageSender: Connecting sender to URL: tcp://127.0.0.1:61616
MessageSender: Using persistent messages and queue
Start: OpenDAS Server starts with configuration file: config/das_server.conf
MessageController: Passage by onMessage
MessageController: Subject = getListTemplateReport
MessageController: Message received : ServerRequest [attachement=null, fromUrl=DAS_CLIENT, sendUrl=DAS_SERVER, title=getListTemplateReport, sendedDate=Wed May 14 18:29:53 CEST 2014, previousRequest=null]
MessageController: TITLE ====>getListTemplateReport
DASConnexion:  ===== GETLTP
DASConnexion:  ===== : [DASDataModel [id=1, name=report5, template=<?xml version="1.0" encoding="UTF-8"?>
<jasperReport xmlns="http://jasperreports.sourceforge.net/jasperreports" xmlns:xsi="http://www.w3.org/2001/XMLSchema-instance" xsi:schemaLocation="http://jasperreports.sourceforge.net/jasperreports http://jasperreports.sourceforge.net/xsd/jasperreport.xsd" name="report name" pageWidth="595" pageHeight="842" columnWidth="535" leftMargin="20" rightMargin="20" topMargin="20" bottomMargin="20">
	<parameter name="NOM_MORCEAU" class="java.lang.String"/>
	<parameter name="NUM_SSCC" class="java.lang.String"/>
	<parameter name="NUM_ARTICLE" class="java.lang.Integer"/>
	<parameter name="NUM_LOT" class="java.lang.String"/>
	
	<title>
		<band height="802" splitType="Prevent">
			<staticText>
				<reportElement x="0" y="0" width="555" height="20"/>
				<textElement textAlignment="Left" verticalAlignment="Middle">
					<font size="14" isBold="true"/>
				</textElement>
				<text><![CDATA[Boucherie Factice OpenAgro - 9 rue Alfred Kastler - 44300 Nantes]]></text>
			</staticText>
			<staticText>
				<reportElement x="0" y="179" width="142" height="18"/>
				<box rightPadding="0"/>
				<textElement textAlignment="Right">
					<font size="14"/>
				</textElement>
				<text><![CDATA[Date d'emballage :]]></text>
			</staticText>
			<textField>
				<reportElement mode="Opaque" x="0" y="83" width="555" height="20" forecolor="#FFFFFF" backcolor="#000000"/>
				<textElement textAlignment="Center" verticalAlignment="Middle">
					<font size="14" isBold="true"/>
				</textElement>
				<textFieldExpression class="java.lang.String"><![CDATA["Code Article : " + $P{NUM_ARTICLE}]]></textFieldExpression>
			</textField>
			<textField>
				<reportElement x="205" y="179" width="370" height="18"/>
				<textElement>
					<font size="14"/>
				</textElement>
				<textFieldExpression class="java.util.Date"><![CDATA[new Date()]]></textFieldExpression>
			</textField>
			<staticText>
				<reportElement x="0" y="197" width="142" height="18"/>
				<box rightPadding="0"/>
				<textElement textAlignment="Right">
					<font size="14"/>
				</textElement>
				<text><![CDATA[N째 Sanitel :]]></text>
			</staticText>
			<textField>
				<reportElement x="205" y="197" width="370" height="18"/>
				<textElement>
					<font size="14"/>
				</textElement>
				<textFieldExpression class="java.lang.String"><![CDATA[$P{NUM_LOT}]]></textFieldExpression>
			</textField>
			<textField>
				<reportElement x="0" y="63" width="555" height="20"/>
				<textElement textAlignment="Center">
					<font size="14" isBold="true"/>
				</textElement>
				<textFieldExpression class="java.lang.String"><![CDATA[$P{NOM_MORCEAU}]]></textFieldExpression>
			</textField>
			<componentElement>
				<reportElement mode="Opaque" x="117" y="116" width="396" height="49"/>
				<jr:barbecue xmlns:jr="http://jasperreports.sourceforge.net/jasperreports/components" xsi:schemaLocation="http://jasperreports.sourceforge.net/jasperreports/components http://jasperreports.sourceforge.net/xsd/components.xsd" type="Code39 (Extended)" drawText="true" checksumRequired="false" evaluationTime="Report">
					<jr:codeExpression><![CDATA[$P{NUM_SSCC}]]></jr:codeExpression>
				</jr:barbecue>
			</componentElement>
			<image>
				<reportElement mode="Transparent" x="0" y="20" width="142" height="63"/>
				<imageExpression class="java.lang.String"><![CDATA[System.getProperty("user.dir")+"/ressources/openAgro5a_p.jpg"]]></imageExpression>
			</image>
			<image>
				<reportElement x="417" y="20" width="138" height="63"/>
				<imageExpression class="java.lang.String"><![CDATA[System.getProperty("user.dir")+"/ressources/logo_EVA.jpg"]]></imageExpression>
			</image>
		</band>
	</title>
</jasperReport>]]
MessageController: Passage by onMessage
MessageController: Subject = getListTemplateSupervision
MessageController: Message received : ServerRequest [attachement=null, fromUrl=DAS_CLIENT, sendUrl=DAS_SERVER, title=getListTemplateSupervision, sendedDate=Wed May 14 18:29:54 CEST 2014, previousRequest=null]
MessageController: TITLE ====>getListTemplateSupervision
DASConnexion:  ===== GETLTS
DASConnexion:  ===== : []
MessageController: Passage by onMessage
MessageController: Subject = getListEan128
MessageController: Message received : ServerRequest [attachement=null, fromUrl=DAS_CLIENT, sendUrl=DAS_SERVER, title=getListEan128, sendedDate=Wed May 14 18:29:54 CEST 2014, previousRequest=null]
MessageController: TITLE ====>getListEan128
MessageController: Passage by onMessage
MessageController: Subject = getFctConfigsWithWsId
MessageController: Message received : ServerRequest [attachement=5, fromUrl=DAS_CLIENT, sendUrl=DAS_SERVER, title=getFctConfigsWithWsId, sendedDate=Wed May 14 18:29:54 CEST 2014, previousRequest=null]
MessageController: TITLE ====>getFctConfigsWithWsId
MessageController: Passage by onMessage
MessageController: Subject = getSubjectList
MessageController: Message received : ServerRequest [attachement=null, fromUrl=TALEND_DEMO, sendUrl=DAS_SERVER, title=getSubjectList, sendedDate=Wed May 14 18:30:13 CEST 2014, previousRequest=null]
MessageController: TITLE ====>getSubjectList
MessageController: Passage by onMessage
MessageController: Subject = getSubjectList
MessageController: Message received : ServerRequest [attachement=null, fromUrl=TALEND_DEMO, sendUrl=DAS_SERVER, title=getSubjectList, sendedDate=Wed May 14 18:30:15 CEST 2014, previousRequest=null]
MessageController: TITLE ====>getSubjectList
MessageController: Passage by onMessage
MessageController: Subject = getWsConfig_workstationID
MessageController: Message received : ServerRequest [attachement=5, fromUrl=DAS_CLIENT, sendUrl=DAS_SERVER, title=getWsConfig_workstationID, sendedDate=Wed May 14 18:30:22 CEST 2014, previousRequest=null]
MessageController: TITLE ====>getWsConfig_workstationID
MessageController: config : WsConfig [configMaterial=[]]
MessageController: Passage by onMessage
MessageController: Subject = getWorkstationWithId
MessageController: Message received : ServerRequest [attachement=5, fromUrl=DAS_CLIENT, sendUrl=DAS_SERVER, title=getWorkstationWithId, sendedDate=Wed May 14 18:30:22 CEST 2014, previousRequest=null]
MessageController: TITLE ====>getWorkstationWithId
MessageController: Passage by onMessage
MessageController: Subject = getFctConfigsWithWsId
MessageController: Message received : ServerRequest [attachement=5, fromUrl=DAS_CLIENT, sendUrl=DAS_SERVER, title=getFctConfigsWithWsId, sendedDate=Wed May 14 18:30:23 CEST 2014, previousRequest=null]
MessageController: TITLE ====>getFctConfigsWithWsId
MessageController: Passage by onMessage
MessageController: Subject = getGraphConfigsWithWsId
MessageController: Message received : ServerRequest [attachement=5, fromUrl=DAS_CLIENT, sendUrl=DAS_SERVER, title=getGraphConfigsWithWsId, sendedDate=Wed May 14 18:30:23 CEST 2014, previousRequest=null]
MessageController: TITLE ====>getGraphConfigsWithWsId
MessageController: Passage by onMessage
MessageController: Subject = getGraphConfigsWithWsId
MessageController: Message received : ServerRequest [attachement=5, fromUrl=DAS_CLIENT, sendUrl=DAS_SERVER, title=getGraphConfigsWithWsId, sendedDate=Wed May 14 18:30:23 CEST 2014, previousRequest=null]
MessageController: TITLE ====>getGraphConfigsWithWsId
MessageController: Passage by onMessage
MessageController: Subject = getListTemplateReport
MessageController: Message received : ServerRequest [attachement=null, fromUrl=DAS_CLIENT, sendUrl=DAS_SERVER, title=getListTemplateReport, sendedDate=Wed May 14 18:30:23 CEST 2014, previousRequest=null]
MessageController: TITLE ====>getListTemplateReport
DASConnexion:  ===== GETLTP
DASConnexion:  ===== : [DASDataModel [id=1, name=report5, template=<?xml version="1.0" encoding="UTF-8"?>
<jasperReport xmlns="http://jasperreports.sourceforge.net/jasperreports" xmlns:xsi="http://www.w3.org/2001/XMLSchema-instance" xsi:schemaLocation="http://jasperreports.sourceforge.net/jasperreports http://jasperreports.sourceforge.net/xsd/jasperreport.xsd" name="report name" pageWidth="595" pageHeight="842" columnWidth="535" leftMargin="20" rightMargin="20" topMargin="20" bottomMargin="20">
	<parameter name="NOM_MORCEAU" class="java.lang.String"/>
	<parameter name="NUM_SSCC" class="java.lang.String"/>
	<parameter name="NUM_ARTICLE" class="java.lang.Integer"/>
	<parameter name="NUM_LOT" class="java.lang.String"/>
	
	<title>
		<band height="802" splitType="Prevent">
			<staticText>
				<reportElement x="0" y="0" width="555" height="20"/>
				<textElement textAlignment="Left" verticalAlignment="Middle">
					<font size="14" isBold="true"/>
				</textElement>
				<text><![CDATA[Boucherie Factice OpenAgro - 9 rue Alfred Kastler - 44300 Nantes]]></text>
			</staticText>
			<staticText>
				<reportElement x="0" y="179" width="142" height="18"/>
				<box rightPadding="0"/>
				<textElement textAlignment="Right">
					<font size="14"/>
				</textElement>
				<text><![CDATA[Date d'emballage :]]></text>
			</staticText>
			<textField>
				<reportElement mode="Opaque" x="0" y="83" width="555" height="20" forecolor="#FFFFFF" backcolor="#000000"/>
				<textElement textAlignment="Center" verticalAlignment="Middle">
					<font size="14" isBold="true"/>
				</textElement>
				<textFieldExpression class="java.lang.String"><![CDATA["Code Article : " + $P{NUM_ARTICLE}]]></textFieldExpression>
			</textField>
			<textField>
				<reportElement x="205" y="179" width="370" height="18"/>
				<textElement>
					<font size="14"/>
				</textElement>
				<textFieldExpression class="java.util.Date"><![CDATA[new Date()]]></textFieldExpression>
			</textField>
			<staticText>
				<reportElement x="0" y="197" width="142" height="18"/>
				<box rightPadding="0"/>
				<textElement textAlignment="Right">
					<font size="14"/>
				</textElement>
				<text><![CDATA[N째 Sanitel :]]></text>
			</staticText>
			<textField>
				<reportElement x="205" y="197" width="370" height="18"/>
				<textElement>
					<font size="14"/>
				</textElement>
				<textFieldExpression class="java.lang.String"><![CDATA[$P{NUM_LOT}]]></textFieldExpression>
			</textField>
			<textField>
				<reportElement x="0" y="63" width="555" height="20"/>
				<textElement textAlignment="Center">
					<font size="14" isBold="true"/>
				</textElement>
				<textFieldExpression class="java.lang.String"><![CDATA[$P{NOM_MORCEAU}]]></textFieldExpression>
			</textField>
			<componentElement>
				<reportElement mode="Opaque" x="117" y="116" width="396" height="49"/>
				<jr:barbecue xmlns:jr="http://jasperreports.sourceforge.net/jasperreports/components" xsi:schemaLocation="http://jasperreports.sourceforge.net/jasperreports/components http://jasperreports.sourceforge.net/xsd/components.xsd" type="Code39 (Extended)" drawText="true" checksumRequired="false" evaluationTime="Report">
					<jr:codeExpression><![CDATA[$P{NUM_SSCC}]]></jr:codeExpression>
				</jr:barbecue>
			</componentElement>
			<image>
				<reportElement mode="Transparent" x="0" y="20" width="142" height="63"/>
				<imageExpression class="java.lang.String"><![CDATA[System.getProperty("user.dir")+"/ressources/openAgro5a_p.jpg"]]></imageExpression>
			</image>
			<image>
				<reportElement x="417" y="20" width="138" height="63"/>
				<imageExpression class="java.lang.String"><![CDATA[System.getProperty("user.dir")+"/ressources/logo_EVA.jpg"]]></imageExpression>
			</image>
		</band>
	</title>
</jasperReport>]]
MessageController: Passage by onMessage
MessageController: Subject = getListTemplateSupervision
MessageController: Message received : ServerRequest [attachement=null, fromUrl=DAS_CLIENT, sendUrl=DAS_SERVER, title=getListTemplateSupervision, sendedDate=Wed May 14 18:30:23 CEST 2014, previousRequest=null]
MessageController: TITLE ====>getListTemplateSupervision
DASConnexion:  ===== GETLTS
DASConnexion:  ===== : []
MessageController: Passage by onMessage
MessageController: Subject = getListEan128
MessageController: Message received : ServerRequest [attachement=null, fromUrl=DAS_CLIENT, sendUrl=DAS_SERVER, title=getListEan128, sendedDate=Wed May 14 18:30:23 CEST 2014, previousRequest=null]
MessageController: TITLE ====>getListEan128
MessageController: Passage by onMessage
MessageController: Subject = getFctConfigsWithWsId
MessageController: Message received : ServerRequest [attachement=5, fromUrl=DAS_CLIENT, sendUrl=DAS_SERVER, title=getFctConfigsWithWsId, sendedDate=Wed May 14 18:30:23 CEST 2014, previousRequest=null]
MessageController: TITLE ====>getFctConfigsWithWsId
MessageController: Passage by onMessage
MessageController: Subject = getDataModelWithId
MessageController: Message received : ServerRequest [attachement=etiquettes, fromUrl=DAS_CLIENT, sendUrl=DAS_SERVER, title=getDataModelWithId, sendedDate=Wed May 14 18:30:28 CEST 2014, previousRequest=null]
MessageController: TITLE ====>getDataModelWithId
MessageController: Passage by onMessage
MessageController: Subject = getGraphConfigsWithWsId
MessageController: Message received : ServerRequest [attachement=5, fromUrl=DAS_CLIENT, sendUrl=DAS_SERVER, title=getGraphConfigsWithWsId, sendedDate=Wed May 14 18:30:29 CEST 2014, previousRequest=null]
MessageController: TITLE ====>getGraphConfigsWithWsId
MessageController: Passage by onMessage
MessageController: Subject = getListTemplateReport
MessageController: Message received : ServerRequest [attachement=null, fromUrl=DAS_CLIENT, sendUrl=DAS_SERVER, title=getListTemplateReport, sendedDate=Wed May 14 18:30:31 CEST 2014, previousRequest=null]
MessageController: TITLE ====>getListTemplateReport
DASConnexion:  ===== GETLTP
DASConnexion:  ===== : [DASDataModel [id=1, name=report5, template=<?xml version="1.0" encoding="UTF-8"?>
<jasperReport xmlns="http://jasperreports.sourceforge.net/jasperreports" xmlns:xsi="http://www.w3.org/2001/XMLSchema-instance" xsi:schemaLocation="http://jasperreports.sourceforge.net/jasperreports http://jasperreports.sourceforge.net/xsd/jasperreport.xsd" name="report name" pageWidth="595" pageHeight="842" columnWidth="535" leftMargin="20" rightMargin="20" topMargin="20" bottomMargin="20">
	<parameter name="NOM_MORCEAU" class="java.lang.String"/>
	<parameter name="NUM_SSCC" class="java.lang.String"/>
	<parameter name="NUM_ARTICLE" class="java.lang.Integer"/>
	<parameter name="NUM_LOT" class="java.lang.String"/>
	
	<title>
		<band height="802" splitType="Prevent">
			<staticText>
				<reportElement x="0" y="0" width="555" height="20"/>
				<textElement textAlignment="Left" verticalAlignment="Middle">
					<font size="14" isBold="true"/>
				</textElement>
				<text><![CDATA[Boucherie Factice OpenAgro - 9 rue Alfred Kastler - 44300 Nantes]]></text>
			</staticText>
			<staticText>
				<reportElement x="0" y="179" width="142" height="18"/>
				<box rightPadding="0"/>
				<textElement textAlignment="Right">
					<font size="14"/>
				</textElement>
				<text><![CDATA[Date d'emballage :]]></text>
			</staticText>
			<textField>
				<reportElement mode="Opaque" x="0" y="83" width="555" height="20" forecolor="#FFFFFF" backcolor="#000000"/>
				<textElement textAlignment="Center" verticalAlignment="Middle">
					<font size="14" isBold="true"/>
				</textElement>
				<textFieldExpression class="java.lang.String"><![CDATA["Code Article : " + $P{NUM_ARTICLE}]]></textFieldExpression>
			</textField>
			<textField>
				<reportElement x="205" y="179" width="370" height="18"/>
				<textElement>
					<font size="14"/>
				</textElement>
				<textFieldExpression class="java.util.Date"><![CDATA[new Date()]]></textFieldExpression>
			</textField>
			<staticText>
				<reportElement x="0" y="197" width="142" height="18"/>
				<box rightPadding="0"/>
				<textElement textAlignment="Right">
					<font size="14"/>
				</textElement>
				<text><![CDATA[N째 Sanitel :]]></text>
			</staticText>
			<textField>
				<reportElement x="205" y="197" width="370" height="18"/>
				<textElement>
					<font size="14"/>
				</textElement>
				<textFieldExpression class="java.lang.String"><![CDATA[$P{NUM_LOT}]]></textFieldExpression>
			</textField>
			<textField>
				<reportElement x="0" y="63" width="555" height="20"/>
				<textElement textAlignment="Center">
					<font size="14" isBold="true"/>
				</textElement>
				<textFieldExpression class="java.lang.String"><![CDATA[$P{NOM_MORCEAU}]]></textFieldExpression>
			</textField>
			<componentElement>
				<reportElement mode="Opaque" x="117" y="116" width="396" height="49"/>
				<jr:barbecue xmlns:jr="http://jasperreports.sourceforge.net/jasperreports/components" xsi:schemaLocation="http://jasperreports.sourceforge.net/jasperreports/components http://jasperreports.sourceforge.net/xsd/components.xsd" type="Code39 (Extended)" drawText="true" checksumRequired="false" evaluationTime="Report">
					<jr:codeExpression><![CDATA[$P{NUM_SSCC}]]></jr:codeExpression>
				</jr:barbecue>
			</componentElement>
			<image>
				<reportElement mode="Transparent" x="0" y="20" width="142" height="63"/>
				<imageExpression class="java.lang.String"><![CDATA[System.getProperty("user.dir")+"/ressources/openAgro5a_p.jpg"]]></imageExpression>
			</image>
			<image>
				<reportElement x="417" y="20" width="138" height="63"/>
				<imageExpression class="java.lang.String"><![CDATA[System.getProperty("user.dir")+"/ressources/logo_EVA.jpg"]]></imageExpression>
			</image>
		</band>
	</title>
</jasperReport>]]
MessageController: Passage by onMessage
MessageController: Subject = getListTemplateSupervision
MessageController: Message received : ServerRequest [attachement=null, fromUrl=DAS_CLIENT, sendUrl=DAS_SERVER, title=getListTemplateSupervision, sendedDate=Wed May 14 18:30:31 CEST 2014, previousRequest=null]
MessageController: TITLE ====>getListTemplateSupervision
DASConnexion:  ===== GETLTS
DASConnexion:  ===== : []
MessageController: Passage by onMessage
MessageController: Subject = getListEan128
MessageController: Message received : ServerRequest [attachement=null, fromUrl=DAS_CLIENT, sendUrl=DAS_SERVER, title=getListEan128, sendedDate=Wed May 14 18:30:31 CEST 2014, previousRequest=null]
MessageController: TITLE ====>getListEan128
MessageController: Passage by onMessage
MessageController: Subject = getFctConfigsWithWsId
MessageController: Message received : ServerRequest [attachement=5, fromUrl=DAS_CLIENT, sendUrl=DAS_SERVER, title=getFctConfigsWithWsId, sendedDate=Wed May 14 18:30:31 CEST 2014, previousRequest=null]
MessageController: TITLE ====>getFctConfigsWithWsId
MessageController: Passage by onMessage
MessageController: Subject = getDataModelWithId
MessageController: Message received : ServerRequest [attachement=etiquettes, fromUrl=DAS_CLIENT, sendUrl=DAS_SERVER, title=getDataModelWithId, sendedDate=Wed May 14 18:30:34 CEST 2014, previousRequest=null]
MessageController: TITLE ====>getDataModelWithId
MessageController: Passage by onMessage
MessageController: Subject = getGraphConfigsWithWsId
MessageController: Message received : ServerRequest [attachement=5, fromUrl=DAS_CLIENT, sendUrl=DAS_SERVER, title=getGraphConfigsWithWsId, sendedDate=Wed May 14 18:30:34 CEST 2014, previousRequest=null]
MessageController: TITLE ====>getGraphConfigsWithWsId
MessageController: Passage by onMessage
MessageController: Subject = getListTemplateReport
MessageController: Message received : ServerRequest [attachement=null, fromUrl=DAS_CLIENT, sendUrl=DAS_SERVER, title=getListTemplateReport, sendedDate=Wed May 14 18:31:23 CEST 2014, previousRequest=null]
MessageController: TITLE ====>getListTemplateReport
DASConnexion:  ===== GETLTP
DASConnexion:  ===== : [DASDataModel [id=1, name=report5, template=<?xml version="1.0" encoding="UTF-8"?>
<jasperReport xmlns="http://jasperreports.sourceforge.net/jasperreports" xmlns:xsi="http://www.w3.org/2001/XMLSchema-instance" xsi:schemaLocation="http://jasperreports.sourceforge.net/jasperreports http://jasperreports.sourceforge.net/xsd/jasperreport.xsd" name="report name" pageWidth="595" pageHeight="842" columnWidth="535" leftMargin="20" rightMargin="20" topMargin="20" bottomMargin="20">
	<parameter name="NOM_MORCEAU" class="java.lang.String"/>
	<parameter name="NUM_SSCC" class="java.lang.String"/>
	<parameter name="NUM_ARTICLE" class="java.lang.Integer"/>
	<parameter name="NUM_LOT" class="java.lang.String"/>
	
	<title>
		<band height="802" splitType="Prevent">
			<staticText>
				<reportElement x="0" y="0" width="555" height="20"/>
				<textElement textAlignment="Left" verticalAlignment="Middle">
					<font size="14" isBold="true"/>
				</textElement>
				<text><![CDATA[Boucherie Factice OpenAgro - 9 rue Alfred Kastler - 44300 Nantes]]></text>
			</staticText>
			<staticText>
				<reportElement x="0" y="179" width="142" height="18"/>
				<box rightPadding="0"/>
				<textElement textAlignment="Right">
					<font size="14"/>
				</textElement>
				<text><![CDATA[Date d'emballage :]]></text>
			</staticText>
			<textField>
				<reportElement mode="Opaque" x="0" y="83" width="555" height="20" forecolor="#FFFFFF" backcolor="#000000"/>
				<textElement textAlignment="Center" verticalAlignment="Middle">
					<font size="14" isBold="true"/>
				</textElement>
				<textFieldExpression class="java.lang.String"><![CDATA["Code Article : " + $P{NUM_ARTICLE}]]></textFieldExpression>
			</textField>
			<textField>
				<reportElement x="205" y="179" width="370" height="18"/>
				<textElement>
					<font size="14"/>
				</textElement>
				<textFieldExpression class="java.util.Date"><![CDATA[new Date()]]></textFieldExpression>
			</textField>
			<staticText>
				<reportElement x="0" y="197" width="142" height="18"/>
				<box rightPadding="0"/>
				<textElement textAlignment="Right">
					<font size="14"/>
				</textElement>
				<text><![CDATA[N째 Sanitel :]]></text>
			</staticText>
			<textField>
				<reportElement x="205" y="197" width="370" height="18"/>
				<textElement>
					<font size="14"/>
				</textElement>
				<textFieldExpression class="java.lang.String"><![CDATA[$P{NUM_LOT}]]></textFieldExpression>
			</textField>
			<textField>
				<reportElement x="0" y="63" width="555" height="20"/>
				<textElement textAlignment="Center">
					<font size="14" isBold="true"/>
				</textElement>
				<textFieldExpression class="java.lang.String"><![CDATA[$P{NOM_MORCEAU}]]></textFieldExpression>
			</textField>
			<componentElement>
				<reportElement mode="Opaque" x="117" y="116" width="396" height="49"/>
				<jr:barbecue xmlns:jr="http://jasperreports.sourceforge.net/jasperreports/components" xsi:schemaLocation="http://jasperreports.sourceforge.net/jasperreports/components http://jasperreports.sourceforge.net/xsd/components.xsd" type="Code39 (Extended)" drawText="true" checksumRequired="false" evaluationTime="Report">
					<jr:codeExpression><![CDATA[$P{NUM_SSCC}]]></jr:codeExpression>
				</jr:barbecue>
			</componentElement>
			<image>
				<reportElement mode="Transparent" x="0" y="20" width="142" height="63"/>
				<imageExpression class="java.lang.String"><![CDATA[System.getProperty("user.dir")+"/ressources/openAgro5a_p.jpg"]]></imageExpression>
			</image>
			<image>
				<reportElement x="417" y="20" width="138" height="63"/>
				<imageExpression class="java.lang.String"><![CDATA[System.getProperty("user.dir")+"/ressources/logo_EVA.jpg"]]></imageExpression>
			</image>
		</band>
	</title>
</jasperReport>]]
MessageController: Passage by onMessage
MessageController: Subject = getListTemplateSupervision
MessageController: Message received : ServerRequest [attachement=null, fromUrl=DAS_CLIENT, sendUrl=DAS_SERVER, title=getListTemplateSupervision, sendedDate=Wed May 14 18:31:23 CEST 2014, previousRequest=null]
MessageController: TITLE ====>getListTemplateSupervision
DASConnexion:  ===== GETLTS
DASConnexion:  ===== : []
MessageController: Passage by onMessage
MessageController: Subject = getListEan128
MessageController: Message received : ServerRequest [attachement=null, fromUrl=DAS_CLIENT, sendUrl=DAS_SERVER, title=getListEan128, sendedDate=Wed May 14 18:31:24 CEST 2014, previousRequest=null]
MessageController: TITLE ====>getListEan128
MessageController: Passage by onMessage
MessageController: Subject = getFctConfigsWithWsId
MessageController: Message received : ServerRequest [attachement=5, fromUrl=DAS_CLIENT, sendUrl=DAS_SERVER, title=getFctConfigsWithWsId, sendedDate=Wed May 14 18:31:24 CEST 2014, previousRequest=null]
MessageController: TITLE ====>getFctConfigsWithWsId
MessageController: Passage by onMessage
MessageController: Subject = getDataModelWithId
MessageController: Message received : ServerRequest [attachement=etiquettes, fromUrl=DAS_CLIENT, sendUrl=DAS_SERVER, title=getDataModelWithId, sendedDate=Thu May 15 09:49:45 CEST 2014, previousRequest=null]
MessageController: TITLE ====>getDataModelWithId
MessageController: Passage by onMessage
MessageController: Subject = getGraphConfigsWithWsId
MessageController: Message received : ServerRequest [attachement=5, fromUrl=DAS_CLIENT, sendUrl=DAS_SERVER, title=getGraphConfigsWithWsId, sendedDate=Thu May 15 09:49:45 CEST 2014, previousRequest=null]
MessageController: TITLE ====>getGraphConfigsWithWsId
